2025-07-27 10:41:50 [background-preinit] INFO  o.h.validator.internal.util.Version - HV000001: Hibernate Validator 8.0.2.Final
2025-07-27 10:41:51 [main] INFO  c.m.demo.config.server.ConfigServer - Starting ConfigServer using Java 17.0.12 with PID 12828 (D:\Projects\JavaProjects\cloud_ex\microsorvices-demo\config-server\target\classes started by Admin in D:\Projects\JavaProjects\cloud_ex\microsorvices-demo)
2025-07-27 10:41:51 [main] INFO  c.m.demo.config.server.ConfigServer - No active profile set, falling back to 1 default profile: "default"
2025-07-27 10:41:54 [main] INFO  o.s.cloud.context.scope.GenericScope - BeanFactory id=20c033ca-04da-38fa-afd9-f1954dbc9633
2025-07-27 10:41:57 [main] INFO  o.s.b.w.e.tomcat.TomcatWebServer - Tomcat initialized with port 8888 (http)
2025-07-27 10:41:57 [main] INFO  o.a.coyote.http11.Http11NioProtocol - Initializing ProtocolHandler ["http-nio-8888"]
2025-07-27 10:41:57 [main] INFO  o.a.catalina.core.StandardService - Starting service [Tomcat]
2025-07-27 10:41:57 [main] INFO  o.a.catalina.core.StandardEngine - Starting Servlet engine: [Apache Tomcat/10.1.42]
2025-07-27 10:41:57 [main] INFO  o.a.c.c.C.[Tomcat].[localhost].[/] - Initializing Spring embedded WebApplicationContext
2025-07-27 10:41:57 [main] INFO  o.s.b.w.s.c.ServletWebServerApplicationContext - Root WebApplicationContext: initialization completed in 6347 ms
2025-07-27 10:42:00 [main] INFO  o.s.cloud.commons.util.InetUtils - Cannot determine local hostname
2025-07-27 10:42:01 [main] INFO  o.a.coyote.http11.Http11NioProtocol - Starting ProtocolHandler ["http-nio-8888"]
2025-07-27 10:42:01 [main] INFO  o.s.b.w.e.tomcat.TomcatWebServer - Tomcat started on port 8888 (http) with context path '/'
2025-07-27 10:42:02 [main] INFO  o.s.cloud.commons.util.InetUtils - Cannot determine local hostname
2025-07-27 10:42:02 [main] INFO  c.m.demo.config.server.ConfigServer - Started ConfigServer in 14.615 seconds (process running for 18.452)
2025-07-27 11:35:48 [http-nio-8888-exec-1] INFO  o.a.c.c.C.[Tomcat].[localhost].[/] - Initializing Spring DispatcherServlet 'dispatcherServlet'
2025-07-27 11:35:48 [http-nio-8888-exec-1] INFO  o.s.web.servlet.DispatcherServlet - Initializing Servlet 'dispatcherServlet'
2025-07-27 11:35:48 [http-nio-8888-exec-1] INFO  o.s.web.servlet.DispatcherServlet - Completed initialization in 28 ms
2025-07-27 11:35:49 [http-nio-8888-exec-1] DEBUG o.s.c.c.s.s.GitCredentialsProviderFactory - No credentials provider required for URI file:///D:\Projects\JavaProjects\cloud_ex\microsorvices-demo\config-server-repository
2025-07-27 11:35:49 [http-nio-8888-exec-1] WARN  o.s.c.c.s.e.HttpClientConfigurableHttpConnectionFactory - No custom http config found for URL: https://github.com/rourory/spring-cloud-repo.git/info/refs?service=git-upload-pack
2025-07-27 11:35:50 [http-nio-8888-exec-1] WARN  o.s.c.c.s.e.HttpClientConfigurableHttpConnectionFactory - No custom http config found for URL: https://github.com/rourory/spring-cloud-repo.git/git-upload-pack
2025-07-27 11:35:50 [http-nio-8888-exec-2] DEBUG o.s.c.c.s.s.GitCredentialsProviderFactory - No credentials provider required for URI file:///D:\Projects\JavaProjects\cloud_ex\microsorvices-demo\config-server-repository
2025-07-27 11:35:50 [http-nio-8888-exec-2] WARN  o.s.c.c.s.e.HttpClientConfigurableHttpConnectionFactory - No custom http config found for URL: https://github.com/rourory/spring-cloud-repo.git/info/refs?service=git-upload-pack
2025-07-27 11:35:50 [http-nio-8888-exec-2] WARN  o.s.c.c.s.e.HttpClientConfigurableHttpConnectionFactory - No custom http config found for URL: https://github.com/rourory/spring-cloud-repo.git/git-upload-pack
2025-07-27 11:35:51 [http-nio-8888-exec-2] INFO  o.s.c.c.s.e.NativeEnvironmentRepository - Adding property source: Config resource 'file [D:\Projects\JavaProjects\cloud_ex\microsorvices-demo\config-server-repository\mastodon-to-kafka-service-dev.yaml]' via location 'file:/D:/Projects/JavaProjects/cloud_ex/microsorvices-demo/config-server-repository/'
2025-07-27 11:45:59 [SpringApplicationShutdownHook] INFO  o.s.b.w.e.tomcat.GracefulShutdown - Commencing graceful shutdown. Waiting for active requests to complete
2025-07-27 11:45:59 [tomcat-shutdown] INFO  o.s.b.w.e.tomcat.GracefulShutdown - Graceful shutdown complete
2025-07-27 11:49:53 [background-preinit] INFO  o.h.validator.internal.util.Version - HV000001: Hibernate Validator 8.0.2.Final
2025-07-27 11:49:53 [main] INFO  c.m.demo.config.server.ConfigServer - Starting ConfigServer using Java 17.0.12 with PID 3884 (D:\Projects\JavaProjects\cloud_ex\microsorvices-demo\config-server\target\classes started by Admin in D:\Projects\JavaProjects\cloud_ex\microsorvices-demo)
2025-07-27 11:49:53 [main] INFO  c.m.demo.config.server.ConfigServer - No active profile set, falling back to 1 default profile: "default"
2025-07-27 11:49:55 [main] INFO  o.s.cloud.context.scope.GenericScope - BeanFactory id=20c033ca-04da-38fa-afd9-f1954dbc9633
2025-07-27 11:49:56 [main] INFO  o.s.b.w.e.tomcat.TomcatWebServer - Tomcat initialized with port 8888 (http)
2025-07-27 11:49:56 [main] INFO  o.a.coyote.http11.Http11NioProtocol - Initializing ProtocolHandler ["http-nio-8888"]
2025-07-27 11:49:56 [main] INFO  o.a.catalina.core.StandardService - Starting service [Tomcat]
2025-07-27 11:49:56 [main] INFO  o.a.catalina.core.StandardEngine - Starting Servlet engine: [Apache Tomcat/10.1.42]
2025-07-27 11:49:56 [main] INFO  o.a.c.c.C.[Tomcat].[localhost].[/] - Initializing Spring embedded WebApplicationContext
2025-07-27 11:49:56 [main] INFO  o.s.b.w.s.c.ServletWebServerApplicationContext - Root WebApplicationContext: initialization completed in 2789 ms
2025-07-27 11:49:59 [main] INFO  o.s.cloud.commons.util.InetUtils - Cannot determine local hostname
2025-07-27 11:49:59 [main] INFO  o.a.coyote.http11.Http11NioProtocol - Starting ProtocolHandler ["http-nio-8888"]
2025-07-27 11:49:59 [main] INFO  o.s.b.w.e.tomcat.TomcatWebServer - Tomcat started on port 8888 (http) with context path '/'
2025-07-27 11:50:00 [main] INFO  o.s.cloud.commons.util.InetUtils - Cannot determine local hostname
2025-07-27 11:50:00 [main] INFO  c.m.demo.config.server.ConfigServer - Started ConfigServer in 9.218 seconds (process running for 11.35)
2025-07-27 11:50:42 [http-nio-8888-exec-1] INFO  o.a.c.c.C.[Tomcat].[localhost].[/] - Initializing Spring DispatcherServlet 'dispatcherServlet'
2025-07-27 11:50:42 [http-nio-8888-exec-1] INFO  o.s.web.servlet.DispatcherServlet - Initializing Servlet 'dispatcherServlet'
2025-07-27 11:50:42 [http-nio-8888-exec-1] INFO  o.s.web.servlet.DispatcherServlet - Completed initialization in 1 ms
2025-07-27 11:50:43 [http-nio-8888-exec-1] DEBUG o.s.c.c.s.s.GitCredentialsProviderFactory - No credentials provider required for URI file:///D:\Projects\JavaProjects\cloud_ex\microsorvices-demo\config-server-repository
2025-07-27 11:50:43 [http-nio-8888-exec-1] WARN  o.s.c.c.s.e.HttpClientConfigurableHttpConnectionFactory - No custom http config found for URL: https://github.com/rourory/spring-cloud-repo.git/info/refs?service=git-upload-pack
2025-07-27 11:50:44 [http-nio-8888-exec-1] WARN  o.s.c.c.s.e.HttpClientConfigurableHttpConnectionFactory - No custom http config found for URL: https://github.com/rourory/spring-cloud-repo.git/git-upload-pack
2025-07-27 11:50:44 [http-nio-8888-exec-2] DEBUG o.s.c.c.s.s.GitCredentialsProviderFactory - No credentials provider required for URI file:///D:\Projects\JavaProjects\cloud_ex\microsorvices-demo\config-server-repository
2025-07-27 11:50:44 [http-nio-8888-exec-2] WARN  o.s.c.c.s.e.HttpClientConfigurableHttpConnectionFactory - No custom http config found for URL: https://github.com/rourory/spring-cloud-repo.git/info/refs?service=git-upload-pack
2025-07-27 11:50:45 [http-nio-8888-exec-2] WARN  o.s.c.c.s.e.HttpClientConfigurableHttpConnectionFactory - No custom http config found for URL: https://github.com/rourory/spring-cloud-repo.git/git-upload-pack
2025-07-27 11:50:45 [http-nio-8888-exec-2] INFO  o.s.c.c.s.e.NativeEnvironmentRepository - Adding property source: Config resource 'file [D:\Projects\JavaProjects\cloud_ex\microsorvices-demo\config-server-repository\mastodon-to-kafka-service-dev.yaml]' via location 'file:/D:/Projects/JavaProjects/cloud_ex/microsorvices-demo/config-server-repository/'
2025-07-27 11:52:04 [http-nio-8888-exec-4] DEBUG o.s.c.c.s.s.GitCredentialsProviderFactory - No credentials provider required for URI file:///D:\Projects\JavaProjects\cloud_ex\microsorvices-demo\config-server-repository
2025-07-27 11:52:04 [http-nio-8888-exec-4] WARN  o.s.c.c.s.e.HttpClientConfigurableHttpConnectionFactory - No custom http config found for URL: https://github.com/rourory/spring-cloud-repo.git/info/refs?service=git-upload-pack
2025-07-27 11:52:04 [http-nio-8888-exec-4] WARN  o.s.c.c.s.e.HttpClientConfigurableHttpConnectionFactory - No custom http config found for URL: https://github.com/rourory/spring-cloud-repo.git/git-upload-pack
2025-07-27 11:52:04 [http-nio-8888-exec-5] DEBUG o.s.c.c.s.s.GitCredentialsProviderFactory - No credentials provider required for URI file:///D:\Projects\JavaProjects\cloud_ex\microsorvices-demo\config-server-repository
2025-07-27 11:52:04 [http-nio-8888-exec-5] WARN  o.s.c.c.s.e.HttpClientConfigurableHttpConnectionFactory - No custom http config found for URL: https://github.com/rourory/spring-cloud-repo.git/info/refs?service=git-upload-pack
2025-07-27 11:52:05 [http-nio-8888-exec-5] WARN  o.s.c.c.s.e.HttpClientConfigurableHttpConnectionFactory - No custom http config found for URL: https://github.com/rourory/spring-cloud-repo.git/git-upload-pack
2025-07-27 11:52:05 [http-nio-8888-exec-5] INFO  o.s.c.c.s.e.NativeEnvironmentRepository - Adding property source: Config resource 'file [D:\Projects\JavaProjects\cloud_ex\microsorvices-demo\config-server-repository\mastodon-to-kafka-service-dev.yaml]' via location 'file:/D:/Projects/JavaProjects/cloud_ex/microsorvices-demo/config-server-repository/'
2025-07-27 12:00:30 [http-nio-8888-exec-7] DEBUG o.s.c.c.s.s.GitCredentialsProviderFactory - No credentials provider required for URI file:///D:\Projects\JavaProjects\cloud_ex\microsorvices-demo\config-server-repository
2025-07-27 12:00:30 [http-nio-8888-exec-7] WARN  o.s.c.c.s.e.HttpClientConfigurableHttpConnectionFactory - No custom http config found for URL: https://github.com/rourory/spring-cloud-repo.git/info/refs?service=git-upload-pack
2025-07-27 12:00:30 [http-nio-8888-exec-7] WARN  o.s.c.c.s.e.HttpClientConfigurableHttpConnectionFactory - No custom http config found for URL: https://github.com/rourory/spring-cloud-repo.git/git-upload-pack
2025-07-27 12:00:30 [http-nio-8888-exec-8] DEBUG o.s.c.c.s.s.GitCredentialsProviderFactory - No credentials provider required for URI file:///D:\Projects\JavaProjects\cloud_ex\microsorvices-demo\config-server-repository
2025-07-27 12:00:30 [http-nio-8888-exec-8] WARN  o.s.c.c.s.e.HttpClientConfigurableHttpConnectionFactory - No custom http config found for URL: https://github.com/rourory/spring-cloud-repo.git/info/refs?service=git-upload-pack
2025-07-27 12:00:31 [http-nio-8888-exec-8] WARN  o.s.c.c.s.e.HttpClientConfigurableHttpConnectionFactory - No custom http config found for URL: https://github.com/rourory/spring-cloud-repo.git/git-upload-pack
2025-07-27 12:00:31 [http-nio-8888-exec-8] INFO  o.s.c.c.s.e.NativeEnvironmentRepository - Adding property source: Config resource 'file [D:\Projects\JavaProjects\cloud_ex\microsorvices-demo\config-server-repository\mastodon-to-kafka-service-dev.yaml]' via location 'file:/D:/Projects/JavaProjects/cloud_ex/microsorvices-demo/config-server-repository/'
2025-07-27 12:01:08 [SpringApplicationShutdownHook] INFO  o.s.b.w.e.tomcat.GracefulShutdown - Commencing graceful shutdown. Waiting for active requests to complete
2025-07-27 12:01:08 [tomcat-shutdown] INFO  o.s.b.w.e.tomcat.GracefulShutdown - Graceful shutdown complete
