2025-08-05 10:51:27 [background-preinit] INFO  o.h.validator.internal.util.Version - HV000001: Hibernate Validator 8.0.2.Final
2025-08-05 10:51:27 [main] INFO  c.m.d.e.q.s.ElasticQueryServiceApplication - Starting ElasticQueryServiceApplication using Java 17.0.12 with PID 5716 (D:\Projects\JavaProjects\cloud_ex\microsorvices-demo\elastic-query-service\target\classes started by Admin in D:\Projects\JavaProjects\cloud_ex\microsorvices-demo)
2025-08-05 10:51:27 [main] INFO  c.m.d.e.q.s.ElasticQueryServiceApplication - The following 1 profile is active: "dev"
2025-08-05 10:51:27 [main] INFO  o.s.c.c.c.ConfigServerConfigDataLoader - Fetching config from server at : http://localhost:8886
2025-08-05 10:51:27 [main] INFO  o.s.c.c.c.ConfigServerConfigDataLoader - Located environment: name=elastic-query-service, profiles=[dev], label=null, version=8a5c51af4462312e590cc508249c45b9e32565b9, state=
2025-08-05 10:51:28 [main] INFO  o.s.d.r.c.RepositoryConfigurationDelegate - Bootstrapping Spring Data Elasticsearch repositories in DEFAULT mode.
2025-08-05 10:51:28 [main] INFO  o.s.d.r.c.RepositoryConfigurationDelegate - Finished Spring Data repository scanning in 158 ms. Found 1 Elasticsearch repository interface.
2025-08-05 10:51:29 [main] INFO  o.s.cloud.context.scope.GenericScope - BeanFactory id=031e1e5a-478a-3cc3-a041-1e3f7ceab2be
2025-08-05 10:51:31 [main] INFO  o.s.b.w.e.tomcat.TomcatWebServer - Tomcat initialized with port 8183 (http)
2025-08-05 10:51:31 [main] INFO  o.a.coyote.http11.Http11NioProtocol - Initializing ProtocolHandler ["http-nio-8183"]
2025-08-05 10:51:31 [main] INFO  o.a.catalina.core.StandardService - Starting service [Tomcat]
2025-08-05 10:51:31 [main] INFO  o.a.catalina.core.StandardEngine - Starting Servlet engine: [Apache Tomcat/10.1.42]
2025-08-05 10:51:32 [main] INFO  o.a.c.c.C.[Tomcat].[localhost].[/] - Initializing Spring embedded WebApplicationContext
2025-08-05 10:51:32 [main] INFO  o.s.b.w.s.c.ServletWebServerApplicationContext - Root WebApplicationContext: initialization completed in 4628 ms
2025-08-05 10:51:35 [main] INFO  c.m.demo.config.KafkaConfigData - Kafka config data has initialized with next properties: bootstrapServers: localhost:19092, localhost:29092, localhost:39092
schemaRegistryUrlKey: schema.registry.url
schemaRegistryUrl: http://localhost:8081
topicName : mastodon-topic
topicNamesToCreate : [mastodon-topic]
numberOfPartitions : 3
replicationFactor : 3
2025-08-05 10:51:35 [main] INFO  c.m.d.config.KafkaProducerConfigData - Kafka config data has initialized with next properties: keySerializerClass: null
valueSerializerClass: null
compressionType: null
acks : null
batchSize : null
batchSizeBoostFactor : null
lingerMs : null
requestTimeoutMs : null
retryCount : null
2025-08-05 10:51:35 [main] WARN  o.s.b.a.s.s.UserDetailsServiceAutoConfiguration - 

Using generated security password: 6e30543a-0b02-4a4c-93b9-395f7356f3f5

This generated password is for development use only. Your security configuration must be updated before running your application in production.

2025-08-05 10:51:35 [main] INFO  o.s.s.c.a.a.c.InitializeUserDetailsBeanManagerConfigurer$InitializeUserDetailsManagerConfigurer - Global AuthenticationManager configured with UserDetailsService bean with name inMemoryUserDetailsManager
2025-08-05 10:51:37 [main] INFO  o.s.cloud.commons.util.InetUtils - Cannot determine local hostname
2025-08-05 10:51:37 [main] INFO  o.a.coyote.http11.Http11NioProtocol - Starting ProtocolHandler ["http-nio-8183"]
2025-08-05 10:51:37 [main] INFO  o.s.b.w.e.tomcat.TomcatWebServer - Tomcat started on port 8183 (http) with context path '/'
2025-08-05 10:51:38 [main] INFO  o.s.cloud.commons.util.InetUtils - Cannot determine local hostname
2025-08-05 10:51:38 [main] INFO  c.m.d.e.q.s.ElasticQueryServiceApplication - Started ElasticQueryServiceApplication in 16.232 seconds (process running for 23.035)
2025-08-05 10:52:21 [http-nio-8183-exec-2] INFO  o.a.c.c.C.[Tomcat].[localhost].[/] - Initializing Spring DispatcherServlet 'dispatcherServlet'
2025-08-05 10:52:21 [http-nio-8183-exec-2] INFO  o.s.web.servlet.DispatcherServlet - Initializing Servlet 'dispatcherServlet'
2025-08-05 10:52:21 [http-nio-8183-exec-2] INFO  o.s.web.servlet.DispatcherServlet - Completed initialization in 2 ms
2025-08-05 10:52:50 [SpringApplicationShutdownHook] INFO  o.s.b.w.e.tomcat.GracefulShutdown - Commencing graceful shutdown. Waiting for active requests to complete
2025-08-05 10:52:51 [tomcat-shutdown] INFO  o.s.b.w.e.tomcat.GracefulShutdown - Graceful shutdown complete
2025-08-05 10:53:06 [background-preinit] INFO  o.h.validator.internal.util.Version - HV000001: Hibernate Validator 8.0.2.Final
2025-08-05 10:53:06 [main] INFO  c.m.d.e.q.s.ElasticQueryServiceApplication - Starting ElasticQueryServiceApplication using Java 17.0.12 with PID 3744 (D:\Projects\JavaProjects\cloud_ex\microsorvices-demo\elastic-query-service\target\classes started by Admin in D:\Projects\JavaProjects\cloud_ex\microsorvices-demo)
2025-08-05 10:53:06 [main] INFO  c.m.d.e.q.s.ElasticQueryServiceApplication - The following 1 profile is active: "dev"
2025-08-05 10:53:06 [main] INFO  o.s.c.c.c.ConfigServerConfigDataLoader - Fetching config from server at : http://localhost:8886
2025-08-05 10:53:06 [main] INFO  o.s.c.c.c.ConfigServerConfigDataLoader - Located environment: name=elastic-query-service, profiles=[dev], label=null, version=8a5c51af4462312e590cc508249c45b9e32565b9, state=
2025-08-05 10:53:08 [main] INFO  o.s.d.r.c.RepositoryConfigurationDelegate - Bootstrapping Spring Data Elasticsearch repositories in DEFAULT mode.
2025-08-05 10:53:08 [main] INFO  o.s.d.r.c.RepositoryConfigurationDelegate - Finished Spring Data repository scanning in 78 ms. Found 1 Elasticsearch repository interface.
2025-08-05 10:53:09 [main] INFO  o.s.cloud.context.scope.GenericScope - BeanFactory id=031e1e5a-478a-3cc3-a041-1e3f7ceab2be
2025-08-05 10:53:10 [main] INFO  o.s.b.w.e.tomcat.TomcatWebServer - Tomcat initialized with port 8183 (http)
2025-08-05 10:53:10 [main] INFO  o.a.coyote.http11.Http11NioProtocol - Initializing ProtocolHandler ["http-nio-8183"]
2025-08-05 10:53:10 [main] INFO  o.a.catalina.core.StandardService - Starting service [Tomcat]
2025-08-05 10:53:10 [main] INFO  o.a.catalina.core.StandardEngine - Starting Servlet engine: [Apache Tomcat/10.1.42]
2025-08-05 10:53:10 [main] INFO  o.a.c.c.C.[Tomcat].[localhost].[/] - Initializing Spring embedded WebApplicationContext
2025-08-05 10:53:10 [main] INFO  o.s.b.w.s.c.ServletWebServerApplicationContext - Root WebApplicationContext: initialization completed in 3772 ms
2025-08-05 10:53:11 [main] INFO  c.m.demo.config.KafkaConfigData - Kafka config data has initialized with next properties: bootstrapServers: localhost:19092, localhost:29092, localhost:39092
schemaRegistryUrlKey: schema.registry.url
schemaRegistryUrl: http://localhost:8081
topicName : mastodon-topic
topicNamesToCreate : [mastodon-topic]
numberOfPartitions : 3
replicationFactor : 3
2025-08-05 10:53:11 [main] INFO  c.m.d.config.KafkaProducerConfigData - Kafka config data has initialized with next properties: keySerializerClass: null
valueSerializerClass: null
compressionType: null
acks : null
batchSize : null
batchSizeBoostFactor : null
lingerMs : null
requestTimeoutMs : null
retryCount : null
2025-08-05 10:53:12 [main] WARN  o.s.b.a.s.s.UserDetailsServiceAutoConfiguration - 

Using generated security password: eafba7bd-8cb2-4c8d-8622-bffaedd3a510

This generated password is for development use only. Your security configuration must be updated before running your application in production.

2025-08-05 10:53:12 [main] INFO  o.s.s.c.a.a.c.InitializeUserDetailsBeanManagerConfigurer$InitializeUserDetailsManagerConfigurer - Global AuthenticationManager configured with UserDetailsService bean with name inMemoryUserDetailsManager
2025-08-05 10:53:14 [main] INFO  o.s.cloud.commons.util.InetUtils - Cannot determine local hostname
2025-08-05 10:53:14 [main] INFO  o.a.coyote.http11.Http11NioProtocol - Starting ProtocolHandler ["http-nio-8183"]
2025-08-05 10:53:14 [main] INFO  o.s.b.w.e.tomcat.TomcatWebServer - Tomcat started on port 8183 (http) with context path '/'
2025-08-05 10:53:15 [main] INFO  o.s.cloud.commons.util.InetUtils - Cannot determine local hostname
2025-08-05 10:53:15 [main] INFO  c.m.d.e.q.s.ElasticQueryServiceApplication - Started ElasticQueryServiceApplication in 13.532 seconds (process running for 15.997)
2025-08-05 10:53:21 [http-nio-8183-exec-2] INFO  o.a.c.c.C.[Tomcat].[localhost].[/] - Initializing Spring DispatcherServlet 'dispatcherServlet'
2025-08-05 10:53:21 [http-nio-8183-exec-2] INFO  o.s.web.servlet.DispatcherServlet - Initializing Servlet 'dispatcherServlet'
2025-08-05 10:53:21 [http-nio-8183-exec-2] INFO  o.s.web.servlet.DispatcherServlet - Completed initialization in 2 ms
2025-08-05 11:10:49 [SpringApplicationShutdownHook] INFO  o.s.b.w.e.tomcat.GracefulShutdown - Commencing graceful shutdown. Waiting for active requests to complete
2025-08-05 11:10:49 [tomcat-shutdown] INFO  o.s.b.w.e.tomcat.GracefulShutdown - Graceful shutdown complete
2025-08-05 11:11:16 [background-preinit] INFO  o.h.validator.internal.util.Version - HV000001: Hibernate Validator 8.0.2.Final
2025-08-05 11:11:16 [main] INFO  c.m.d.e.q.s.ElasticQueryServiceApplication - Starting ElasticQueryServiceApplication using Java 17.0.12 with PID 21320 (D:\Projects\JavaProjects\cloud_ex\microsorvices-demo\elastic-query-service\target\classes started by Admin in D:\Projects\JavaProjects\cloud_ex\microsorvices-demo)
2025-08-05 11:11:16 [main] INFO  c.m.d.e.q.s.ElasticQueryServiceApplication - The following 1 profile is active: "dev"
2025-08-05 11:11:16 [main] INFO  o.s.c.c.c.ConfigServerConfigDataLoader - Fetching config from server at : http://localhost:8886
2025-08-05 11:11:16 [main] INFO  o.s.c.c.c.ConfigServerConfigDataLoader - Located environment: name=elastic-query-service, profiles=[dev], label=null, version=e100fef8c97b2a7403bf9b31ada23bc3530e5d7d, state=
2025-08-05 11:11:17 [main] INFO  o.s.d.r.c.RepositoryConfigurationDelegate - Bootstrapping Spring Data Elasticsearch repositories in DEFAULT mode.
2025-08-05 11:11:17 [main] INFO  o.s.d.r.c.RepositoryConfigurationDelegate - Finished Spring Data repository scanning in 65 ms. Found 1 Elasticsearch repository interface.
2025-08-05 11:11:18 [main] INFO  o.s.cloud.context.scope.GenericScope - BeanFactory id=031e1e5a-478a-3cc3-a041-1e3f7ceab2be
2025-08-05 11:11:19 [main] INFO  o.s.b.w.e.tomcat.TomcatWebServer - Tomcat initialized with port 8183 (http)
2025-08-05 11:11:19 [main] INFO  o.a.coyote.http11.Http11NioProtocol - Initializing ProtocolHandler ["http-nio-8183"]
2025-08-05 11:11:19 [main] INFO  o.a.catalina.core.StandardService - Starting service [Tomcat]
2025-08-05 11:11:19 [main] INFO  o.a.catalina.core.StandardEngine - Starting Servlet engine: [Apache Tomcat/10.1.42]
2025-08-05 11:11:19 [main] INFO  o.a.c.c.C.[Tomcat].[localhost].[/] - Initializing Spring embedded WebApplicationContext
2025-08-05 11:11:19 [main] INFO  o.s.b.w.s.c.ServletWebServerApplicationContext - Root WebApplicationContext: initialization completed in 2975 ms
2025-08-05 11:11:21 [main] INFO  c.m.demo.config.KafkaConfigData - Kafka config data has initialized with next properties: bootstrapServers: localhost:19092, localhost:29092, localhost:39092
schemaRegistryUrlKey: schema.registry.url
schemaRegistryUrl: http://localhost:8081
topicName : mastodon-topic
topicNamesToCreate : [mastodon-topic]
numberOfPartitions : 3
replicationFactor : 3
2025-08-05 11:11:21 [main] INFO  c.m.d.config.KafkaProducerConfigData - Kafka config data has initialized with next properties: keySerializerClass: null
valueSerializerClass: null
compressionType: null
acks : null
batchSize : null
batchSizeBoostFactor : null
lingerMs : null
requestTimeoutMs : null
retryCount : null
2025-08-05 11:11:22 [main] WARN  o.s.b.a.s.s.UserDetailsServiceAutoConfiguration - 

Using generated security password: 7f902c4c-2fbd-4570-81c5-57ae490e8dc8

This generated password is for development use only. Your security configuration must be updated before running your application in production.

2025-08-05 11:11:22 [main] INFO  o.s.s.c.a.a.c.InitializeUserDetailsBeanManagerConfigurer$InitializeUserDetailsManagerConfigurer - Global AuthenticationManager configured with UserDetailsService bean with name inMemoryUserDetailsManager
2025-08-05 11:11:25 [main] INFO  o.s.cloud.commons.util.InetUtils - Cannot determine local hostname
2025-08-05 11:11:25 [main] INFO  o.a.coyote.http11.Http11NioProtocol - Starting ProtocolHandler ["http-nio-8183"]
2025-08-05 11:11:25 [main] INFO  o.s.b.w.e.tomcat.TomcatWebServer - Tomcat started on port 8183 (http) with context path '/'
2025-08-05 11:11:26 [main] INFO  o.s.cloud.commons.util.InetUtils - Cannot determine local hostname
2025-08-05 11:11:26 [main] INFO  c.m.d.e.q.s.ElasticQueryServiceApplication - Started ElasticQueryServiceApplication in 15.508 seconds (process running for 18.91)
2025-08-05 11:11:37 [http-nio-8183-exec-1] INFO  o.a.c.c.C.[Tomcat].[localhost].[/] - Initializing Spring DispatcherServlet 'dispatcherServlet'
2025-08-05 11:11:37 [http-nio-8183-exec-1] INFO  o.s.web.servlet.DispatcherServlet - Initializing Servlet 'dispatcherServlet'
2025-08-05 11:11:37 [http-nio-8183-exec-1] INFO  o.s.web.servlet.DispatcherServlet - Completed initialization in 1 ms
2025-08-05 11:11:37 [http-nio-8183-exec-1] ERROR c.m.d.e.q.s.a.e.h.ElasticControllerErrorHandler - Internal server error: No static resource api-docs.
2025-08-05 11:11:37 [http-nio-8183-exec-2] ERROR c.m.d.e.q.s.a.e.h.ElasticControllerErrorHandler - Internal server error: No static resource favicon.ico.
2025-08-05 11:11:55 [http-nio-8183-exec-3] ERROR c.m.d.e.q.s.a.e.h.ElasticControllerErrorHandler - Internal server error: No static resource swagger-ui.html.
2025-08-05 11:12:34 [http-nio-8183-exec-4] INFO  c.m.d.e.q.s.a.ElasticDocumentController - Trying to find all the documents
2025-08-05 11:12:45 [http-nio-8183-exec-5] ERROR c.m.d.e.q.s.a.e.h.ElasticControllerErrorHandler - Internal server error: No static resource favicon.ico.
2025-08-05 11:13:12 [http-nio-8183-exec-6] ERROR c.m.d.e.q.s.a.e.h.ElasticControllerErrorHandler - Internal server error: No static resource api-docs.
2025-08-05 11:13:22 [SpringApplicationShutdownHook] INFO  o.s.b.w.e.tomcat.GracefulShutdown - Commencing graceful shutdown. Waiting for active requests to complete
2025-08-05 11:13:22 [tomcat-shutdown] INFO  o.s.b.w.e.tomcat.GracefulShutdown - Graceful shutdown complete
2025-08-05 11:19:00 [background-preinit] INFO  o.h.validator.internal.util.Version - HV000001: Hibernate Validator 8.0.2.Final
2025-08-05 11:19:00 [main] INFO  c.m.d.e.q.s.ElasticQueryServiceApplication - Starting ElasticQueryServiceApplication using Java 17.0.12 with PID 20492 (D:\Projects\JavaProjects\cloud_ex\microsorvices-demo\elastic-query-service\target\classes started by Admin in D:\Projects\JavaProjects\cloud_ex\microsorvices-demo)
2025-08-05 11:19:00 [main] INFO  c.m.d.e.q.s.ElasticQueryServiceApplication - The following 1 profile is active: "dev"
2025-08-05 11:19:00 [main] INFO  o.s.c.c.c.ConfigServerConfigDataLoader - Fetching config from server at : http://localhost:8886
2025-08-05 11:19:00 [main] INFO  o.s.c.c.c.ConfigServerConfigDataLoader - Located environment: name=elastic-query-service, profiles=[dev], label=null, version=e100fef8c97b2a7403bf9b31ada23bc3530e5d7d, state=
2025-08-05 11:19:01 [main] INFO  o.s.d.r.c.RepositoryConfigurationDelegate - Bootstrapping Spring Data Elasticsearch repositories in DEFAULT mode.
2025-08-05 11:19:02 [main] INFO  o.s.d.r.c.RepositoryConfigurationDelegate - Finished Spring Data repository scanning in 126 ms. Found 1 Elasticsearch repository interface.
2025-08-05 11:19:03 [main] INFO  o.s.cloud.context.scope.GenericScope - BeanFactory id=031e1e5a-478a-3cc3-a041-1e3f7ceab2be
2025-08-05 11:19:04 [main] INFO  o.s.b.w.e.tomcat.TomcatWebServer - Tomcat initialized with port 8183 (http)
2025-08-05 11:19:04 [main] INFO  o.a.coyote.http11.Http11NioProtocol - Initializing ProtocolHandler ["http-nio-8183"]
2025-08-05 11:19:04 [main] INFO  o.a.catalina.core.StandardService - Starting service [Tomcat]
2025-08-05 11:19:04 [main] INFO  o.a.catalina.core.StandardEngine - Starting Servlet engine: [Apache Tomcat/10.1.42]
2025-08-05 11:19:04 [main] INFO  o.a.c.c.C.[Tomcat].[localhost].[/] - Initializing Spring embedded WebApplicationContext
2025-08-05 11:19:04 [main] INFO  o.s.b.w.s.c.ServletWebServerApplicationContext - Root WebApplicationContext: initialization completed in 4210 ms
2025-08-05 11:19:06 [main] INFO  c.m.demo.config.KafkaConfigData - Kafka config data has initialized with next properties: bootstrapServers: localhost:19092, localhost:29092, localhost:39092
schemaRegistryUrlKey: schema.registry.url
schemaRegistryUrl: http://localhost:8081
topicName : mastodon-topic
topicNamesToCreate : [mastodon-topic]
numberOfPartitions : 3
replicationFactor : 3
2025-08-05 11:19:06 [main] INFO  c.m.d.config.KafkaProducerConfigData - Kafka config data has initialized with next properties: keySerializerClass: null
valueSerializerClass: null
compressionType: null
acks : null
batchSize : null
batchSizeBoostFactor : null
lingerMs : null
requestTimeoutMs : null
retryCount : null
2025-08-05 11:19:06 [main] WARN  o.s.b.a.s.s.UserDetailsServiceAutoConfiguration - 

Using generated security password: e98b7621-ef5b-43a5-b48a-22a8b31a8f16

This generated password is for development use only. Your security configuration must be updated before running your application in production.

2025-08-05 11:19:06 [main] INFO  o.s.s.c.a.a.c.InitializeUserDetailsBeanManagerConfigurer$InitializeUserDetailsManagerConfigurer - Global AuthenticationManager configured with UserDetailsService bean with name inMemoryUserDetailsManager
2025-08-05 11:19:08 [main] INFO  o.s.cloud.commons.util.InetUtils - Cannot determine local hostname
2025-08-05 11:19:09 [main] INFO  o.a.coyote.http11.Http11NioProtocol - Starting ProtocolHandler ["http-nio-8183"]
2025-08-05 11:19:09 [main] INFO  o.s.b.w.e.tomcat.TomcatWebServer - Tomcat started on port 8183 (http) with context path '/'
2025-08-05 11:19:10 [main] INFO  o.s.cloud.commons.util.InetUtils - Cannot determine local hostname
2025-08-05 11:19:10 [main] INFO  c.m.d.e.q.s.ElasticQueryServiceApplication - Started ElasticQueryServiceApplication in 14.226 seconds (process running for 16.655)
2025-08-05 11:19:16 [http-nio-8183-exec-1] INFO  o.a.c.c.C.[Tomcat].[localhost].[/] - Initializing Spring DispatcherServlet 'dispatcherServlet'
2025-08-05 11:19:16 [http-nio-8183-exec-1] INFO  o.s.web.servlet.DispatcherServlet - Initializing Servlet 'dispatcherServlet'
2025-08-05 11:19:16 [http-nio-8183-exec-1] INFO  o.s.web.servlet.DispatcherServlet - Completed initialization in 1 ms
2025-08-05 11:19:16 [http-nio-8183-exec-1] ERROR c.m.d.e.q.s.a.e.h.ElasticControllerErrorHandler - Internal server error: No static resource api-docs.
2025-08-05 11:19:17 [http-nio-8183-exec-2] ERROR c.m.d.e.q.s.a.e.h.ElasticControllerErrorHandler - Internal server error: No static resource api-docs.
2025-08-05 11:19:17 [http-nio-8183-exec-3] ERROR c.m.d.e.q.s.a.e.h.ElasticControllerErrorHandler - Internal server error: No static resource favicon.ico.
2025-08-05 11:21:52 [SpringApplicationShutdownHook] INFO  o.s.b.w.e.tomcat.GracefulShutdown - Commencing graceful shutdown. Waiting for active requests to complete
2025-08-05 11:21:52 [tomcat-shutdown] INFO  o.s.b.w.e.tomcat.GracefulShutdown - Graceful shutdown complete
2025-08-05 11:22:14 [background-preinit] INFO  o.h.validator.internal.util.Version - HV000001: Hibernate Validator 8.0.2.Final
2025-08-05 11:22:14 [main] INFO  c.m.d.e.q.s.ElasticQueryServiceApplication - Starting ElasticQueryServiceApplication using Java 17.0.12 with PID 20992 (D:\Projects\JavaProjects\cloud_ex\microsorvices-demo\elastic-query-service\target\classes started by Admin in D:\Projects\JavaProjects\cloud_ex\microsorvices-demo)
2025-08-05 11:22:14 [main] INFO  c.m.d.e.q.s.ElasticQueryServiceApplication - The following 1 profile is active: "dev"
2025-08-05 11:22:14 [main] INFO  o.s.c.c.c.ConfigServerConfigDataLoader - Fetching config from server at : http://localhost:8886
2025-08-05 11:22:14 [main] INFO  o.s.c.c.c.ConfigServerConfigDataLoader - Located environment: name=elastic-query-service, profiles=[dev], label=null, version=e100fef8c97b2a7403bf9b31ada23bc3530e5d7d, state=
2025-08-05 11:22:15 [main] INFO  o.s.d.r.c.RepositoryConfigurationDelegate - Bootstrapping Spring Data Elasticsearch repositories in DEFAULT mode.
2025-08-05 11:22:15 [main] INFO  o.s.d.r.c.RepositoryConfigurationDelegate - Finished Spring Data repository scanning in 101 ms. Found 1 Elasticsearch repository interface.
2025-08-05 11:22:16 [main] INFO  o.s.cloud.context.scope.GenericScope - BeanFactory id=1275785d-8d49-346e-b3e5-134014e44892
2025-08-05 11:22:17 [main] INFO  o.s.b.w.e.tomcat.TomcatWebServer - Tomcat initialized with port 8183 (http)
2025-08-05 11:22:17 [main] INFO  o.a.coyote.http11.Http11NioProtocol - Initializing ProtocolHandler ["http-nio-8183"]
2025-08-05 11:22:17 [main] INFO  o.a.catalina.core.StandardService - Starting service [Tomcat]
2025-08-05 11:22:17 [main] INFO  o.a.catalina.core.StandardEngine - Starting Servlet engine: [Apache Tomcat/10.1.42]
2025-08-05 11:22:17 [main] INFO  o.a.c.c.C.[Tomcat].[localhost].[/] - Initializing Spring embedded WebApplicationContext
2025-08-05 11:22:17 [main] INFO  o.s.b.w.s.c.ServletWebServerApplicationContext - Root WebApplicationContext: initialization completed in 2461 ms
2025-08-05 11:22:18 [main] INFO  c.m.demo.config.KafkaConfigData - Kafka config data has initialized with next properties: bootstrapServers: localhost:19092, localhost:29092, localhost:39092
schemaRegistryUrlKey: schema.registry.url
schemaRegistryUrl: http://localhost:8081
topicName : mastodon-topic
topicNamesToCreate : [mastodon-topic]
numberOfPartitions : 3
replicationFactor : 3
2025-08-05 11:22:18 [main] INFO  c.m.d.config.KafkaProducerConfigData - Kafka config data has initialized with next properties: keySerializerClass: null
valueSerializerClass: null
compressionType: null
acks : null
batchSize : null
batchSizeBoostFactor : null
lingerMs : null
requestTimeoutMs : null
retryCount : null
2025-08-05 11:22:19 [main] WARN  o.s.b.a.s.s.UserDetailsServiceAutoConfiguration - 

Using generated security password: eb3aa4e6-ed9f-4282-a7be-a3ca4d73b01d

This generated password is for development use only. Your security configuration must be updated before running your application in production.

2025-08-05 11:22:19 [main] INFO  o.s.s.c.a.a.c.InitializeUserDetailsBeanManagerConfigurer$InitializeUserDetailsManagerConfigurer - Global AuthenticationManager configured with UserDetailsService bean with name inMemoryUserDetailsManager
2025-08-05 11:22:21 [main] INFO  o.s.cloud.commons.util.InetUtils - Cannot determine local hostname
2025-08-05 11:22:21 [main] INFO  o.a.coyote.http11.Http11NioProtocol - Starting ProtocolHandler ["http-nio-8183"]
2025-08-05 11:22:21 [main] INFO  o.s.b.w.e.tomcat.TomcatWebServer - Tomcat started on port 8183 (http) with context path '/'
2025-08-05 11:22:22 [main] INFO  o.s.cloud.commons.util.InetUtils - Cannot determine local hostname
2025-08-05 11:22:22 [main] INFO  c.m.d.e.q.s.ElasticQueryServiceApplication - Started ElasticQueryServiceApplication in 11.834 seconds (process running for 13.931)
2025-08-05 11:22:24 [http-nio-8183-exec-1] INFO  o.a.c.c.C.[Tomcat].[localhost].[/] - Initializing Spring DispatcherServlet 'dispatcherServlet'
2025-08-05 11:22:24 [http-nio-8183-exec-1] INFO  o.s.web.servlet.DispatcherServlet - Initializing Servlet 'dispatcherServlet'
2025-08-05 11:22:24 [http-nio-8183-exec-1] INFO  o.s.web.servlet.DispatcherServlet - Completed initialization in 1 ms
2025-08-05 11:22:25 [http-nio-8183-exec-1] INFO  o.s.api.AbstractOpenApiResource - Init duration for springdoc-openapi is: 1114 ms
2025-08-05 11:22:25 [http-nio-8183-exec-2] ERROR c.m.d.e.q.s.a.e.h.ElasticControllerErrorHandler - Internal server error: No static resource favicon.ico.
2025-08-05 11:42:44 [SpringApplicationShutdownHook] INFO  o.s.b.w.e.tomcat.GracefulShutdown - Commencing graceful shutdown. Waiting for active requests to complete
2025-08-05 11:42:44 [tomcat-shutdown] INFO  o.s.b.w.e.tomcat.GracefulShutdown - Graceful shutdown complete
