2025-07-29 13:32:28 [main] INFO  c.m.d.k.t.e.s.KafkaToElasticServiceApplication - Starting KafkaToElasticServiceApplication using Java 17.0.12 with PID 2148 (D:\Projects\JavaProjects\cloud_ex\microsorvices-demo\kafka-to-elastic-service\target\classes started by Admin in D:\Projects\JavaProjects\cloud_ex\microsorvices-demo)
2025-07-29 13:32:28 [main] INFO  c.m.d.k.t.e.s.KafkaToElasticServiceApplication - The following 1 profile is active: "dev"
2025-07-29 13:32:28 [main] INFO  o.s.c.c.c.ConfigServerConfigDataLoader - Fetching config from server at : http://localhost:8888
2025-07-29 13:32:28 [main] INFO  o.s.c.c.c.ConfigServerConfigDataLoader - Located environment: name=kafka-to-elastic-service, profiles=[dev], label=null, version=6935dd38513fc07b6c20ce106ab7a592b53ef629, state=
2025-07-29 13:32:29 [main] INFO  o.s.cloud.context.scope.GenericScope - BeanFactory id=0eae4812-1a64-3f1c-837b-90543ddb843c
2025-07-29 13:32:31 [main] WARN  o.s.b.w.r.c.AnnotationConfigReactiveWebServerApplicationContext - Exception encountered during context initialization - cancelling refresh attempt: org.springframework.beans.factory.UnsatisfiedDependencyException: Error creating bean with name 'mastodonKafkaConsumer' defined in file [D:\Projects\JavaProjects\cloud_ex\microsorvices-demo\kafka-to-elastic-service\target\classes\com\microsorvices\demo\kafka\to\elastic\service\consumer\impl\MastodonKafkaConsumer.class]: Unsatisfied dependency expressed through constructor parameter 0: No qualifying bean of type 'org.springframework.kafka.config.KafkaListenerEndpointRegistry' available: expected at least 1 bean which qualifies as autowire candidate. Dependency annotations: {@org.springframework.beans.factory.annotation.Qualifier("kafkaListenerEndpointRegistry")}
2025-07-29 13:32:31 [main] INFO  o.s.b.a.l.ConditionEvaluationReportLogger - 

Error starting ApplicationContext. To display the condition evaluation report re-run your application with 'debug' enabled.
2025-07-29 13:32:31 [main] ERROR o.s.boot.SpringApplication - Application run failed
org.springframework.beans.factory.UnsatisfiedDependencyException: Error creating bean with name 'mastodonKafkaConsumer' defined in file [D:\Projects\JavaProjects\cloud_ex\microsorvices-demo\kafka-to-elastic-service\target\classes\com\microsorvices\demo\kafka\to\elastic\service\consumer\impl\MastodonKafkaConsumer.class]: Unsatisfied dependency expressed through constructor parameter 0: No qualifying bean of type 'org.springframework.kafka.config.KafkaListenerEndpointRegistry' available: expected at least 1 bean which qualifies as autowire candidate. Dependency annotations: {@org.springframework.beans.factory.annotation.Qualifier("kafkaListenerEndpointRegistry")}
	at org.springframework.beans.factory.support.ConstructorResolver.createArgumentArray(ConstructorResolver.java:804)
	at org.springframework.beans.factory.support.ConstructorResolver.autowireConstructor(ConstructorResolver.java:240)
	at org.springframework.beans.factory.support.AbstractAutowireCapableBeanFactory.autowireConstructor(AbstractAutowireCapableBeanFactory.java:1395)
	at org.springframework.beans.factory.support.AbstractAutowireCapableBeanFactory.createBeanInstance(AbstractAutowireCapableBeanFactory.java:1232)
	at org.springframework.beans.factory.support.AbstractAutowireCapableBeanFactory.doCreateBean(AbstractAutowireCapableBeanFactory.java:569)
	at org.springframework.beans.factory.support.AbstractAutowireCapableBeanFactory.createBean(AbstractAutowireCapableBeanFactory.java:529)
	at org.springframework.beans.factory.support.AbstractBeanFactory.lambda$doGetBean$0(AbstractBeanFactory.java:339)
	at org.springframework.beans.factory.support.DefaultSingletonBeanRegistry.getSingleton(DefaultSingletonBeanRegistry.java:373)
	at org.springframework.beans.factory.support.AbstractBeanFactory.doGetBean(AbstractBeanFactory.java:337)
	at org.springframework.beans.factory.support.AbstractBeanFactory.getBean(AbstractBeanFactory.java:202)
	at org.springframework.beans.factory.support.DefaultListableBeanFactory.instantiateSingleton(DefaultListableBeanFactory.java:1222)
	at org.springframework.beans.factory.support.DefaultListableBeanFactory.preInstantiateSingleton(DefaultListableBeanFactory.java:1188)
	at org.springframework.beans.factory.support.DefaultListableBeanFactory.preInstantiateSingletons(DefaultListableBeanFactory.java:1123)
	at org.springframework.context.support.AbstractApplicationContext.finishBeanFactoryInitialization(AbstractApplicationContext.java:987)
	at org.springframework.context.support.AbstractApplicationContext.refresh(AbstractApplicationContext.java:627)
	at org.springframework.boot.web.reactive.context.ReactiveWebServerApplicationContext.refresh(ReactiveWebServerApplicationContext.java:66)
	at org.springframework.boot.SpringApplication.refresh(SpringApplication.java:752)
	at org.springframework.boot.SpringApplication.refreshContext(SpringApplication.java:439)
	at org.springframework.boot.SpringApplication.run(SpringApplication.java:318)
	at org.springframework.boot.SpringApplication.run(SpringApplication.java:1361)
	at org.springframework.boot.SpringApplication.run(SpringApplication.java:1350)
	at com.microsorvices.demo.kafka.to.elastic.service.KafkaToElasticServiceApplication.main(KafkaToElasticServiceApplication.java:11)
Caused by: org.springframework.beans.factory.NoSuchBeanDefinitionException: No qualifying bean of type 'org.springframework.kafka.config.KafkaListenerEndpointRegistry' available: expected at least 1 bean which qualifies as autowire candidate. Dependency annotations: {@org.springframework.beans.factory.annotation.Qualifier("kafkaListenerEndpointRegistry")}
	at org.springframework.beans.factory.support.DefaultListableBeanFactory.raiseNoMatchingBeanFound(DefaultListableBeanFactory.java:2284)
	at org.springframework.beans.factory.support.DefaultListableBeanFactory.doResolveDependency(DefaultListableBeanFactory.java:1708)
	at org.springframework.beans.factory.support.DefaultListableBeanFactory.resolveDependency(DefaultListableBeanFactory.java:1628)
	at org.springframework.beans.factory.support.ConstructorResolver.resolveAutowiredArgument(ConstructorResolver.java:913)
	at org.springframework.beans.factory.support.ConstructorResolver.createArgumentArray(ConstructorResolver.java:791)
	... 21 common frames omitted
