2025-07-25 10:08:42 [background-preinit] INFO  o.h.validator.internal.util.Version - HV000001: Hibernate Validator 8.0.2.Final
2025-07-25 10:08:42 [main] INFO  c.m.demo.config.server.ConfigServer - Starting ConfigServer using Java 17.0.12 with PID 14408 (D:\Projects\JavaProjects\cloud_ex\microsorvices-demo\config-server\target\classes started by Admin in D:\Projects\JavaProjects\cloud_ex\microsorvices-demo)
2025-07-25 10:08:42 [main] INFO  c.m.demo.config.server.ConfigServer - No active profile set, falling back to 1 default profile: "default"
2025-07-25 10:08:44 [main] INFO  o.s.cloud.context.scope.GenericScope - BeanFactory id=20c033ca-04da-38fa-afd9-f1954dbc9633
2025-07-25 10:08:44 [main] INFO  o.s.b.w.e.tomcat.TomcatWebServer - Tomcat initialized with port 8888 (http)
2025-07-25 10:08:45 [main] INFO  o.a.coyote.http11.Http11NioProtocol - Initializing ProtocolHandler ["http-nio-8888"]
2025-07-25 10:08:45 [main] INFO  o.a.catalina.core.StandardService - Starting service [Tomcat]
2025-07-25 10:08:45 [main] INFO  o.a.catalina.core.StandardEngine - Starting Servlet engine: [Apache Tomcat/10.1.42]
2025-07-25 10:08:45 [main] INFO  o.a.c.c.C.[Tomcat].[localhost].[/] - Initializing Spring embedded WebApplicationContext
2025-07-25 10:08:45 [main] INFO  o.s.b.w.s.c.ServletWebServerApplicationContext - Root WebApplicationContext: initialization completed in 2069 ms
2025-07-25 10:08:48 [main] INFO  o.s.cloud.commons.util.InetUtils - Cannot determine local hostname
2025-07-25 10:08:48 [main] INFO  o.a.coyote.http11.Http11NioProtocol - Starting ProtocolHandler ["http-nio-8888"]
2025-07-25 10:08:48 [main] INFO  o.s.b.w.e.tomcat.TomcatWebServer - Tomcat started on port 8888 (http) with context path '/'
2025-07-25 10:08:49 [main] INFO  o.s.cloud.commons.util.InetUtils - Cannot determine local hostname
2025-07-25 10:08:49 [main] INFO  c.m.demo.config.server.ConfigServer - Started ConfigServer in 9.518 seconds (process running for 11.876)
2025-07-25 10:09:55 [http-nio-8888-exec-1] INFO  o.a.c.c.C.[Tomcat].[localhost].[/] - Initializing Spring DispatcherServlet 'dispatcherServlet'
2025-07-25 10:09:55 [http-nio-8888-exec-1] INFO  o.s.web.servlet.DispatcherServlet - Initializing Servlet 'dispatcherServlet'
2025-07-25 10:09:55 [http-nio-8888-exec-1] INFO  o.s.web.servlet.DispatcherServlet - Completed initialization in 1 ms
2025-07-25 10:09:56 [http-nio-8888-exec-1] DEBUG o.s.c.c.s.s.GitCredentialsProviderFactory - No credentials provider required for URI file:///D:\Projects\JavaProjects\cloud_ex\microsorvices-demo\config-server-repository
2025-07-25 10:09:56 [http-nio-8888-exec-1] WARN  o.s.c.c.s.e.HttpClientConfigurableHttpConnectionFactory - No custom http config found for URL: https://github.com/rourory/spring-cloud-repo.git/info/refs?service=git-upload-pack
2025-07-25 10:09:57 [http-nio-8888-exec-1] WARN  o.s.c.c.s.e.HttpClientConfigurableHttpConnectionFactory - No custom http config found for URL: https://github.com/rourory/spring-cloud-repo.git/git-upload-pack
2025-07-25 10:09:57 [http-nio-8888-exec-1] WARN  o.s.c.c.s.e.EnvironmentController - Error getting the Environment with name=config-client profiles=development label=master includeOrigin=false
org.springframework.cloud.config.server.environment.NoSuchLabelException: No such label: master
	at org.springframework.cloud.config.server.environment.JGitEnvironmentRepository.refresh(JGitEnvironmentRepository.java:330)
	at org.springframework.cloud.config.server.environment.JGitEnvironmentRepository.getLocations(JGitEnvironmentRepository.java:278)
	at org.springframework.cloud.config.server.environment.MultipleJGitEnvironmentRepository.getLocations(MultipleJGitEnvironmentRepository.java:145)
	at org.springframework.cloud.config.server.environment.AbstractScmEnvironmentRepository.findOneInternal(AbstractScmEnvironmentRepository.java:81)
	at org.springframework.cloud.config.server.environment.AbstractScmEnvironmentRepository.findOne(AbstractScmEnvironmentRepository.java:70)
	at org.springframework.cloud.config.server.environment.JGitEnvironmentRepository.findOne(JGitEnvironmentRepository.java:266)
	at org.springframework.cloud.config.server.environment.MultipleJGitEnvironmentRepository.findOneFromCandidate(MultipleJGitEnvironmentRepository.java:196)
	at org.springframework.cloud.config.server.environment.MultipleJGitEnvironmentRepository.findOne(MultipleJGitEnvironmentRepository.java:179)
	at org.springframework.cloud.config.server.environment.CompositeEnvironmentRepository.findOne(CompositeEnvironmentRepository.java:83)
	at org.springframework.cloud.config.server.environment.ObservationEnvironmentRepositoryWrapper.lambda$findOne$3(ObservationEnvironmentRepositoryWrapper.java:75)
	at io.micrometer.observation.Observation.observe(Observation.java:564)
	at org.springframework.cloud.config.server.environment.ObservationEnvironmentRepositoryWrapper.findOne(ObservationEnvironmentRepositoryWrapper.java:75)
	at org.springframework.cloud.config.server.environment.EnvironmentEncryptorEnvironmentRepository.findOne(EnvironmentEncryptorEnvironmentRepository.java:64)
	at org.springframework.cloud.config.server.environment.EnvironmentController.getEnvironment(EnvironmentController.java:134)
	at org.springframework.cloud.config.server.environment.EnvironmentController.labelled(EnvironmentController.java:121)
	at java.base/jdk.internal.reflect.NativeMethodAccessorImpl.invoke0(Native Method)
	at java.base/jdk.internal.reflect.NativeMethodAccessorImpl.invoke(NativeMethodAccessorImpl.java:77)
	at java.base/jdk.internal.reflect.DelegatingMethodAccessorImpl.invoke(DelegatingMethodAccessorImpl.java:43)
	at java.base/java.lang.reflect.Method.invoke(Method.java:569)
	at org.springframework.util.ReflectionUtils.invokeMethod(ReflectionUtils.java:281)
	at org.springframework.cloud.context.scope.GenericScope$LockedScopedProxyFactoryBean.invoke(GenericScope.java:480)
	at org.springframework.aop.framework.ReflectiveMethodInvocation.proceed(ReflectiveMethodInvocation.java:184)
	at org.springframework.aop.framework.CglibAopProxy$DynamicAdvisedInterceptor.intercept(CglibAopProxy.java:728)
	at org.springframework.cloud.config.server.environment.EnvironmentController$$SpringCGLIB$$0.labelled(<generated>)
	at java.base/jdk.internal.reflect.NativeMethodAccessorImpl.invoke0(Native Method)
	at java.base/jdk.internal.reflect.NativeMethodAccessorImpl.invoke(NativeMethodAccessorImpl.java:77)
	at java.base/jdk.internal.reflect.DelegatingMethodAccessorImpl.invoke(DelegatingMethodAccessorImpl.java:43)
	at java.base/java.lang.reflect.Method.invoke(Method.java:569)
	at org.springframework.web.method.support.InvocableHandlerMethod.doInvoke(InvocableHandlerMethod.java:258)
	at org.springframework.web.method.support.InvocableHandlerMethod.invokeForRequest(InvocableHandlerMethod.java:191)
	at org.springframework.web.servlet.mvc.method.annotation.ServletInvocableHandlerMethod.invokeAndHandle(ServletInvocableHandlerMethod.java:118)
	at org.springframework.web.servlet.mvc.method.annotation.RequestMappingHandlerAdapter.invokeHandlerMethod(RequestMappingHandlerAdapter.java:986)
	at org.springframework.web.servlet.mvc.method.annotation.RequestMappingHandlerAdapter.handleInternal(RequestMappingHandlerAdapter.java:891)
	at org.springframework.web.servlet.mvc.method.AbstractHandlerMethodAdapter.handle(AbstractHandlerMethodAdapter.java:87)
	at org.springframework.web.servlet.DispatcherServlet.doDispatch(DispatcherServlet.java:1089)
	at org.springframework.web.servlet.DispatcherServlet.doService(DispatcherServlet.java:979)
	at org.springframework.web.servlet.FrameworkServlet.processRequest(FrameworkServlet.java:1014)
	at org.springframework.web.servlet.FrameworkServlet.doGet(FrameworkServlet.java:903)
	at jakarta.servlet.http.HttpServlet.service(HttpServlet.java:564)
	at org.springframework.web.servlet.FrameworkServlet.service(FrameworkServlet.java:885)
	at jakarta.servlet.http.HttpServlet.service(HttpServlet.java:658)
	at org.apache.catalina.core.ApplicationFilterChain.internalDoFilter(ApplicationFilterChain.java:195)
	at org.apache.catalina.core.ApplicationFilterChain.doFilter(ApplicationFilterChain.java:140)
	at org.apache.tomcat.websocket.server.WsFilter.doFilter(WsFilter.java:51)
	at org.apache.catalina.core.ApplicationFilterChain.internalDoFilter(ApplicationFilterChain.java:164)
	at org.apache.catalina.core.ApplicationFilterChain.doFilter(ApplicationFilterChain.java:140)
	at org.springframework.web.filter.RequestContextFilter.doFilterInternal(RequestContextFilter.java:100)
	at org.springframework.web.filter.OncePerRequestFilter.doFilter(OncePerRequestFilter.java:116)
	at org.apache.catalina.core.ApplicationFilterChain.internalDoFilter(ApplicationFilterChain.java:164)
	at org.apache.catalina.core.ApplicationFilterChain.doFilter(ApplicationFilterChain.java:140)
	at org.springframework.web.filter.FormContentFilter.doFilterInternal(FormContentFilter.java:93)
	at org.springframework.web.filter.OncePerRequestFilter.doFilter(OncePerRequestFilter.java:116)
	at org.apache.catalina.core.ApplicationFilterChain.internalDoFilter(ApplicationFilterChain.java:164)
	at org.apache.catalina.core.ApplicationFilterChain.doFilter(ApplicationFilterChain.java:140)
	at org.springframework.web.filter.CharacterEncodingFilter.doFilterInternal(CharacterEncodingFilter.java:201)
	at org.springframework.web.filter.OncePerRequestFilter.doFilter(OncePerRequestFilter.java:116)
	at org.apache.catalina.core.ApplicationFilterChain.internalDoFilter(ApplicationFilterChain.java:164)
	at org.apache.catalina.core.ApplicationFilterChain.doFilter(ApplicationFilterChain.java:140)
	at org.apache.catalina.core.StandardWrapperValve.invoke(StandardWrapperValve.java:167)
	at org.apache.catalina.core.StandardContextValve.invoke(StandardContextValve.java:90)
	at org.apache.catalina.authenticator.AuthenticatorBase.invoke(AuthenticatorBase.java:483)
	at org.apache.catalina.core.StandardHostValve.invoke(StandardHostValve.java:116)
	at org.apache.catalina.valves.ErrorReportValve.invoke(ErrorReportValve.java:93)
	at org.apache.catalina.core.StandardEngineValve.invoke(StandardEngineValve.java:74)
	at org.apache.catalina.connector.CoyoteAdapter.service(CoyoteAdapter.java:344)
	at org.apache.coyote.http11.Http11Processor.service(Http11Processor.java:398)
	at org.apache.coyote.AbstractProcessorLight.process(AbstractProcessorLight.java:63)
	at org.apache.coyote.AbstractProtocol$ConnectionHandler.process(AbstractProtocol.java:903)
	at org.apache.tomcat.util.net.NioEndpoint$SocketProcessor.doRun(NioEndpoint.java:1769)
	at org.apache.tomcat.util.net.SocketProcessorBase.run(SocketProcessorBase.java:52)
	at org.apache.tomcat.util.threads.ThreadPoolExecutor.runWorker(ThreadPoolExecutor.java:1189)
	at org.apache.tomcat.util.threads.ThreadPoolExecutor$Worker.run(ThreadPoolExecutor.java:658)
	at org.apache.tomcat.util.threads.TaskThread$WrappingRunnable.run(TaskThread.java:63)
	at java.base/java.lang.Thread.run(Thread.java:840)
Caused by: org.eclipse.jgit.api.errors.RefNotFoundException: Ref master cannot be resolved
	at org.eclipse.jgit.api.CheckoutCommand.call(CheckoutCommand.java:222)
	at org.springframework.cloud.config.server.environment.JGitEnvironmentRepository.checkout(JGitEnvironmentRepository.java:484)
	at org.springframework.cloud.config.server.environment.JGitEnvironmentRepository.refresh(JGitEnvironmentRepository.java:323)
	... 73 common frames omitted
2025-07-25 10:15:24 [http-nio-8888-exec-5] DEBUG o.s.c.c.s.s.GitCredentialsProviderFactory - No credentials provider required for URI file:///D:\Projects\JavaProjects\cloud_ex\microsorvices-demo\config-server-repository
2025-07-25 10:15:24 [http-nio-8888-exec-5] WARN  o.s.c.c.s.e.HttpClientConfigurableHttpConnectionFactory - No custom http config found for URL: https://github.com/rourory/spring-cloud-repo.git/info/refs?service=git-upload-pack
2025-07-25 10:15:24 [http-nio-8888-exec-5] WARN  o.s.c.c.s.e.HttpClientConfigurableHttpConnectionFactory - No custom http config found for URL: https://github.com/rourory/spring-cloud-repo.git/git-upload-pack
2025-07-25 10:15:24 [http-nio-8888-exec-5] INFO  o.s.c.c.s.e.NativeEnvironmentRepository - Adding property source: Config resource 'file [D:\Projects\JavaProjects\cloud_ex\microsorvices-demo\config-server-repository\config-mastodon_to_kafka.yaml]' via location 'file:/D:/Projects/JavaProjects/cloud_ex/microsorvices-demo/config-server-repository/'
2025-07-25 10:18:02 [http-nio-8888-exec-9] DEBUG o.s.c.c.s.s.GitCredentialsProviderFactory - No credentials provider required for URI file:///D:\Projects\JavaProjects\cloud_ex\microsorvices-demo\config-server-repository
2025-07-25 10:18:02 [http-nio-8888-exec-9] WARN  o.s.c.c.s.e.HttpClientConfigurableHttpConnectionFactory - No custom http config found for URL: https://github.com/rourory/spring-cloud-repo.git/info/refs?service=git-upload-pack
2025-07-25 10:18:02 [http-nio-8888-exec-9] WARN  o.s.c.c.s.e.HttpClientConfigurableHttpConnectionFactory - No custom http config found for URL: https://github.com/rourory/spring-cloud-repo.git/git-upload-pack
2025-07-25 10:20:58 [http-nio-8888-exec-1] DEBUG o.s.c.c.s.s.GitCredentialsProviderFactory - No credentials provider required for URI file:///D:\Projects\JavaProjects\cloud_ex\microsorvices-demo\config-server-repository
2025-07-25 10:20:58 [http-nio-8888-exec-1] WARN  o.s.c.c.s.e.HttpClientConfigurableHttpConnectionFactory - No custom http config found for URL: https://github.com/rourory/spring-cloud-repo.git/info/refs?service=git-upload-pack
2025-07-25 10:20:58 [http-nio-8888-exec-1] WARN  o.s.c.c.s.e.HttpClientConfigurableHttpConnectionFactory - No custom http config found for URL: https://github.com/rourory/spring-cloud-repo.git/git-upload-pack
2025-07-25 10:22:45 [SpringApplicationShutdownHook] INFO  o.s.b.w.e.tomcat.GracefulShutdown - Commencing graceful shutdown. Waiting for active requests to complete
2025-07-25 10:22:45 [tomcat-shutdown] INFO  o.s.b.w.e.tomcat.GracefulShutdown - Graceful shutdown complete
2025-07-25 10:24:29 [background-preinit] INFO  o.h.validator.internal.util.Version - HV000001: Hibernate Validator 8.0.2.Final
2025-07-25 10:24:29 [main] INFO  c.m.demo.config.server.ConfigServer - Starting ConfigServer using Java 17.0.12 with PID 15424 (D:\Projects\JavaProjects\cloud_ex\microsorvices-demo\config-server\target\classes started by Admin in D:\Projects\JavaProjects\cloud_ex\microsorvices-demo)
2025-07-25 10:24:29 [main] INFO  c.m.demo.config.server.ConfigServer - No active profile set, falling back to 1 default profile: "default"
2025-07-25 10:24:30 [main] INFO  o.s.cloud.context.scope.GenericScope - BeanFactory id=20c033ca-04da-38fa-afd9-f1954dbc9633
2025-07-25 10:24:30 [main] INFO  o.s.b.w.e.tomcat.TomcatWebServer - Tomcat initialized with port 8888 (http)
2025-07-25 10:24:30 [main] INFO  o.a.coyote.http11.Http11NioProtocol - Initializing ProtocolHandler ["http-nio-8888"]
2025-07-25 10:24:30 [main] INFO  o.a.catalina.core.StandardService - Starting service [Tomcat]
2025-07-25 10:24:30 [main] INFO  o.a.catalina.core.StandardEngine - Starting Servlet engine: [Apache Tomcat/10.1.42]
2025-07-25 10:24:31 [main] INFO  o.a.c.c.C.[Tomcat].[localhost].[/] - Initializing Spring embedded WebApplicationContext
2025-07-25 10:24:31 [main] INFO  o.s.b.w.s.c.ServletWebServerApplicationContext - Root WebApplicationContext: initialization completed in 1608 ms
2025-07-25 10:24:32 [main] INFO  o.s.cloud.commons.util.InetUtils - Cannot determine local hostname
2025-07-25 10:24:33 [main] INFO  o.a.coyote.http11.Http11NioProtocol - Starting ProtocolHandler ["http-nio-8888"]
2025-07-25 10:24:33 [main] INFO  o.s.b.w.e.tomcat.TomcatWebServer - Tomcat started on port 8888 (http) with context path '/'
2025-07-25 10:24:34 [main] INFO  o.s.cloud.commons.util.InetUtils - Cannot determine local hostname
2025-07-25 10:24:34 [main] INFO  c.m.demo.config.server.ConfigServer - Started ConfigServer in 6.838 seconds (process running for 8.371)
2025-07-25 10:25:38 [http-nio-8888-exec-1] INFO  o.a.c.c.C.[Tomcat].[localhost].[/] - Initializing Spring DispatcherServlet 'dispatcherServlet'
2025-07-25 10:25:38 [http-nio-8888-exec-1] INFO  o.s.web.servlet.DispatcherServlet - Initializing Servlet 'dispatcherServlet'
2025-07-25 10:25:38 [http-nio-8888-exec-1] INFO  o.s.web.servlet.DispatcherServlet - Completed initialization in 1 ms
2025-07-25 10:25:39 [http-nio-8888-exec-1] DEBUG o.s.c.c.s.s.GitCredentialsProviderFactory - No credentials provider required for URI file:///D:\Projects\JavaProjects\cloud_ex\microsorvices-demo\config-server-repository
2025-07-25 10:25:39 [http-nio-8888-exec-1] WARN  o.s.c.c.s.e.HttpClientConfigurableHttpConnectionFactory - No custom http config found for URL: https://github.com/rourory/spring-cloud-repo.git/info/refs?service=git-upload-pack
2025-07-25 10:25:40 [http-nio-8888-exec-1] WARN  o.s.c.c.s.e.HttpClientConfigurableHttpConnectionFactory - No custom http config found for URL: https://github.com/rourory/spring-cloud-repo.git/git-upload-pack
2025-07-25 10:25:40 [http-nio-8888-exec-1] INFO  o.s.c.c.s.e.NativeEnvironmentRepository - Adding property source: Config resource 'file [D:\Projects\JavaProjects\cloud_ex\microsorvices-demo\config-server-repository\mastodon-to-kafka-service-dev.yaml]' via location 'file:/D:/Projects/JavaProjects/cloud_ex/microsorvices-demo/config-server-repository/'
2025-07-25 10:26:53 [http-nio-8888-exec-5] DEBUG o.s.c.c.s.s.GitCredentialsProviderFactory - No credentials provider required for URI file:///D:\Projects\JavaProjects\cloud_ex\microsorvices-demo\config-server-repository
2025-07-25 10:26:53 [http-nio-8888-exec-5] WARN  o.s.c.c.s.e.HttpClientConfigurableHttpConnectionFactory - No custom http config found for URL: https://github.com/rourory/spring-cloud-repo.git/info/refs?service=git-upload-pack
2025-07-25 10:26:54 [http-nio-8888-exec-5] WARN  o.s.c.c.s.e.HttpClientConfigurableHttpConnectionFactory - No custom http config found for URL: https://github.com/rourory/spring-cloud-repo.git/git-upload-pack
2025-07-25 10:26:54 [http-nio-8888-exec-6] DEBUG o.s.c.c.s.s.GitCredentialsProviderFactory - No credentials provider required for URI file:///D:\Projects\JavaProjects\cloud_ex\microsorvices-demo\config-server-repository
2025-07-25 10:26:54 [http-nio-8888-exec-6] WARN  o.s.c.c.s.e.HttpClientConfigurableHttpConnectionFactory - No custom http config found for URL: https://github.com/rourory/spring-cloud-repo.git/info/refs?service=git-upload-pack
2025-07-25 10:26:54 [http-nio-8888-exec-6] WARN  o.s.c.c.s.e.HttpClientConfigurableHttpConnectionFactory - No custom http config found for URL: https://github.com/rourory/spring-cloud-repo.git/git-upload-pack
2025-07-25 10:26:55 [http-nio-8888-exec-6] INFO  o.s.c.c.s.e.NativeEnvironmentRepository - Adding property source: Config resource 'file [D:\Projects\JavaProjects\cloud_ex\microsorvices-demo\config-server-repository\mastodon-to-kafka-service-dev.yaml]' via location 'file:/D:/Projects/JavaProjects/cloud_ex/microsorvices-demo/config-server-repository/'
2025-07-25 10:28:51 [http-nio-8888-exec-8] DEBUG o.s.c.c.s.s.GitCredentialsProviderFactory - No credentials provider required for URI file:///D:\Projects\JavaProjects\cloud_ex\microsorvices-demo\config-server-repository
2025-07-25 10:28:51 [http-nio-8888-exec-8] WARN  o.s.c.c.s.e.HttpClientConfigurableHttpConnectionFactory - No custom http config found for URL: https://github.com/rourory/spring-cloud-repo.git/info/refs?service=git-upload-pack
2025-07-25 10:28:51 [http-nio-8888-exec-8] WARN  o.s.c.c.s.e.HttpClientConfigurableHttpConnectionFactory - No custom http config found for URL: https://github.com/rourory/spring-cloud-repo.git/git-upload-pack
2025-07-25 10:28:52 [http-nio-8888-exec-9] DEBUG o.s.c.c.s.s.GitCredentialsProviderFactory - No credentials provider required for URI file:///D:\Projects\JavaProjects\cloud_ex\microsorvices-demo\config-server-repository
2025-07-25 10:28:52 [http-nio-8888-exec-9] WARN  o.s.c.c.s.e.HttpClientConfigurableHttpConnectionFactory - No custom http config found for URL: https://github.com/rourory/spring-cloud-repo.git/info/refs?service=git-upload-pack
2025-07-25 10:28:52 [http-nio-8888-exec-9] WARN  o.s.c.c.s.e.HttpClientConfigurableHttpConnectionFactory - No custom http config found for URL: https://github.com/rourory/spring-cloud-repo.git/git-upload-pack
2025-07-25 10:28:52 [http-nio-8888-exec-9] INFO  o.s.c.c.s.e.NativeEnvironmentRepository - Adding property source: Config resource 'file [D:\Projects\JavaProjects\cloud_ex\microsorvices-demo\config-server-repository\mastodon-to-kafka-service-dev.yaml]' via location 'file:/D:/Projects/JavaProjects/cloud_ex/microsorvices-demo/config-server-repository/'
2025-07-25 10:33:59 [http-nio-8888-exec-1] DEBUG o.s.c.c.s.s.GitCredentialsProviderFactory - No credentials provider required for URI file:///D:\Projects\JavaProjects\cloud_ex\microsorvices-demo\config-server-repository
2025-07-25 10:33:59 [http-nio-8888-exec-1] WARN  o.s.c.c.s.e.HttpClientConfigurableHttpConnectionFactory - No custom http config found for URL: https://github.com/rourory/spring-cloud-repo.git/info/refs?service=git-upload-pack
2025-07-25 10:33:59 [http-nio-8888-exec-1] WARN  o.s.c.c.s.e.HttpClientConfigurableHttpConnectionFactory - No custom http config found for URL: https://github.com/rourory/spring-cloud-repo.git/git-upload-pack
2025-07-25 10:34:00 [http-nio-8888-exec-2] DEBUG o.s.c.c.s.s.GitCredentialsProviderFactory - No credentials provider required for URI file:///D:\Projects\JavaProjects\cloud_ex\microsorvices-demo\config-server-repository
2025-07-25 10:34:00 [http-nio-8888-exec-2] WARN  o.s.c.c.s.e.HttpClientConfigurableHttpConnectionFactory - No custom http config found for URL: https://github.com/rourory/spring-cloud-repo.git/info/refs?service=git-upload-pack
2025-07-25 10:34:00 [http-nio-8888-exec-2] WARN  o.s.c.c.s.e.HttpClientConfigurableHttpConnectionFactory - No custom http config found for URL: https://github.com/rourory/spring-cloud-repo.git/git-upload-pack
2025-07-25 10:34:00 [http-nio-8888-exec-2] INFO  o.s.c.c.s.e.NativeEnvironmentRepository - Adding property source: Config resource 'file [D:\Projects\JavaProjects\cloud_ex\microsorvices-demo\config-server-repository\mastodon-to-kafka-service-dev.yaml]' via location 'file:/D:/Projects/JavaProjects/cloud_ex/microsorvices-demo/config-server-repository/'
2025-07-25 10:37:10 [http-nio-8888-exec-4] DEBUG o.s.c.c.s.s.GitCredentialsProviderFactory - No credentials provider required for URI file:///D:\Projects\JavaProjects\cloud_ex\microsorvices-demo\config-server-repository
2025-07-25 10:37:10 [http-nio-8888-exec-4] WARN  o.s.c.c.s.e.HttpClientConfigurableHttpConnectionFactory - No custom http config found for URL: https://github.com/rourory/spring-cloud-repo.git/info/refs?service=git-upload-pack
2025-07-25 10:37:10 [http-nio-8888-exec-4] WARN  o.s.c.c.s.e.HttpClientConfigurableHttpConnectionFactory - No custom http config found for URL: https://github.com/rourory/spring-cloud-repo.git/git-upload-pack
2025-07-25 10:37:11 [http-nio-8888-exec-5] DEBUG o.s.c.c.s.s.GitCredentialsProviderFactory - No credentials provider required for URI file:///D:\Projects\JavaProjects\cloud_ex\microsorvices-demo\config-server-repository
2025-07-25 10:37:11 [http-nio-8888-exec-5] WARN  o.s.c.c.s.e.HttpClientConfigurableHttpConnectionFactory - No custom http config found for URL: https://github.com/rourory/spring-cloud-repo.git/info/refs?service=git-upload-pack
2025-07-25 10:37:11 [http-nio-8888-exec-5] WARN  o.s.c.c.s.e.HttpClientConfigurableHttpConnectionFactory - No custom http config found for URL: https://github.com/rourory/spring-cloud-repo.git/git-upload-pack
2025-07-25 10:37:11 [http-nio-8888-exec-5] INFO  o.s.c.c.s.e.NativeEnvironmentRepository - Adding property source: Config resource 'file [D:\Projects\JavaProjects\cloud_ex\microsorvices-demo\config-server-repository\mastodon-to-kafka-service-dev.yaml]' via location 'file:/D:/Projects/JavaProjects/cloud_ex/microsorvices-demo/config-server-repository/'
2025-07-25 10:38:55 [SpringApplicationShutdownHook] INFO  o.s.b.w.e.tomcat.GracefulShutdown - Commencing graceful shutdown. Waiting for active requests to complete
2025-07-25 10:38:55 [tomcat-shutdown] INFO  o.s.b.w.e.tomcat.GracefulShutdown - Graceful shutdown complete
2025-07-25 11:52:19 [background-preinit] INFO  o.h.validator.internal.util.Version - HV000001: Hibernate Validator 8.0.2.Final
2025-07-25 11:52:19 [main] INFO  c.m.demo.config.server.ConfigServer - Starting ConfigServer using Java 17.0.12 with PID 5940 (D:\Projects\JavaProjects\cloud_ex\microsorvices-demo\config-server\target\classes started by Admin in D:\Projects\JavaProjects\cloud_ex\microsorvices-demo)
2025-07-25 11:52:19 [main] INFO  c.m.demo.config.server.ConfigServer - No active profile set, falling back to 1 default profile: "default"
2025-07-25 11:52:20 [main] INFO  o.s.cloud.context.scope.GenericScope - BeanFactory id=20c033ca-04da-38fa-afd9-f1954dbc9633
2025-07-25 11:52:21 [main] INFO  o.s.b.w.e.tomcat.TomcatWebServer - Tomcat initialized with port 8888 (http)
2025-07-25 11:52:21 [main] INFO  o.a.coyote.http11.Http11NioProtocol - Initializing ProtocolHandler ["http-nio-8888"]
2025-07-25 11:52:21 [main] INFO  o.a.catalina.core.StandardService - Starting service [Tomcat]
2025-07-25 11:52:21 [main] INFO  o.a.catalina.core.StandardEngine - Starting Servlet engine: [Apache Tomcat/10.1.42]
2025-07-25 11:52:21 [main] INFO  o.a.c.c.C.[Tomcat].[localhost].[/] - Initializing Spring embedded WebApplicationContext
2025-07-25 11:52:21 [main] INFO  o.s.b.w.s.c.ServletWebServerApplicationContext - Root WebApplicationContext: initialization completed in 1865 ms
2025-07-25 11:52:23 [main] INFO  o.s.cloud.commons.util.InetUtils - Cannot determine local hostname
2025-07-25 11:52:24 [main] INFO  o.a.coyote.http11.Http11NioProtocol - Starting ProtocolHandler ["http-nio-8888"]
2025-07-25 11:52:24 [main] INFO  o.s.b.w.e.tomcat.TomcatWebServer - Tomcat started on port 8888 (http) with context path '/'
2025-07-25 11:52:25 [main] INFO  o.s.cloud.commons.util.InetUtils - Cannot determine local hostname
2025-07-25 11:52:25 [main] INFO  c.m.demo.config.server.ConfigServer - Started ConfigServer in 8.174 seconds (process running for 10.592)
2025-07-25 11:55:25 [http-nio-8888-exec-1] INFO  o.a.c.c.C.[Tomcat].[localhost].[/] - Initializing Spring DispatcherServlet 'dispatcherServlet'
2025-07-25 11:55:25 [http-nio-8888-exec-1] INFO  o.s.web.servlet.DispatcherServlet - Initializing Servlet 'dispatcherServlet'
2025-07-25 11:55:25 [http-nio-8888-exec-1] INFO  o.s.web.servlet.DispatcherServlet - Completed initialization in 1 ms
2025-07-25 11:55:27 [http-nio-8888-exec-1] DEBUG o.s.c.c.s.s.GitCredentialsProviderFactory - No credentials provider required for URI file:///D:\Projects\JavaProjects\cloud_ex\microsorvices-demo\config-server-repository
2025-07-25 11:55:27 [http-nio-8888-exec-1] WARN  o.s.c.c.s.e.HttpClientConfigurableHttpConnectionFactory - No custom http config found for URL: https://github.com/rourory/spring-cloud-repo.git/info/refs?service=git-upload-pack
2025-07-25 11:55:28 [http-nio-8888-exec-1] WARN  o.s.c.c.s.e.HttpClientConfigurableHttpConnectionFactory - No custom http config found for URL: https://github.com/rourory/spring-cloud-repo.git/git-upload-pack
2025-07-25 11:55:30 [http-nio-8888-exec-2] DEBUG o.s.c.c.s.s.GitCredentialsProviderFactory - No credentials provider required for URI file:///D:\Projects\JavaProjects\cloud_ex\microsorvices-demo\config-server-repository
2025-07-25 11:55:30 [http-nio-8888-exec-2] WARN  o.s.c.c.s.e.HttpClientConfigurableHttpConnectionFactory - No custom http config found for URL: https://github.com/rourory/spring-cloud-repo.git/info/refs?service=git-upload-pack
2025-07-25 11:55:31 [http-nio-8888-exec-2] WARN  o.s.c.c.s.e.HttpClientConfigurableHttpConnectionFactory - No custom http config found for URL: https://github.com/rourory/spring-cloud-repo.git/git-upload-pack
2025-07-25 11:55:31 [http-nio-8888-exec-2] INFO  o.s.c.c.s.e.NativeEnvironmentRepository - Adding property source: Config resource 'file [D:\Projects\JavaProjects\cloud_ex\microsorvices-demo\config-server-repository\mastodon-to-kafka-service-dev.yaml]' via location 'file:/D:/Projects/JavaProjects/cloud_ex/microsorvices-demo/config-server-repository/'
2025-07-25 12:05:21 [http-nio-8888-exec-4] DEBUG o.s.c.c.s.s.GitCredentialsProviderFactory - No credentials provider required for URI file:///D:\Projects\JavaProjects\cloud_ex\microsorvices-demo\config-server-repository
2025-07-25 12:05:21 [http-nio-8888-exec-4] WARN  o.s.c.c.s.e.HttpClientConfigurableHttpConnectionFactory - No custom http config found for URL: https://github.com/rourory/spring-cloud-repo.git/info/refs?service=git-upload-pack
2025-07-25 12:05:21 [http-nio-8888-exec-4] WARN  o.s.c.c.s.e.HttpClientConfigurableHttpConnectionFactory - No custom http config found for URL: https://github.com/rourory/spring-cloud-repo.git/git-upload-pack
2025-07-25 12:05:22 [http-nio-8888-exec-5] DEBUG o.s.c.c.s.s.GitCredentialsProviderFactory - No credentials provider required for URI file:///D:\Projects\JavaProjects\cloud_ex\microsorvices-demo\config-server-repository
2025-07-25 12:05:22 [http-nio-8888-exec-5] WARN  o.s.c.c.s.e.HttpClientConfigurableHttpConnectionFactory - No custom http config found for URL: https://github.com/rourory/spring-cloud-repo.git/info/refs?service=git-upload-pack
2025-07-25 12:05:22 [http-nio-8888-exec-5] WARN  o.s.c.c.s.e.HttpClientConfigurableHttpConnectionFactory - No custom http config found for URL: https://github.com/rourory/spring-cloud-repo.git/git-upload-pack
2025-07-25 12:05:22 [http-nio-8888-exec-5] INFO  o.s.c.c.s.e.NativeEnvironmentRepository - Adding property source: Config resource 'file [D:\Projects\JavaProjects\cloud_ex\microsorvices-demo\config-server-repository\mastodon-to-kafka-service-dev.yaml]' via location 'file:/D:/Projects/JavaProjects/cloud_ex/microsorvices-demo/config-server-repository/'
2025-07-25 12:11:08 [http-nio-8888-exec-7] DEBUG o.s.c.c.s.s.GitCredentialsProviderFactory - No credentials provider required for URI file:///D:\Projects\JavaProjects\cloud_ex\microsorvices-demo\config-server-repository
2025-07-25 12:11:08 [http-nio-8888-exec-7] WARN  o.s.c.c.s.e.HttpClientConfigurableHttpConnectionFactory - No custom http config found for URL: https://github.com/rourory/spring-cloud-repo.git/info/refs?service=git-upload-pack
2025-07-25 12:11:08 [http-nio-8888-exec-7] WARN  o.s.c.c.s.e.HttpClientConfigurableHttpConnectionFactory - No custom http config found for URL: https://github.com/rourory/spring-cloud-repo.git/git-upload-pack
2025-07-25 12:11:08 [http-nio-8888-exec-8] DEBUG o.s.c.c.s.s.GitCredentialsProviderFactory - No credentials provider required for URI file:///D:\Projects\JavaProjects\cloud_ex\microsorvices-demo\config-server-repository
2025-07-25 12:11:08 [http-nio-8888-exec-8] WARN  o.s.c.c.s.e.HttpClientConfigurableHttpConnectionFactory - No custom http config found for URL: https://github.com/rourory/spring-cloud-repo.git/info/refs?service=git-upload-pack
2025-07-25 12:11:09 [http-nio-8888-exec-8] WARN  o.s.c.c.s.e.HttpClientConfigurableHttpConnectionFactory - No custom http config found for URL: https://github.com/rourory/spring-cloud-repo.git/git-upload-pack
2025-07-25 12:11:09 [http-nio-8888-exec-8] INFO  o.s.c.c.s.e.NativeEnvironmentRepository - Adding property source: Config resource 'file [D:\Projects\JavaProjects\cloud_ex\microsorvices-demo\config-server-repository\mastodon-to-kafka-service-dev.yaml]' via location 'file:/D:/Projects/JavaProjects/cloud_ex/microsorvices-demo/config-server-repository/'
2025-07-25 12:41:31 [http-nio-8888-exec-10] DEBUG o.s.c.c.s.s.GitCredentialsProviderFactory - No credentials provider required for URI file:///D:\Projects\JavaProjects\cloud_ex\microsorvices-demo\config-server-repository
2025-07-25 12:41:31 [http-nio-8888-exec-10] WARN  o.s.c.c.s.e.HttpClientConfigurableHttpConnectionFactory - No custom http config found for URL: https://github.com/rourory/spring-cloud-repo.git/info/refs?service=git-upload-pack
2025-07-25 12:41:31 [http-nio-8888-exec-10] WARN  o.s.c.c.s.e.HttpClientConfigurableHttpConnectionFactory - No custom http config found for URL: https://github.com/rourory/spring-cloud-repo.git/git-upload-pack
2025-07-25 12:41:32 [http-nio-8888-exec-1] DEBUG o.s.c.c.s.s.GitCredentialsProviderFactory - No credentials provider required for URI file:///D:\Projects\JavaProjects\cloud_ex\microsorvices-demo\config-server-repository
2025-07-25 12:41:32 [http-nio-8888-exec-1] WARN  o.s.c.c.s.e.HttpClientConfigurableHttpConnectionFactory - No custom http config found for URL: https://github.com/rourory/spring-cloud-repo.git/info/refs?service=git-upload-pack
2025-07-25 12:41:32 [http-nio-8888-exec-1] WARN  o.s.c.c.s.e.HttpClientConfigurableHttpConnectionFactory - No custom http config found for URL: https://github.com/rourory/spring-cloud-repo.git/git-upload-pack
2025-07-25 12:41:32 [http-nio-8888-exec-1] INFO  o.s.c.c.s.e.NativeEnvironmentRepository - Adding property source: Config resource 'file [D:\Projects\JavaProjects\cloud_ex\microsorvices-demo\config-server-repository\mastodon-to-kafka-service-dev.yaml]' via location 'file:/D:/Projects/JavaProjects/cloud_ex/microsorvices-demo/config-server-repository/'
2025-07-25 12:44:56 [http-nio-8888-exec-3] DEBUG o.s.c.c.s.s.GitCredentialsProviderFactory - No credentials provider required for URI file:///D:\Projects\JavaProjects\cloud_ex\microsorvices-demo\config-server-repository
2025-07-25 12:44:56 [http-nio-8888-exec-3] WARN  o.s.c.c.s.e.HttpClientConfigurableHttpConnectionFactory - No custom http config found for URL: https://github.com/rourory/spring-cloud-repo.git/info/refs?service=git-upload-pack
2025-07-25 12:44:57 [http-nio-8888-exec-3] WARN  o.s.c.c.s.e.HttpClientConfigurableHttpConnectionFactory - No custom http config found for URL: https://github.com/rourory/spring-cloud-repo.git/git-upload-pack
2025-07-25 12:44:57 [http-nio-8888-exec-4] DEBUG o.s.c.c.s.s.GitCredentialsProviderFactory - No credentials provider required for URI file:///D:\Projects\JavaProjects\cloud_ex\microsorvices-demo\config-server-repository
2025-07-25 12:44:57 [http-nio-8888-exec-4] WARN  o.s.c.c.s.e.HttpClientConfigurableHttpConnectionFactory - No custom http config found for URL: https://github.com/rourory/spring-cloud-repo.git/info/refs?service=git-upload-pack
2025-07-25 12:44:57 [http-nio-8888-exec-4] WARN  o.s.c.c.s.e.HttpClientConfigurableHttpConnectionFactory - No custom http config found for URL: https://github.com/rourory/spring-cloud-repo.git/git-upload-pack
2025-07-25 12:44:58 [http-nio-8888-exec-4] INFO  o.s.c.c.s.e.NativeEnvironmentRepository - Adding property source: Config resource 'file [D:\Projects\JavaProjects\cloud_ex\microsorvices-demo\config-server-repository\mastodon-to-kafka-service-dev.yaml]' via location 'file:/D:/Projects/JavaProjects/cloud_ex/microsorvices-demo/config-server-repository/'
2025-07-25 12:46:01 [http-nio-8888-exec-6] DEBUG o.s.c.c.s.s.GitCredentialsProviderFactory - No credentials provider required for URI file:///D:\Projects\JavaProjects\cloud_ex\microsorvices-demo\config-server-repository
2025-07-25 12:46:01 [http-nio-8888-exec-6] WARN  o.s.c.c.s.e.HttpClientConfigurableHttpConnectionFactory - No custom http config found for URL: https://github.com/rourory/spring-cloud-repo.git/info/refs?service=git-upload-pack
2025-07-25 12:46:01 [http-nio-8888-exec-6] WARN  o.s.c.c.s.e.HttpClientConfigurableHttpConnectionFactory - No custom http config found for URL: https://github.com/rourory/spring-cloud-repo.git/git-upload-pack
2025-07-25 12:46:02 [http-nio-8888-exec-7] DEBUG o.s.c.c.s.s.GitCredentialsProviderFactory - No credentials provider required for URI file:///D:\Projects\JavaProjects\cloud_ex\microsorvices-demo\config-server-repository
2025-07-25 12:46:02 [http-nio-8888-exec-7] WARN  o.s.c.c.s.e.HttpClientConfigurableHttpConnectionFactory - No custom http config found for URL: https://github.com/rourory/spring-cloud-repo.git/info/refs?service=git-upload-pack
2025-07-25 12:46:02 [http-nio-8888-exec-7] WARN  o.s.c.c.s.e.HttpClientConfigurableHttpConnectionFactory - No custom http config found for URL: https://github.com/rourory/spring-cloud-repo.git/git-upload-pack
2025-07-25 12:46:02 [http-nio-8888-exec-7] INFO  o.s.c.c.s.e.NativeEnvironmentRepository - Adding property source: Config resource 'file [D:\Projects\JavaProjects\cloud_ex\microsorvices-demo\config-server-repository\mastodon-to-kafka-service-dev.yaml]' via location 'file:/D:/Projects/JavaProjects/cloud_ex/microsorvices-demo/config-server-repository/'
2025-07-25 12:46:40 [http-nio-8888-exec-9] DEBUG o.s.c.c.s.s.GitCredentialsProviderFactory - No credentials provider required for URI file:///D:\Projects\JavaProjects\cloud_ex\microsorvices-demo\config-server-repository
2025-07-25 12:46:40 [http-nio-8888-exec-9] WARN  o.s.c.c.s.e.HttpClientConfigurableHttpConnectionFactory - No custom http config found for URL: https://github.com/rourory/spring-cloud-repo.git/info/refs?service=git-upload-pack
2025-07-25 12:46:41 [http-nio-8888-exec-9] WARN  o.s.c.c.s.e.HttpClientConfigurableHttpConnectionFactory - No custom http config found for URL: https://github.com/rourory/spring-cloud-repo.git/git-upload-pack
2025-07-25 12:46:41 [http-nio-8888-exec-10] DEBUG o.s.c.c.s.s.GitCredentialsProviderFactory - No credentials provider required for URI file:///D:\Projects\JavaProjects\cloud_ex\microsorvices-demo\config-server-repository
2025-07-25 12:46:41 [http-nio-8888-exec-10] WARN  o.s.c.c.s.e.HttpClientConfigurableHttpConnectionFactory - No custom http config found for URL: https://github.com/rourory/spring-cloud-repo.git/info/refs?service=git-upload-pack
2025-07-25 12:46:41 [http-nio-8888-exec-10] WARN  o.s.c.c.s.e.HttpClientConfigurableHttpConnectionFactory - No custom http config found for URL: https://github.com/rourory/spring-cloud-repo.git/git-upload-pack
2025-07-25 12:46:42 [http-nio-8888-exec-10] INFO  o.s.c.c.s.e.NativeEnvironmentRepository - Adding property source: Config resource 'file [D:\Projects\JavaProjects\cloud_ex\microsorvices-demo\config-server-repository\mastodon-to-kafka-service-dev.yaml]' via location 'file:/D:/Projects/JavaProjects/cloud_ex/microsorvices-demo/config-server-repository/'
2025-07-25 12:47:49 [http-nio-8888-exec-2] DEBUG o.s.c.c.s.s.GitCredentialsProviderFactory - No credentials provider required for URI file:///D:\Projects\JavaProjects\cloud_ex\microsorvices-demo\config-server-repository
2025-07-25 12:47:49 [http-nio-8888-exec-2] WARN  o.s.c.c.s.e.HttpClientConfigurableHttpConnectionFactory - No custom http config found for URL: https://github.com/rourory/spring-cloud-repo.git/info/refs?service=git-upload-pack
2025-07-25 12:47:49 [http-nio-8888-exec-2] WARN  o.s.c.c.s.e.HttpClientConfigurableHttpConnectionFactory - No custom http config found for URL: https://github.com/rourory/spring-cloud-repo.git/git-upload-pack
2025-07-25 12:47:49 [http-nio-8888-exec-3] DEBUG o.s.c.c.s.s.GitCredentialsProviderFactory - No credentials provider required for URI file:///D:\Projects\JavaProjects\cloud_ex\microsorvices-demo\config-server-repository
2025-07-25 12:47:49 [http-nio-8888-exec-3] WARN  o.s.c.c.s.e.HttpClientConfigurableHttpConnectionFactory - No custom http config found for URL: https://github.com/rourory/spring-cloud-repo.git/info/refs?service=git-upload-pack
2025-07-25 12:47:50 [http-nio-8888-exec-3] WARN  o.s.c.c.s.e.HttpClientConfigurableHttpConnectionFactory - No custom http config found for URL: https://github.com/rourory/spring-cloud-repo.git/git-upload-pack
2025-07-25 12:47:50 [http-nio-8888-exec-3] INFO  o.s.c.c.s.e.NativeEnvironmentRepository - Adding property source: Config resource 'file [D:\Projects\JavaProjects\cloud_ex\microsorvices-demo\config-server-repository\mastodon-to-kafka-service-dev.yaml]' via location 'file:/D:/Projects/JavaProjects/cloud_ex/microsorvices-demo/config-server-repository/'
2025-07-25 12:48:13 [SpringApplicationShutdownHook] INFO  o.s.b.w.e.tomcat.GracefulShutdown - Commencing graceful shutdown. Waiting for active requests to complete
2025-07-25 12:48:14 [tomcat-shutdown] INFO  o.s.b.w.e.tomcat.GracefulShutdown - Graceful shutdown complete
2025-07-25 12:48:38 [background-preinit] INFO  o.h.validator.internal.util.Version - HV000001: Hibernate Validator 8.0.2.Final
2025-07-25 12:48:38 [main] INFO  c.m.demo.config.server.ConfigServer - Starting ConfigServer using Java 17.0.12 with PID 9548 (D:\Projects\JavaProjects\cloud_ex\microsorvices-demo\config-server\target\classes started by Admin in D:\Projects\JavaProjects\cloud_ex\microsorvices-demo)
2025-07-25 12:48:38 [main] INFO  c.m.demo.config.server.ConfigServer - No active profile set, falling back to 1 default profile: "default"
2025-07-25 12:48:39 [main] INFO  o.s.cloud.context.scope.GenericScope - BeanFactory id=20c033ca-04da-38fa-afd9-f1954dbc9633
2025-07-25 12:48:39 [main] INFO  o.s.b.w.e.tomcat.TomcatWebServer - Tomcat initialized with port 8888 (http)
2025-07-25 12:48:39 [main] INFO  o.a.coyote.http11.Http11NioProtocol - Initializing ProtocolHandler ["http-nio-8888"]
2025-07-25 12:48:39 [main] INFO  o.a.catalina.core.StandardService - Starting service [Tomcat]
2025-07-25 12:48:39 [main] INFO  o.a.catalina.core.StandardEngine - Starting Servlet engine: [Apache Tomcat/10.1.42]
2025-07-25 12:48:39 [main] INFO  o.a.c.c.C.[Tomcat].[localhost].[/] - Initializing Spring embedded WebApplicationContext
2025-07-25 12:48:39 [main] INFO  o.s.b.w.s.c.ServletWebServerApplicationContext - Root WebApplicationContext: initialization completed in 1495 ms
2025-07-25 12:48:41 [main] INFO  o.s.cloud.commons.util.InetUtils - Cannot determine local hostname
2025-07-25 12:48:42 [main] INFO  o.a.coyote.http11.Http11NioProtocol - Starting ProtocolHandler ["http-nio-8888"]
2025-07-25 12:48:42 [main] INFO  o.s.b.w.e.tomcat.TomcatWebServer - Tomcat started on port 8888 (http) with context path '/'
2025-07-25 12:48:43 [main] INFO  o.s.cloud.commons.util.InetUtils - Cannot determine local hostname
2025-07-25 12:48:43 [main] INFO  c.m.demo.config.server.ConfigServer - Started ConfigServer in 6.795 seconds (process running for 8.907)
2025-07-25 12:48:54 [http-nio-8888-exec-1] INFO  o.a.c.c.C.[Tomcat].[localhost].[/] - Initializing Spring DispatcherServlet 'dispatcherServlet'
2025-07-25 12:48:54 [http-nio-8888-exec-1] INFO  o.s.web.servlet.DispatcherServlet - Initializing Servlet 'dispatcherServlet'
2025-07-25 12:48:54 [http-nio-8888-exec-1] INFO  o.s.web.servlet.DispatcherServlet - Completed initialization in 1 ms
2025-07-25 12:48:55 [http-nio-8888-exec-1] DEBUG o.s.c.c.s.s.GitCredentialsProviderFactory - No credentials provider required for URI file:///D:\Projects\JavaProjects\cloud_ex\microsorvices-demo\config-server-repository
2025-07-25 12:48:55 [http-nio-8888-exec-1] WARN  o.s.c.c.s.e.HttpClientConfigurableHttpConnectionFactory - No custom http config found for URL: https://github.com/rourory/spring-cloud-repo.git/info/refs?service=git-upload-pack
2025-07-25 12:48:55 [http-nio-8888-exec-1] WARN  o.s.c.c.s.e.HttpClientConfigurableHttpConnectionFactory - No custom http config found for URL: https://github.com/rourory/spring-cloud-repo.git/git-upload-pack
2025-07-25 12:48:56 [http-nio-8888-exec-2] DEBUG o.s.c.c.s.s.GitCredentialsProviderFactory - No credentials provider required for URI file:///D:\Projects\JavaProjects\cloud_ex\microsorvices-demo\config-server-repository
2025-07-25 12:48:56 [http-nio-8888-exec-2] WARN  o.s.c.c.s.e.HttpClientConfigurableHttpConnectionFactory - No custom http config found for URL: https://github.com/rourory/spring-cloud-repo.git/info/refs?service=git-upload-pack
2025-07-25 12:48:56 [http-nio-8888-exec-2] WARN  o.s.c.c.s.e.HttpClientConfigurableHttpConnectionFactory - No custom http config found for URL: https://github.com/rourory/spring-cloud-repo.git/git-upload-pack
2025-07-25 12:48:57 [http-nio-8888-exec-2] INFO  o.s.c.c.s.e.NativeEnvironmentRepository - Adding property source: Config resource 'file [D:\Projects\JavaProjects\cloud_ex\microsorvices-demo\config-server-repository\mastodon-to-kafka-service-dev.yaml]' via location 'file:/D:/Projects/JavaProjects/cloud_ex/microsorvices-demo/config-server-repository/'
2025-07-25 12:49:46 [SpringApplicationShutdownHook] INFO  o.s.b.w.e.tomcat.GracefulShutdown - Commencing graceful shutdown. Waiting for active requests to complete
2025-07-25 12:49:46 [tomcat-shutdown] INFO  o.s.b.w.e.tomcat.GracefulShutdown - Graceful shutdown complete
