2025-07-31 14:10:19 [background-preinit] INFO  o.h.validator.internal.util.Version - HV000001: Hibernate Validator 8.0.2.Final
2025-07-31 14:10:19 [main] INFO  c.m.demo.config.server.ConfigServer - Starting ConfigServer using Java 17.0.12 with PID 18544 (D:\Projects\JavaProjects\cloud_ex\microsorvices-demo\config-server\target\classes started by Admin in D:\Projects\JavaProjects\cloud_ex\microsorvices-demo)
2025-07-31 14:10:19 [main] INFO  c.m.demo.config.server.ConfigServer - No active profile set, falling back to 1 default profile: "default"
2025-07-31 14:10:23 [main] INFO  o.s.cloud.context.scope.GenericScope - BeanFactory id=9481ef09-9d3b-3b1f-afe9-a6d2c95ee90a
2025-07-31 14:10:24 [main] INFO  o.s.b.w.e.tomcat.TomcatWebServer - Tomcat initialized with port 8888 (http)
2025-07-31 14:10:24 [main] INFO  o.a.coyote.http11.Http11NioProtocol - Initializing ProtocolHandler ["http-nio-8888"]
2025-07-31 14:10:24 [main] INFO  o.a.catalina.core.StandardService - Starting service [Tomcat]
2025-07-31 14:10:24 [main] INFO  o.a.catalina.core.StandardEngine - Starting Servlet engine: [Apache Tomcat/10.1.42]
2025-07-31 14:10:25 [main] INFO  o.a.c.c.C.[Tomcat].[localhost].[/] - Initializing Spring embedded WebApplicationContext
2025-07-31 14:10:25 [main] INFO  o.s.b.w.s.c.ServletWebServerApplicationContext - Root WebApplicationContext: initialization completed in 5323 ms
2025-07-31 14:10:28 [main] INFO  o.s.s.c.a.a.c.InitializeUserDetailsBeanManagerConfigurer$InitializeUserDetailsManagerConfigurer - Global AuthenticationManager configured with UserDetailsService bean with name inMemoryUserDetailsManager
2025-07-31 14:10:29 [main] INFO  o.s.cloud.commons.util.InetUtils - Cannot determine local hostname
2025-07-31 14:10:30 [main] DEBUG o.s.c.c.s.s.GitCredentialsProviderFactory - No credentials provider required for URI https://github.com/rourory/spring-cloud-repo.git
2025-07-31 14:10:35 [main] INFO  o.a.coyote.http11.Http11NioProtocol - Starting ProtocolHandler ["http-nio-8888"]
2025-07-31 14:10:35 [main] INFO  o.s.b.w.e.tomcat.TomcatWebServer - Tomcat started on port 8888 (http) with context path '/'
2025-07-31 14:10:36 [main] INFO  o.s.cloud.commons.util.InetUtils - Cannot determine local hostname
2025-07-31 14:10:36 [main] INFO  c.m.demo.config.server.ConfigServer - Started ConfigServer in 22.013 seconds (process running for 26.719)
2025-07-31 15:51:54 [http-nio-8888-exec-1] INFO  o.a.c.c.C.[Tomcat].[localhost].[/] - Initializing Spring DispatcherServlet 'dispatcherServlet'
2025-07-31 15:51:54 [http-nio-8888-exec-1] INFO  o.s.web.servlet.DispatcherServlet - Initializing Servlet 'dispatcherServlet'
2025-07-31 15:51:54 [http-nio-8888-exec-1] INFO  o.s.web.servlet.DispatcherServlet - Completed initialization in 86 ms
2025-07-31 15:51:55 [http-nio-8888-exec-1] DEBUG o.s.c.c.s.s.GitCredentialsProviderFactory - No credentials provider required for URI https://github.com/rourory/spring-cloud-repo.git
2025-07-31 15:51:56 [http-nio-8888-exec-1] DEBUG o.s.c.c.s.s.GitCredentialsProviderFactory - No credentials provider required for URI https://github.com/rourory/spring-cloud-repo.git
2025-07-31 15:51:57 [http-nio-8888-exec-1] INFO  o.s.c.c.s.e.NativeEnvironmentRepository - Adding property source: Config resource 'file [C:\Users\Admin\AppData\Local\Temp\config-repo-7817896606249654433\elastic-query-service\application-dev.yaml]' via location 'file:/C:/Users/Admin/AppData/Local/Temp/config-repo-7817896606249654433/elastic-query-service/'
2025-07-31 15:51:57 [http-nio-8888-exec-1] INFO  o.s.c.c.s.e.NativeEnvironmentRepository - Adding property source: Config resource 'file [C:\Users\Admin\AppData\Local\Temp\config-repo-7817896606249654433\application.yaml]' via location 'file:/C:/Users/Admin/AppData/Local/Temp/config-repo-7817896606249654433/'
2025-07-31 15:58:15 [http-nio-8888-exec-3] DEBUG o.s.c.c.s.s.GitCredentialsProviderFactory - No credentials provider required for URI https://github.com/rourory/spring-cloud-repo.git
2025-07-31 15:58:16 [http-nio-8888-exec-3] INFO  o.s.c.c.s.e.NativeEnvironmentRepository - Adding property source: Config resource 'file [C:\Users\Admin\AppData\Local\Temp\config-repo-7817896606249654433\elastic-query-service\application-dev.yaml]' via location 'file:/C:/Users/Admin/AppData/Local/Temp/config-repo-7817896606249654433/elastic-query-service/'
2025-07-31 15:58:16 [http-nio-8888-exec-3] INFO  o.s.c.c.s.e.NativeEnvironmentRepository - Adding property source: Config resource 'file [C:\Users\Admin\AppData\Local\Temp\config-repo-7817896606249654433\application.yaml]' via location 'file:/C:/Users/Admin/AppData/Local/Temp/config-repo-7817896606249654433/'
2025-07-31 16:07:31 [http-nio-8888-exec-5] DEBUG o.s.c.c.s.s.GitCredentialsProviderFactory - No credentials provider required for URI https://github.com/rourory/spring-cloud-repo.git
2025-07-31 16:07:32 [http-nio-8888-exec-5] INFO  o.s.c.c.s.e.NativeEnvironmentRepository - Adding property source: Config resource 'file [C:\Users\Admin\AppData\Local\Temp\config-repo-7817896606249654433\elastic-query-service\application-dev.yaml]' via location 'file:/C:/Users/Admin/AppData/Local/Temp/config-repo-7817896606249654433/elastic-query-service/'
2025-07-31 16:07:32 [http-nio-8888-exec-5] INFO  o.s.c.c.s.e.NativeEnvironmentRepository - Adding property source: Config resource 'file [C:\Users\Admin\AppData\Local\Temp\config-repo-7817896606249654433\application.yaml]' via location 'file:/C:/Users/Admin/AppData/Local/Temp/config-repo-7817896606249654433/'
2025-07-31 16:09:15 [http-nio-8888-exec-7] DEBUG o.s.c.c.s.s.GitCredentialsProviderFactory - No credentials provider required for URI https://github.com/rourory/spring-cloud-repo.git
2025-07-31 16:09:16 [http-nio-8888-exec-7] INFO  o.s.c.c.s.e.NativeEnvironmentRepository - Adding property source: Config resource 'file [C:\Users\Admin\AppData\Local\Temp\config-repo-7817896606249654433\elastic-query-service\application-dev.yaml]' via location 'file:/C:/Users/Admin/AppData/Local/Temp/config-repo-7817896606249654433/elastic-query-service/'
2025-07-31 16:09:16 [http-nio-8888-exec-7] INFO  o.s.c.c.s.e.NativeEnvironmentRepository - Adding property source: Config resource 'file [C:\Users\Admin\AppData\Local\Temp\config-repo-7817896606249654433\application.yaml]' via location 'file:/C:/Users/Admin/AppData/Local/Temp/config-repo-7817896606249654433/'
2025-07-31 16:21:01 [http-nio-8888-exec-9] DEBUG o.s.c.c.s.s.GitCredentialsProviderFactory - No credentials provider required for URI https://github.com/rourory/spring-cloud-repo.git
2025-07-31 16:21:02 [http-nio-8888-exec-9] INFO  o.s.c.c.s.e.NativeEnvironmentRepository - Adding property source: Config resource 'file [C:\Users\Admin\AppData\Local\Temp\config-repo-7817896606249654433\elastic-query-service\application-dev.yaml]' via location 'file:/C:/Users/Admin/AppData/Local/Temp/config-repo-7817896606249654433/elastic-query-service/'
2025-07-31 16:21:02 [http-nio-8888-exec-9] INFO  o.s.c.c.s.e.NativeEnvironmentRepository - Adding property source: Config resource 'file [C:\Users\Admin\AppData\Local\Temp\config-repo-7817896606249654433\application.yaml]' via location 'file:/C:/Users/Admin/AppData/Local/Temp/config-repo-7817896606249654433/'
2025-07-31 16:27:22 [http-nio-8888-exec-1] DEBUG o.s.c.c.s.s.GitCredentialsProviderFactory - No credentials provider required for URI https://github.com/rourory/spring-cloud-repo.git
2025-07-31 16:27:23 [http-nio-8888-exec-1] INFO  o.s.c.c.s.e.NativeEnvironmentRepository - Adding property source: Config resource 'file [C:\Users\Admin\AppData\Local\Temp\config-repo-7817896606249654433\elastic-query-service\application-dev.yaml]' via location 'file:/C:/Users/Admin/AppData/Local/Temp/config-repo-7817896606249654433/elastic-query-service/'
2025-07-31 16:27:23 [http-nio-8888-exec-1] INFO  o.s.c.c.s.e.NativeEnvironmentRepository - Adding property source: Config resource 'file [C:\Users\Admin\AppData\Local\Temp\config-repo-7817896606249654433\application.yaml]' via location 'file:/C:/Users/Admin/AppData/Local/Temp/config-repo-7817896606249654433/'
2025-07-31 16:29:04 [http-nio-8888-exec-3] DEBUG o.s.c.c.s.s.GitCredentialsProviderFactory - No credentials provider required for URI https://github.com/rourory/spring-cloud-repo.git
2025-07-31 16:29:05 [http-nio-8888-exec-3] INFO  o.s.c.c.s.e.NativeEnvironmentRepository - Adding property source: Config resource 'file [C:\Users\Admin\AppData\Local\Temp\config-repo-7817896606249654433\elastic-query-service\application-dev.yaml]' via location 'file:/C:/Users/Admin/AppData/Local/Temp/config-repo-7817896606249654433/elastic-query-service/'
2025-07-31 16:29:05 [http-nio-8888-exec-3] INFO  o.s.c.c.s.e.NativeEnvironmentRepository - Adding property source: Config resource 'file [C:\Users\Admin\AppData\Local\Temp\config-repo-7817896606249654433\application.yaml]' via location 'file:/C:/Users/Admin/AppData/Local/Temp/config-repo-7817896606249654433/'
2025-07-31 16:29:27 [http-nio-8888-exec-5] DEBUG o.s.c.c.s.s.GitCredentialsProviderFactory - No credentials provider required for URI https://github.com/rourory/spring-cloud-repo.git
2025-07-31 16:29:27 [http-nio-8888-exec-5] INFO  o.s.c.c.s.e.NativeEnvironmentRepository - Adding property source: Config resource 'file [C:\Users\Admin\AppData\Local\Temp\config-repo-7817896606249654433\elastic-query-service\application-dev.yaml]' via location 'file:/C:/Users/Admin/AppData/Local/Temp/config-repo-7817896606249654433/elastic-query-service/'
2025-07-31 16:29:27 [http-nio-8888-exec-5] INFO  o.s.c.c.s.e.NativeEnvironmentRepository - Adding property source: Config resource 'file [C:\Users\Admin\AppData\Local\Temp\config-repo-7817896606249654433\application.yaml]' via location 'file:/C:/Users/Admin/AppData/Local/Temp/config-repo-7817896606249654433/'
2025-07-31 16:30:54 [http-nio-8888-exec-7] DEBUG o.s.c.c.s.s.GitCredentialsProviderFactory - No credentials provider required for URI https://github.com/rourory/spring-cloud-repo.git
2025-07-31 16:30:55 [http-nio-8888-exec-7] INFO  o.s.c.c.s.e.NativeEnvironmentRepository - Adding property source: Config resource 'file [C:\Users\Admin\AppData\Local\Temp\config-repo-7817896606249654433\elastic-query-service\application-dev.yaml]' via location 'file:/C:/Users/Admin/AppData/Local/Temp/config-repo-7817896606249654433/elastic-query-service/'
2025-07-31 16:30:55 [http-nio-8888-exec-7] INFO  o.s.c.c.s.e.NativeEnvironmentRepository - Adding property source: Config resource 'file [C:\Users\Admin\AppData\Local\Temp\config-repo-7817896606249654433\application.yaml]' via location 'file:/C:/Users/Admin/AppData/Local/Temp/config-repo-7817896606249654433/'
2025-07-31 16:32:48 [http-nio-8888-exec-9] DEBUG o.s.c.c.s.s.GitCredentialsProviderFactory - No credentials provider required for URI https://github.com/rourory/spring-cloud-repo.git
2025-07-31 16:32:49 [http-nio-8888-exec-9] INFO  o.s.c.c.s.e.NativeEnvironmentRepository - Adding property source: Config resource 'file [C:\Users\Admin\AppData\Local\Temp\config-repo-7817896606249654433\elastic-query-service\application-dev.yaml]' via location 'file:/C:/Users/Admin/AppData/Local/Temp/config-repo-7817896606249654433/elastic-query-service/'
2025-07-31 16:32:49 [http-nio-8888-exec-9] INFO  o.s.c.c.s.e.NativeEnvironmentRepository - Adding property source: Config resource 'file [C:\Users\Admin\AppData\Local\Temp\config-repo-7817896606249654433\application.yaml]' via location 'file:/C:/Users/Admin/AppData/Local/Temp/config-repo-7817896606249654433/'
2025-07-31 16:35:07 [http-nio-8888-exec-1] DEBUG o.s.c.c.s.s.GitCredentialsProviderFactory - No credentials provider required for URI https://github.com/rourory/spring-cloud-repo.git
2025-07-31 16:35:08 [http-nio-8888-exec-1] INFO  o.s.c.c.s.e.NativeEnvironmentRepository - Adding property source: Config resource 'file [C:\Users\Admin\AppData\Local\Temp\config-repo-7817896606249654433\elastic-query-service\application-dev.yaml]' via location 'file:/C:/Users/Admin/AppData/Local/Temp/config-repo-7817896606249654433/elastic-query-service/'
2025-07-31 16:35:08 [http-nio-8888-exec-1] INFO  o.s.c.c.s.e.NativeEnvironmentRepository - Adding property source: Config resource 'file [C:\Users\Admin\AppData\Local\Temp\config-repo-7817896606249654433\application.yaml]' via location 'file:/C:/Users/Admin/AppData/Local/Temp/config-repo-7817896606249654433/'
2025-07-31 16:35:37 [Thread-3] WARN  o.s.c.c.s.e.MultipleJGitEnvironmentRepository - Failed to delete temporary directory on exit: java.nio.file.AccessDeniedException: C:\Users\Admin\AppData\Local\Temp\config-repo-7817896606249654433\.git\objects\pack\pack-ca73262383d9dd36ea0ef443dcd114df394c463a.idx
2025-07-31 16:35:37 [SpringApplicationShutdownHook] INFO  o.s.b.w.e.tomcat.GracefulShutdown - Commencing graceful shutdown. Waiting for active requests to complete
2025-07-31 16:35:37 [tomcat-shutdown] INFO  o.s.b.w.e.tomcat.GracefulShutdown - Graceful shutdown complete
2025-07-31 16:36:37 [background-preinit] INFO  o.h.validator.internal.util.Version - HV000001: Hibernate Validator 8.0.2.Final
2025-07-31 16:36:37 [main] INFO  c.m.demo.config.server.ConfigServer - Starting ConfigServer using Java 17.0.12 with PID 22100 (D:\Projects\JavaProjects\cloud_ex\microsorvices-demo\config-server\target\classes started by Admin in D:\Projects\JavaProjects\cloud_ex\microsorvices-demo)
2025-07-31 16:36:37 [main] INFO  c.m.demo.config.server.ConfigServer - No active profile set, falling back to 1 default profile: "default"
2025-07-31 16:36:38 [main] INFO  o.s.cloud.context.scope.GenericScope - BeanFactory id=9481ef09-9d3b-3b1f-afe9-a6d2c95ee90a
2025-07-31 16:36:38 [main] INFO  o.s.b.w.e.tomcat.TomcatWebServer - Tomcat initialized with port 8888 (http)
2025-07-31 16:36:38 [main] INFO  o.a.coyote.http11.Http11NioProtocol - Initializing ProtocolHandler ["http-nio-8888"]
2025-07-31 16:36:38 [main] INFO  o.a.catalina.core.StandardService - Starting service [Tomcat]
2025-07-31 16:36:38 [main] INFO  o.a.catalina.core.StandardEngine - Starting Servlet engine: [Apache Tomcat/10.1.42]
2025-07-31 16:36:38 [main] INFO  o.a.c.c.C.[Tomcat].[localhost].[/] - Initializing Spring embedded WebApplicationContext
2025-07-31 16:36:38 [main] INFO  o.s.b.w.s.c.ServletWebServerApplicationContext - Root WebApplicationContext: initialization completed in 1502 ms
2025-07-31 16:36:39 [main] INFO  o.s.s.c.a.a.c.InitializeUserDetailsBeanManagerConfigurer$InitializeUserDetailsManagerConfigurer - Global AuthenticationManager configured with UserDetailsService bean with name inMemoryUserDetailsManager
2025-07-31 16:36:40 [main] INFO  o.s.cloud.commons.util.InetUtils - Cannot determine local hostname
2025-07-31 16:36:41 [main] DEBUG o.s.c.c.s.s.GitCredentialsProviderFactory - No credentials provider required for URI https://github.com/rourory/spring-cloud-repo.git
2025-07-31 16:36:43 [main] INFO  o.a.coyote.http11.Http11NioProtocol - Starting ProtocolHandler ["http-nio-8888"]
2025-07-31 16:36:43 [main] INFO  o.s.b.w.e.tomcat.TomcatWebServer - Tomcat started on port 8888 (http) with context path '/'
2025-07-31 16:36:44 [main] INFO  o.s.cloud.commons.util.InetUtils - Cannot determine local hostname
2025-07-31 16:36:44 [main] INFO  c.m.demo.config.server.ConfigServer - Started ConfigServer in 9.16 seconds (process running for 10.7)
2025-07-31 16:36:53 [http-nio-8888-exec-1] INFO  o.a.c.c.C.[Tomcat].[localhost].[/] - Initializing Spring DispatcherServlet 'dispatcherServlet'
2025-07-31 16:36:53 [http-nio-8888-exec-1] INFO  o.s.web.servlet.DispatcherServlet - Initializing Servlet 'dispatcherServlet'
2025-07-31 16:36:53 [http-nio-8888-exec-1] INFO  o.s.web.servlet.DispatcherServlet - Completed initialization in 1 ms
2025-07-31 16:36:54 [http-nio-8888-exec-1] DEBUG o.s.c.c.s.s.GitCredentialsProviderFactory - No credentials provider required for URI https://github.com/rourory/spring-cloud-repo.git
2025-07-31 16:36:54 [http-nio-8888-exec-1] INFO  o.s.c.c.s.e.NativeEnvironmentRepository - Adding property source: Config resource 'file [C:\Users\Admin\AppData\Local\Temp\config-repo-15756251906839938838\elastic-query-service\application-dev.yaml]' via location 'file:/C:/Users/Admin/AppData/Local/Temp/config-repo-15756251906839938838/elastic-query-service/'
2025-07-31 16:36:54 [http-nio-8888-exec-1] INFO  o.s.c.c.s.e.NativeEnvironmentRepository - Adding property source: Config resource 'file [C:\Users\Admin\AppData\Local\Temp\config-repo-15756251906839938838\application.yaml]' via location 'file:/C:/Users/Admin/AppData/Local/Temp/config-repo-15756251906839938838/'
2025-07-31 16:38:15 [http-nio-8888-exec-3] DEBUG o.s.c.c.s.s.GitCredentialsProviderFactory - No credentials provider required for URI https://github.com/rourory/spring-cloud-repo.git
2025-07-31 16:38:16 [http-nio-8888-exec-3] INFO  o.s.c.c.s.e.NativeEnvironmentRepository - Adding property source: Config resource 'file [C:\Users\Admin\AppData\Local\Temp\config-repo-15756251906839938838\elastic-query-service\application-dev.yaml]' via location 'file:/C:/Users/Admin/AppData/Local/Temp/config-repo-15756251906839938838/elastic-query-service/'
2025-07-31 16:38:16 [http-nio-8888-exec-3] INFO  o.s.c.c.s.e.NativeEnvironmentRepository - Adding property source: Config resource 'file [C:\Users\Admin\AppData\Local\Temp\config-repo-15756251906839938838\application.yaml]' via location 'file:/C:/Users/Admin/AppData/Local/Temp/config-repo-15756251906839938838/'
2025-07-31 16:41:27 [http-nio-8888-exec-5] DEBUG o.s.c.c.s.s.GitCredentialsProviderFactory - No credentials provider required for URI https://github.com/rourory/spring-cloud-repo.git
2025-07-31 16:41:28 [http-nio-8888-exec-5] INFO  o.s.c.c.s.e.NativeEnvironmentRepository - Adding property source: Config resource 'file [C:\Users\Admin\AppData\Local\Temp\config-repo-15756251906839938838\elastic-query-service\application-dev.yaml]' via location 'file:/C:/Users/Admin/AppData/Local/Temp/config-repo-15756251906839938838/elastic-query-service/'
2025-07-31 16:41:28 [http-nio-8888-exec-5] INFO  o.s.c.c.s.e.NativeEnvironmentRepository - Adding property source: Config resource 'file [C:\Users\Admin\AppData\Local\Temp\config-repo-15756251906839938838\application.yaml]' via location 'file:/C:/Users/Admin/AppData/Local/Temp/config-repo-15756251906839938838/'
2025-07-31 16:42:58 [http-nio-8888-exec-7] DEBUG o.s.c.c.s.s.GitCredentialsProviderFactory - No credentials provider required for URI https://github.com/rourory/spring-cloud-repo.git
2025-07-31 16:42:59 [http-nio-8888-exec-7] INFO  o.s.c.c.s.e.NativeEnvironmentRepository - Adding property source: Config resource 'file [C:\Users\Admin\AppData\Local\Temp\config-repo-15756251906839938838\elastic-query-service\application-dev.yaml]' via location 'file:/C:/Users/Admin/AppData/Local/Temp/config-repo-15756251906839938838/elastic-query-service/'
2025-07-31 16:42:59 [http-nio-8888-exec-7] INFO  o.s.c.c.s.e.NativeEnvironmentRepository - Adding property source: Config resource 'file [C:\Users\Admin\AppData\Local\Temp\config-repo-15756251906839938838\application.yaml]' via location 'file:/C:/Users/Admin/AppData/Local/Temp/config-repo-15756251906839938838/'
2025-07-31 16:43:30 [SpringApplicationShutdownHook] INFO  o.s.b.w.e.tomcat.GracefulShutdown - Commencing graceful shutdown. Waiting for active requests to complete
2025-07-31 16:43:30 [Thread-3] WARN  o.s.c.c.s.e.MultipleJGitEnvironmentRepository - Failed to delete temporary directory on exit: java.nio.file.AccessDeniedException: C:\Users\Admin\AppData\Local\Temp\config-repo-15756251906839938838\.git\objects\pack\pack-f3fd82dd0e6f776753fcebefedbec15b3dd95c50.idx
2025-07-31 16:43:30 [tomcat-shutdown] INFO  o.s.b.w.e.tomcat.GracefulShutdown - Graceful shutdown complete
2025-07-31 16:44:35 [background-preinit] INFO  o.h.validator.internal.util.Version - HV000001: Hibernate Validator 8.0.2.Final
2025-07-31 16:44:35 [main] INFO  c.m.demo.config.server.ConfigServer - Starting ConfigServer using Java 17.0.12 with PID 20184 (D:\Projects\JavaProjects\cloud_ex\microsorvices-demo\config-server\target\classes started by Admin in D:\Projects\JavaProjects\cloud_ex\microsorvices-demo)
2025-07-31 16:44:35 [main] INFO  c.m.demo.config.server.ConfigServer - No active profile set, falling back to 1 default profile: "default"
2025-07-31 16:44:36 [main] INFO  o.s.cloud.context.scope.GenericScope - BeanFactory id=9481ef09-9d3b-3b1f-afe9-a6d2c95ee90a
2025-07-31 16:44:37 [main] INFO  o.s.b.w.e.tomcat.TomcatWebServer - Tomcat initialized with port 8888 (http)
2025-07-31 16:44:37 [main] INFO  o.a.coyote.http11.Http11NioProtocol - Initializing ProtocolHandler ["http-nio-8888"]
2025-07-31 16:44:37 [main] INFO  o.a.catalina.core.StandardService - Starting service [Tomcat]
2025-07-31 16:44:37 [main] INFO  o.a.catalina.core.StandardEngine - Starting Servlet engine: [Apache Tomcat/10.1.42]
2025-07-31 16:44:37 [main] INFO  o.a.c.c.C.[Tomcat].[localhost].[/] - Initializing Spring embedded WebApplicationContext
2025-07-31 16:44:37 [main] INFO  o.s.b.w.s.c.ServletWebServerApplicationContext - Root WebApplicationContext: initialization completed in 1528 ms
2025-07-31 16:44:38 [main] INFO  o.s.s.c.a.a.c.InitializeUserDetailsBeanManagerConfigurer$InitializeUserDetailsManagerConfigurer - Global AuthenticationManager configured with UserDetailsService bean with name inMemoryUserDetailsManager
2025-07-31 16:44:39 [main] INFO  o.s.cloud.commons.util.InetUtils - Cannot determine local hostname
2025-07-31 16:44:39 [main] DEBUG o.s.c.c.s.s.GitCredentialsProviderFactory - No credentials provider required for URI https://github.com/rourory/spring-cloud-repo.git
2025-07-31 16:44:41 [main] INFO  o.a.coyote.http11.Http11NioProtocol - Starting ProtocolHandler ["http-nio-8888"]
2025-07-31 16:44:41 [main] INFO  o.s.b.w.e.tomcat.TomcatWebServer - Tomcat started on port 8888 (http) with context path '/'
2025-07-31 16:44:42 [main] INFO  o.s.cloud.commons.util.InetUtils - Cannot determine local hostname
2025-07-31 16:44:42 [main] INFO  c.m.demo.config.server.ConfigServer - Started ConfigServer in 8.917 seconds (process running for 10.546)
2025-07-31 16:46:39 [http-nio-8888-exec-1] INFO  o.a.c.c.C.[Tomcat].[localhost].[/] - Initializing Spring DispatcherServlet 'dispatcherServlet'
2025-07-31 16:46:39 [http-nio-8888-exec-1] INFO  o.s.web.servlet.DispatcherServlet - Initializing Servlet 'dispatcherServlet'
2025-07-31 16:46:39 [http-nio-8888-exec-1] INFO  o.s.web.servlet.DispatcherServlet - Completed initialization in 1 ms
2025-07-31 16:46:39 [http-nio-8888-exec-1] DEBUG o.s.c.c.s.s.GitCredentialsProviderFactory - No credentials provider required for URI https://github.com/rourory/spring-cloud-repo.git
2025-07-31 16:46:40 [http-nio-8888-exec-1] INFO  o.s.c.c.s.e.NativeEnvironmentRepository - Adding property source: Config resource 'file [C:\Users\Admin\AppData\Local\Temp\config-repo-3127031573449721058\elastic-query-service\application-dev.yaml]' via location 'file:/C:/Users/Admin/AppData/Local/Temp/config-repo-3127031573449721058/elastic-query-service/'
2025-07-31 16:46:40 [http-nio-8888-exec-1] INFO  o.s.c.c.s.e.NativeEnvironmentRepository - Adding property source: Config resource 'file [C:\Users\Admin\AppData\Local\Temp\config-repo-3127031573449721058\application.yaml]' via location 'file:/C:/Users/Admin/AppData/Local/Temp/config-repo-3127031573449721058/'
2025-07-31 16:47:53 [http-nio-8888-exec-3] DEBUG o.s.c.c.s.s.GitCredentialsProviderFactory - No credentials provider required for URI https://github.com/rourory/spring-cloud-repo.git
2025-07-31 16:47:53 [http-nio-8888-exec-3] INFO  o.s.c.c.s.e.NativeEnvironmentRepository - Adding property source: Config resource 'file [C:\Users\Admin\AppData\Local\Temp\config-repo-3127031573449721058\kafka-to-elastic-service\application-dev.yaml]' via location 'file:/C:/Users/Admin/AppData/Local/Temp/config-repo-3127031573449721058/kafka-to-elastic-service/'
2025-07-31 16:47:53 [http-nio-8888-exec-3] INFO  o.s.c.c.s.e.NativeEnvironmentRepository - Adding property source: Config resource 'file [C:\Users\Admin\AppData\Local\Temp\config-repo-3127031573449721058\application.yaml]' via location 'file:/C:/Users/Admin/AppData/Local/Temp/config-repo-3127031573449721058/'
2025-07-31 16:49:22 [SpringApplicationShutdownHook] INFO  o.s.b.w.e.tomcat.GracefulShutdown - Commencing graceful shutdown. Waiting for active requests to complete
2025-07-31 16:49:22 [Thread-3] WARN  o.s.c.c.s.e.MultipleJGitEnvironmentRepository - Failed to delete temporary directory on exit: java.nio.file.AccessDeniedException: C:\Users\Admin\AppData\Local\Temp\config-repo-3127031573449721058\.git\objects\pack\pack-f3fd82dd0e6f776753fcebefedbec15b3dd95c50.idx
2025-07-31 16:49:23 [tomcat-shutdown] INFO  o.s.b.w.e.tomcat.GracefulShutdown - Graceful shutdown complete
