2025-08-08 13:35:46 [background-preinit] INFO  o.h.validator.internal.util.Version - HV000001: Hibernate Validator 8.0.2.Final
2025-08-08 13:35:46 [main] INFO  c.m.demo.config.server.ConfigServer - Starting ConfigServer using Java 17.0.12 with PID 4224 (D:\Projects\JavaProjects\cloud_ex\microsorvices-demo\config-server\target\classes started by Admin in D:\Projects\JavaProjects\cloud_ex\microsorvices-demo)
2025-08-08 13:35:46 [main] INFO  c.m.demo.config.server.ConfigServer - No active profile set, falling back to 1 default profile: "default"
2025-08-08 13:35:51 [main] INFO  o.s.cloud.context.scope.GenericScope - BeanFactory id=9481ef09-9d3b-3b1f-afe9-a6d2c95ee90a
2025-08-08 13:35:53 [main] INFO  o.s.b.w.e.tomcat.TomcatWebServer - Tomcat initialized with port 8888 (http)
2025-08-08 13:35:53 [main] INFO  o.a.coyote.http11.Http11NioProtocol - Initializing ProtocolHandler ["http-nio-8888"]
2025-08-08 13:35:53 [main] INFO  o.a.catalina.core.StandardService - Starting service [Tomcat]
2025-08-08 13:35:53 [main] INFO  o.a.catalina.core.StandardEngine - Starting Servlet engine: [Apache Tomcat/10.1.42]
2025-08-08 13:35:53 [main] INFO  o.a.c.c.C.[Tomcat].[localhost].[/] - Initializing Spring embedded WebApplicationContext
2025-08-08 13:35:53 [main] INFO  o.s.b.w.s.c.ServletWebServerApplicationContext - Root WebApplicationContext: initialization completed in 6676 ms
2025-08-08 13:35:57 [main] INFO  o.s.s.c.a.a.c.InitializeUserDetailsBeanManagerConfigurer$InitializeUserDetailsManagerConfigurer - Global AuthenticationManager configured with UserDetailsService bean with name inMemoryUserDetailsManager
2025-08-08 13:35:59 [main] INFO  o.s.cloud.commons.util.InetUtils - Cannot determine local hostname
2025-08-08 13:36:00 [main] DEBUG o.s.c.c.s.s.GitCredentialsProviderFactory - No credentials provider required for URI https://github.com/rourory/spring-cloud-repo.git
2025-08-08 13:36:05 [main] INFO  o.a.coyote.http11.Http11NioProtocol - Starting ProtocolHandler ["http-nio-8888"]
2025-08-08 13:36:05 [main] INFO  o.s.b.w.e.tomcat.TomcatWebServer - Tomcat started on port 8888 (http) with context path '/'
2025-08-08 13:36:07 [main] INFO  o.s.cloud.commons.util.InetUtils - Cannot determine local hostname
2025-08-08 13:36:07 [main] INFO  c.m.demo.config.server.ConfigServer - Started ConfigServer in 24.403 seconds (process running for 29.04)
2025-08-08 13:42:13 [http-nio-8888-exec-1] INFO  o.a.c.c.C.[Tomcat].[localhost].[/] - Initializing Spring DispatcherServlet 'dispatcherServlet'
2025-08-08 13:42:13 [http-nio-8888-exec-1] INFO  o.s.web.servlet.DispatcherServlet - Initializing Servlet 'dispatcherServlet'
2025-08-08 13:42:13 [http-nio-8888-exec-1] INFO  o.s.web.servlet.DispatcherServlet - Completed initialization in 1 ms
2025-08-08 13:42:13 [http-nio-8888-exec-1] DEBUG o.s.c.c.s.s.GitCredentialsProviderFactory - No credentials provider required for URI https://github.com/rourory/spring-cloud-repo.git
2025-08-08 13:42:14 [http-nio-8888-exec-1] INFO  o.s.c.c.s.e.NativeEnvironmentRepository - Adding property source: Config resource 'file [C:\Users\Admin\AppData\Local\Temp\config-repo-17940647769659649619\elastic-query-service\application-dev.yaml]' via location 'file:/C:/Users/Admin/AppData/Local/Temp/config-repo-17940647769659649619/elastic-query-service/'
2025-08-08 13:42:14 [http-nio-8888-exec-1] INFO  o.s.c.c.s.e.NativeEnvironmentRepository - Adding property source: Config resource 'file [C:\Users\Admin\AppData\Local\Temp\config-repo-17940647769659649619\application.yaml]' via location 'file:/C:/Users/Admin/AppData/Local/Temp/config-repo-17940647769659649619/'
2025-08-08 14:02:35 [http-nio-8888-exec-4] DEBUG o.s.c.c.s.s.GitCredentialsProviderFactory - No credentials provider required for URI https://github.com/rourory/spring-cloud-repo.git
2025-08-08 14:02:36 [http-nio-8888-exec-4] INFO  o.s.c.c.s.e.NativeEnvironmentRepository - Adding property source: Config resource 'file [C:\Users\Admin\AppData\Local\Temp\config-repo-17940647769659649619\elastic-query-service\application-dev.yaml]' via location 'file:/C:/Users/Admin/AppData/Local/Temp/config-repo-17940647769659649619/elastic-query-service/'
2025-08-08 14:02:36 [http-nio-8888-exec-4] INFO  o.s.c.c.s.e.NativeEnvironmentRepository - Adding property source: Config resource 'file [C:\Users\Admin\AppData\Local\Temp\config-repo-17940647769659649619\application.yaml]' via location 'file:/C:/Users/Admin/AppData/Local/Temp/config-repo-17940647769659649619/'
2025-08-08 14:05:00 [http-nio-8888-exec-8] DEBUG o.s.c.c.s.s.GitCredentialsProviderFactory - No credentials provider required for URI https://github.com/rourory/spring-cloud-repo.git
2025-08-08 14:05:02 [http-nio-8888-exec-8] INFO  o.s.c.c.s.e.NativeEnvironmentRepository - Adding property source: Config resource 'file [C:\Users\Admin\AppData\Local\Temp\config-repo-17940647769659649619\elastic-query-service\application-dev.yaml]' via location 'file:/C:/Users/Admin/AppData/Local/Temp/config-repo-17940647769659649619/elastic-query-service/'
2025-08-08 14:05:02 [http-nio-8888-exec-8] INFO  o.s.c.c.s.e.NativeEnvironmentRepository - Adding property source: Config resource 'file [C:\Users\Admin\AppData\Local\Temp\config-repo-17940647769659649619\application.yaml]' via location 'file:/C:/Users/Admin/AppData/Local/Temp/config-repo-17940647769659649619/'
2025-08-08 14:18:25 [SpringApplicationShutdownHook] INFO  o.s.b.w.e.tomcat.GracefulShutdown - Commencing graceful shutdown. Waiting for active requests to complete
2025-08-08 14:18:25 [Thread-3] WARN  o.s.c.c.s.e.MultipleJGitEnvironmentRepository - Failed to delete temporary directory on exit: java.nio.file.AccessDeniedException: C:\Users\Admin\AppData\Local\Temp\config-repo-17940647769659649619\.git\objects\pack\pack-0f5c938e08a2b10462c28b72c6f063714554628d.idx
2025-08-08 14:18:26 [tomcat-shutdown] INFO  o.s.b.w.e.tomcat.GracefulShutdown - Graceful shutdown complete
