2025-07-27 10:41:50 [background-preinit] INFO  o.h.validator.internal.util.Version - HV000001: Hibernate Validator 8.0.2.Final
2025-07-27 10:41:51 [main] INFO  c.m.demo.config.server.ConfigServer - Starting ConfigServer using Java 17.0.12 with PID 12828 (D:\Projects\JavaProjects\cloud_ex\microsorvices-demo\config-server\target\classes started by Admin in D:\Projects\JavaProjects\cloud_ex\microsorvices-demo)
2025-07-27 10:41:51 [main] INFO  c.m.demo.config.server.ConfigServer - No active profile set, falling back to 1 default profile: "default"
2025-07-27 10:41:54 [main] INFO  o.s.cloud.context.scope.GenericScope - BeanFactory id=20c033ca-04da-38fa-afd9-f1954dbc9633
2025-07-27 10:41:57 [main] INFO  o.s.b.w.e.tomcat.TomcatWebServer - Tomcat initialized with port 8888 (http)
2025-07-27 10:41:57 [main] INFO  o.a.coyote.http11.Http11NioProtocol - Initializing ProtocolHandler ["http-nio-8888"]
2025-07-27 10:41:57 [main] INFO  o.a.catalina.core.StandardService - Starting service [Tomcat]
2025-07-27 10:41:57 [main] INFO  o.a.catalina.core.StandardEngine - Starting Servlet engine: [Apache Tomcat/10.1.42]
2025-07-27 10:41:57 [main] INFO  o.a.c.c.C.[Tomcat].[localhost].[/] - Initializing Spring embedded WebApplicationContext
2025-07-27 10:41:57 [main] INFO  o.s.b.w.s.c.ServletWebServerApplicationContext - Root WebApplicationContext: initialization completed in 6347 ms
2025-07-27 10:42:00 [main] INFO  o.s.cloud.commons.util.InetUtils - Cannot determine local hostname
2025-07-27 10:42:01 [main] INFO  o.a.coyote.http11.Http11NioProtocol - Starting ProtocolHandler ["http-nio-8888"]
2025-07-27 10:42:01 [main] INFO  o.s.b.w.e.tomcat.TomcatWebServer - Tomcat started on port 8888 (http) with context path '/'
2025-07-27 10:42:02 [main] INFO  o.s.cloud.commons.util.InetUtils - Cannot determine local hostname
2025-07-27 10:42:02 [main] INFO  c.m.demo.config.server.ConfigServer - Started ConfigServer in 14.615 seconds (process running for 18.452)
2025-07-27 11:35:48 [http-nio-8888-exec-1] INFO  o.a.c.c.C.[Tomcat].[localhost].[/] - Initializing Spring DispatcherServlet 'dispatcherServlet'
2025-07-27 11:35:48 [http-nio-8888-exec-1] INFO  o.s.web.servlet.DispatcherServlet - Initializing Servlet 'dispatcherServlet'
2025-07-27 11:35:48 [http-nio-8888-exec-1] INFO  o.s.web.servlet.DispatcherServlet - Completed initialization in 28 ms
2025-07-27 11:35:49 [http-nio-8888-exec-1] DEBUG o.s.c.c.s.s.GitCredentialsProviderFactory - No credentials provider required for URI file:///D:\Projects\JavaProjects\cloud_ex\microsorvices-demo\config-server-repository
2025-07-27 11:35:49 [http-nio-8888-exec-1] WARN  o.s.c.c.s.e.HttpClientConfigurableHttpConnectionFactory - No custom http config found for URL: https://github.com/rourory/spring-cloud-repo.git/info/refs?service=git-upload-pack
2025-07-27 11:35:50 [http-nio-8888-exec-1] WARN  o.s.c.c.s.e.HttpClientConfigurableHttpConnectionFactory - No custom http config found for URL: https://github.com/rourory/spring-cloud-repo.git/git-upload-pack
2025-07-27 11:35:50 [http-nio-8888-exec-2] DEBUG o.s.c.c.s.s.GitCredentialsProviderFactory - No credentials provider required for URI file:///D:\Projects\JavaProjects\cloud_ex\microsorvices-demo\config-server-repository
2025-07-27 11:35:50 [http-nio-8888-exec-2] WARN  o.s.c.c.s.e.HttpClientConfigurableHttpConnectionFactory - No custom http config found for URL: https://github.com/rourory/spring-cloud-repo.git/info/refs?service=git-upload-pack
2025-07-27 11:35:50 [http-nio-8888-exec-2] WARN  o.s.c.c.s.e.HttpClientConfigurableHttpConnectionFactory - No custom http config found for URL: https://github.com/rourory/spring-cloud-repo.git/git-upload-pack
2025-07-27 11:35:51 [http-nio-8888-exec-2] INFO  o.s.c.c.s.e.NativeEnvironmentRepository - Adding property source: Config resource 'file [D:\Projects\JavaProjects\cloud_ex\microsorvices-demo\config-server-repository\mastodon-to-kafka-service-dev.yaml]' via location 'file:/D:/Projects/JavaProjects/cloud_ex/microsorvices-demo/config-server-repository/'
2025-07-27 11:45:59 [SpringApplicationShutdownHook] INFO  o.s.b.w.e.tomcat.GracefulShutdown - Commencing graceful shutdown. Waiting for active requests to complete
2025-07-27 11:45:59 [tomcat-shutdown] INFO  o.s.b.w.e.tomcat.GracefulShutdown - Graceful shutdown complete
2025-07-27 11:49:53 [background-preinit] INFO  o.h.validator.internal.util.Version - HV000001: Hibernate Validator 8.0.2.Final
2025-07-27 11:49:53 [main] INFO  c.m.demo.config.server.ConfigServer - Starting ConfigServer using Java 17.0.12 with PID 3884 (D:\Projects\JavaProjects\cloud_ex\microsorvices-demo\config-server\target\classes started by Admin in D:\Projects\JavaProjects\cloud_ex\microsorvices-demo)
2025-07-27 11:49:53 [main] INFO  c.m.demo.config.server.ConfigServer - No active profile set, falling back to 1 default profile: "default"
2025-07-27 11:49:55 [main] INFO  o.s.cloud.context.scope.GenericScope - BeanFactory id=20c033ca-04da-38fa-afd9-f1954dbc9633
2025-07-27 11:49:56 [main] INFO  o.s.b.w.e.tomcat.TomcatWebServer - Tomcat initialized with port 8888 (http)
2025-07-27 11:49:56 [main] INFO  o.a.coyote.http11.Http11NioProtocol - Initializing ProtocolHandler ["http-nio-8888"]
2025-07-27 11:49:56 [main] INFO  o.a.catalina.core.StandardService - Starting service [Tomcat]
2025-07-27 11:49:56 [main] INFO  o.a.catalina.core.StandardEngine - Starting Servlet engine: [Apache Tomcat/10.1.42]
2025-07-27 11:49:56 [main] INFO  o.a.c.c.C.[Tomcat].[localhost].[/] - Initializing Spring embedded WebApplicationContext
2025-07-27 11:49:56 [main] INFO  o.s.b.w.s.c.ServletWebServerApplicationContext - Root WebApplicationContext: initialization completed in 2789 ms
2025-07-27 11:49:59 [main] INFO  o.s.cloud.commons.util.InetUtils - Cannot determine local hostname
2025-07-27 11:49:59 [main] INFO  o.a.coyote.http11.Http11NioProtocol - Starting ProtocolHandler ["http-nio-8888"]
2025-07-27 11:49:59 [main] INFO  o.s.b.w.e.tomcat.TomcatWebServer - Tomcat started on port 8888 (http) with context path '/'
2025-07-27 11:50:00 [main] INFO  o.s.cloud.commons.util.InetUtils - Cannot determine local hostname
2025-07-27 11:50:00 [main] INFO  c.m.demo.config.server.ConfigServer - Started ConfigServer in 9.218 seconds (process running for 11.35)
2025-07-27 11:50:42 [http-nio-8888-exec-1] INFO  o.a.c.c.C.[Tomcat].[localhost].[/] - Initializing Spring DispatcherServlet 'dispatcherServlet'
2025-07-27 11:50:42 [http-nio-8888-exec-1] INFO  o.s.web.servlet.DispatcherServlet - Initializing Servlet 'dispatcherServlet'
2025-07-27 11:50:42 [http-nio-8888-exec-1] INFO  o.s.web.servlet.DispatcherServlet - Completed initialization in 1 ms
2025-07-27 11:50:43 [http-nio-8888-exec-1] DEBUG o.s.c.c.s.s.GitCredentialsProviderFactory - No credentials provider required for URI file:///D:\Projects\JavaProjects\cloud_ex\microsorvices-demo\config-server-repository
2025-07-27 11:50:43 [http-nio-8888-exec-1] WARN  o.s.c.c.s.e.HttpClientConfigurableHttpConnectionFactory - No custom http config found for URL: https://github.com/rourory/spring-cloud-repo.git/info/refs?service=git-upload-pack
2025-07-27 11:50:44 [http-nio-8888-exec-1] WARN  o.s.c.c.s.e.HttpClientConfigurableHttpConnectionFactory - No custom http config found for URL: https://github.com/rourory/spring-cloud-repo.git/git-upload-pack
2025-07-27 11:50:44 [http-nio-8888-exec-2] DEBUG o.s.c.c.s.s.GitCredentialsProviderFactory - No credentials provider required for URI file:///D:\Projects\JavaProjects\cloud_ex\microsorvices-demo\config-server-repository
2025-07-27 11:50:44 [http-nio-8888-exec-2] WARN  o.s.c.c.s.e.HttpClientConfigurableHttpConnectionFactory - No custom http config found for URL: https://github.com/rourory/spring-cloud-repo.git/info/refs?service=git-upload-pack
2025-07-27 11:50:45 [http-nio-8888-exec-2] WARN  o.s.c.c.s.e.HttpClientConfigurableHttpConnectionFactory - No custom http config found for URL: https://github.com/rourory/spring-cloud-repo.git/git-upload-pack
2025-07-27 11:50:45 [http-nio-8888-exec-2] INFO  o.s.c.c.s.e.NativeEnvironmentRepository - Adding property source: Config resource 'file [D:\Projects\JavaProjects\cloud_ex\microsorvices-demo\config-server-repository\mastodon-to-kafka-service-dev.yaml]' via location 'file:/D:/Projects/JavaProjects/cloud_ex/microsorvices-demo/config-server-repository/'
2025-07-27 11:52:04 [http-nio-8888-exec-4] DEBUG o.s.c.c.s.s.GitCredentialsProviderFactory - No credentials provider required for URI file:///D:\Projects\JavaProjects\cloud_ex\microsorvices-demo\config-server-repository
2025-07-27 11:52:04 [http-nio-8888-exec-4] WARN  o.s.c.c.s.e.HttpClientConfigurableHttpConnectionFactory - No custom http config found for URL: https://github.com/rourory/spring-cloud-repo.git/info/refs?service=git-upload-pack
2025-07-27 11:52:04 [http-nio-8888-exec-4] WARN  o.s.c.c.s.e.HttpClientConfigurableHttpConnectionFactory - No custom http config found for URL: https://github.com/rourory/spring-cloud-repo.git/git-upload-pack
2025-07-27 11:52:04 [http-nio-8888-exec-5] DEBUG o.s.c.c.s.s.GitCredentialsProviderFactory - No credentials provider required for URI file:///D:\Projects\JavaProjects\cloud_ex\microsorvices-demo\config-server-repository
2025-07-27 11:52:04 [http-nio-8888-exec-5] WARN  o.s.c.c.s.e.HttpClientConfigurableHttpConnectionFactory - No custom http config found for URL: https://github.com/rourory/spring-cloud-repo.git/info/refs?service=git-upload-pack
2025-07-27 11:52:05 [http-nio-8888-exec-5] WARN  o.s.c.c.s.e.HttpClientConfigurableHttpConnectionFactory - No custom http config found for URL: https://github.com/rourory/spring-cloud-repo.git/git-upload-pack
2025-07-27 11:52:05 [http-nio-8888-exec-5] INFO  o.s.c.c.s.e.NativeEnvironmentRepository - Adding property source: Config resource 'file [D:\Projects\JavaProjects\cloud_ex\microsorvices-demo\config-server-repository\mastodon-to-kafka-service-dev.yaml]' via location 'file:/D:/Projects/JavaProjects/cloud_ex/microsorvices-demo/config-server-repository/'
2025-07-27 12:00:30 [http-nio-8888-exec-7] DEBUG o.s.c.c.s.s.GitCredentialsProviderFactory - No credentials provider required for URI file:///D:\Projects\JavaProjects\cloud_ex\microsorvices-demo\config-server-repository
2025-07-27 12:00:30 [http-nio-8888-exec-7] WARN  o.s.c.c.s.e.HttpClientConfigurableHttpConnectionFactory - No custom http config found for URL: https://github.com/rourory/spring-cloud-repo.git/info/refs?service=git-upload-pack
2025-07-27 12:00:30 [http-nio-8888-exec-7] WARN  o.s.c.c.s.e.HttpClientConfigurableHttpConnectionFactory - No custom http config found for URL: https://github.com/rourory/spring-cloud-repo.git/git-upload-pack
2025-07-27 12:00:30 [http-nio-8888-exec-8] DEBUG o.s.c.c.s.s.GitCredentialsProviderFactory - No credentials provider required for URI file:///D:\Projects\JavaProjects\cloud_ex\microsorvices-demo\config-server-repository
2025-07-27 12:00:30 [http-nio-8888-exec-8] WARN  o.s.c.c.s.e.HttpClientConfigurableHttpConnectionFactory - No custom http config found for URL: https://github.com/rourory/spring-cloud-repo.git/info/refs?service=git-upload-pack
2025-07-27 12:00:31 [http-nio-8888-exec-8] WARN  o.s.c.c.s.e.HttpClientConfigurableHttpConnectionFactory - No custom http config found for URL: https://github.com/rourory/spring-cloud-repo.git/git-upload-pack
2025-07-27 12:00:31 [http-nio-8888-exec-8] INFO  o.s.c.c.s.e.NativeEnvironmentRepository - Adding property source: Config resource 'file [D:\Projects\JavaProjects\cloud_ex\microsorvices-demo\config-server-repository\mastodon-to-kafka-service-dev.yaml]' via location 'file:/D:/Projects/JavaProjects/cloud_ex/microsorvices-demo/config-server-repository/'
2025-07-27 12:01:08 [SpringApplicationShutdownHook] INFO  o.s.b.w.e.tomcat.GracefulShutdown - Commencing graceful shutdown. Waiting for active requests to complete
2025-07-27 12:01:08 [tomcat-shutdown] INFO  o.s.b.w.e.tomcat.GracefulShutdown - Graceful shutdown complete
2025-07-27 12:22:49 [background-preinit] INFO  o.h.validator.internal.util.Version - HV000001: Hibernate Validator 8.0.2.Final
2025-07-27 12:22:49 [main] INFO  c.m.demo.config.server.ConfigServer - Starting ConfigServer using Java 17.0.12 with PID 17224 (D:\Projects\JavaProjects\cloud_ex\microsorvices-demo\config-server\target\classes started by Admin in D:\Projects\JavaProjects\cloud_ex\microsorvices-demo)
2025-07-27 12:22:49 [main] INFO  c.m.demo.config.server.ConfigServer - No active profile set, falling back to 1 default profile: "default"
2025-07-27 12:22:51 [main] INFO  o.s.cloud.context.scope.GenericScope - BeanFactory id=20c033ca-04da-38fa-afd9-f1954dbc9633
2025-07-27 12:22:52 [main] INFO  o.s.b.w.e.tomcat.TomcatWebServer - Tomcat initialized with port 8888 (http)
2025-07-27 12:22:52 [main] INFO  o.a.coyote.http11.Http11NioProtocol - Initializing ProtocolHandler ["http-nio-8888"]
2025-07-27 12:22:52 [main] INFO  o.a.catalina.core.StandardService - Starting service [Tomcat]
2025-07-27 12:22:52 [main] INFO  o.a.catalina.core.StandardEngine - Starting Servlet engine: [Apache Tomcat/10.1.42]
2025-07-27 12:22:52 [main] INFO  o.a.c.c.C.[Tomcat].[localhost].[/] - Initializing Spring embedded WebApplicationContext
2025-07-27 12:22:52 [main] INFO  o.s.b.w.s.c.ServletWebServerApplicationContext - Root WebApplicationContext: initialization completed in 2968 ms
2025-07-27 12:22:54 [main] INFO  o.s.cloud.commons.util.InetUtils - Cannot determine local hostname
2025-07-27 12:22:55 [main] INFO  o.a.coyote.http11.Http11NioProtocol - Starting ProtocolHandler ["http-nio-8888"]
2025-07-27 12:22:55 [main] INFO  o.s.b.w.e.tomcat.TomcatWebServer - Tomcat started on port 8888 (http) with context path '/'
2025-07-27 12:22:56 [main] INFO  o.s.cloud.commons.util.InetUtils - Cannot determine local hostname
2025-07-27 12:22:56 [main] INFO  c.m.demo.config.server.ConfigServer - Started ConfigServer in 10.174 seconds (process running for 13.274)
2025-07-27 12:23:10 [http-nio-8888-exec-1] INFO  o.a.c.c.C.[Tomcat].[localhost].[/] - Initializing Spring DispatcherServlet 'dispatcherServlet'
2025-07-27 12:23:10 [http-nio-8888-exec-1] INFO  o.s.web.servlet.DispatcherServlet - Initializing Servlet 'dispatcherServlet'
2025-07-27 12:23:10 [http-nio-8888-exec-1] INFO  o.s.web.servlet.DispatcherServlet - Completed initialization in 1 ms
2025-07-27 12:23:11 [http-nio-8888-exec-1] DEBUG o.s.c.c.s.s.GitCredentialsProviderFactory - No credentials provider required for URI file:///D:\Projects\JavaProjects\cloud_ex\microsorvices-demo\config-server-repository
2025-07-27 12:23:11 [http-nio-8888-exec-1] WARN  o.s.c.c.s.e.HttpClientConfigurableHttpConnectionFactory - No custom http config found for URL: https://github.com/rourory/spring-cloud-repo.git/info/refs?service=git-upload-pack
2025-07-27 12:23:12 [http-nio-8888-exec-1] WARN  o.s.c.c.s.e.HttpClientConfigurableHttpConnectionFactory - No custom http config found for URL: https://github.com/rourory/spring-cloud-repo.git/git-upload-pack
2025-07-27 12:23:13 [http-nio-8888-exec-4] DEBUG o.s.c.c.s.s.GitCredentialsProviderFactory - No credentials provider required for URI file:///D:\Projects\JavaProjects\cloud_ex\microsorvices-demo\config-server-repository
2025-07-27 12:23:13 [http-nio-8888-exec-4] WARN  o.s.c.c.s.e.HttpClientConfigurableHttpConnectionFactory - No custom http config found for URL: https://github.com/rourory/spring-cloud-repo.git/info/refs?service=git-upload-pack
2025-07-27 12:23:13 [http-nio-8888-exec-4] WARN  o.s.c.c.s.e.HttpClientConfigurableHttpConnectionFactory - No custom http config found for URL: https://github.com/rourory/spring-cloud-repo.git/git-upload-pack
2025-07-27 12:23:13 [http-nio-8888-exec-4] INFO  o.s.c.c.s.e.NativeEnvironmentRepository - Adding property source: Config resource 'file [D:\Projects\JavaProjects\cloud_ex\microsorvices-demo\config-server-repository\mastodon-to-kafka-service-dev.yaml]' via location 'file:/D:/Projects/JavaProjects/cloud_ex/microsorvices-demo/config-server-repository/'
2025-07-27 12:39:08 [SpringApplicationShutdownHook] INFO  o.s.b.w.e.tomcat.GracefulShutdown - Commencing graceful shutdown. Waiting for active requests to complete
2025-07-27 12:39:08 [tomcat-shutdown] INFO  o.s.b.w.e.tomcat.GracefulShutdown - Graceful shutdown complete
2025-07-27 12:45:16 [background-preinit] INFO  o.h.validator.internal.util.Version - HV000001: Hibernate Validator 8.0.2.Final
2025-07-27 12:45:16 [main] INFO  c.m.demo.config.server.ConfigServer - Starting ConfigServer using Java 17.0.12 with PID 18144 (D:\Projects\JavaProjects\cloud_ex\microsorvices-demo\config-server\target\classes started by Admin in D:\Projects\JavaProjects\cloud_ex\microsorvices-demo)
2025-07-27 12:45:16 [main] INFO  c.m.demo.config.server.ConfigServer - No active profile set, falling back to 1 default profile: "default"
2025-07-27 12:45:17 [main] INFO  o.s.cloud.context.scope.GenericScope - BeanFactory id=20c033ca-04da-38fa-afd9-f1954dbc9633
2025-07-27 12:45:17 [main] INFO  o.s.b.w.e.tomcat.TomcatWebServer - Tomcat initialized with port 8888 (http)
2025-07-27 12:45:17 [main] INFO  o.a.coyote.http11.Http11NioProtocol - Initializing ProtocolHandler ["http-nio-8888"]
2025-07-27 12:45:17 [main] INFO  o.a.catalina.core.StandardService - Starting service [Tomcat]
2025-07-27 12:45:17 [main] INFO  o.a.catalina.core.StandardEngine - Starting Servlet engine: [Apache Tomcat/10.1.42]
2025-07-27 12:45:17 [main] INFO  o.a.c.c.C.[Tomcat].[localhost].[/] - Initializing Spring embedded WebApplicationContext
2025-07-27 12:45:17 [main] INFO  o.s.b.w.s.c.ServletWebServerApplicationContext - Root WebApplicationContext: initialization completed in 1340 ms
2025-07-27 12:45:19 [main] INFO  o.s.cloud.commons.util.InetUtils - Cannot determine local hostname
2025-07-27 12:45:19 [main] DEBUG o.s.c.c.s.s.GitCredentialsProviderFactory - No credentials provider required for URI https://github.com/rourory/spring-cloud-repo.git
2025-07-27 12:45:21 [main] INFO  o.a.coyote.http11.Http11NioProtocol - Starting ProtocolHandler ["http-nio-8888"]
2025-07-27 12:45:21 [main] INFO  o.s.b.w.e.tomcat.TomcatWebServer - Tomcat started on port 8888 (http) with context path '/'
2025-07-27 12:45:22 [main] INFO  o.s.cloud.commons.util.InetUtils - Cannot determine local hostname
2025-07-27 12:45:22 [main] INFO  c.m.demo.config.server.ConfigServer - Started ConfigServer in 8.154 seconds (process running for 9.636)
2025-07-27 12:49:29 [SpringApplicationShutdownHook] INFO  o.s.b.w.e.tomcat.GracefulShutdown - Commencing graceful shutdown. Waiting for active requests to complete
2025-07-27 12:49:29 [Thread-3] WARN  o.s.c.c.s.e.MultipleJGitEnvironmentRepository - Failed to delete temporary directory on exit: java.nio.file.AccessDeniedException: C:\Users\Admin\AppData\Local\Temp\config-repo-7683652574610836490\.git\objects\pack\pack-510060c8d5baf435826f35a2972114f7399281f5.idx
2025-07-27 12:49:29 [tomcat-shutdown] INFO  o.s.b.w.e.tomcat.GracefulShutdown - Graceful shutdown complete
2025-07-27 13:22:10 [background-preinit] INFO  o.h.validator.internal.util.Version - HV000001: Hibernate Validator 8.0.2.Final
2025-07-27 13:22:10 [main] INFO  c.m.demo.config.server.ConfigServer - Starting ConfigServer using Java 17.0.12 with PID 9788 (D:\Projects\JavaProjects\cloud_ex\microsorvices-demo\config-server\target\classes started by Admin in D:\Projects\JavaProjects\cloud_ex\microsorvices-demo)
2025-07-27 13:22:10 [main] INFO  c.m.demo.config.server.ConfigServer - No active profile set, falling back to 1 default profile: "default"
2025-07-27 13:22:11 [main] INFO  o.s.cloud.context.scope.GenericScope - BeanFactory id=20c033ca-04da-38fa-afd9-f1954dbc9633
2025-07-27 13:22:11 [main] INFO  o.s.b.w.e.tomcat.TomcatWebServer - Tomcat initialized with port 8888 (http)
2025-07-27 13:22:11 [main] INFO  o.a.coyote.http11.Http11NioProtocol - Initializing ProtocolHandler ["http-nio-8888"]
2025-07-27 13:22:11 [main] INFO  o.a.catalina.core.StandardService - Starting service [Tomcat]
2025-07-27 13:22:11 [main] INFO  o.a.catalina.core.StandardEngine - Starting Servlet engine: [Apache Tomcat/10.1.42]
2025-07-27 13:22:11 [main] INFO  o.a.c.c.C.[Tomcat].[localhost].[/] - Initializing Spring embedded WebApplicationContext
2025-07-27 13:22:11 [main] INFO  o.s.b.w.s.c.ServletWebServerApplicationContext - Root WebApplicationContext: initialization completed in 1468 ms
2025-07-27 13:22:13 [main] INFO  o.s.cloud.commons.util.InetUtils - Cannot determine local hostname
2025-07-27 13:22:13 [main] DEBUG o.s.c.c.s.s.GitCredentialsProviderFactory - No credentials provider required for URI https://github.com/rourory/spring-cloud-repo.git
2025-07-27 13:22:15 [main] INFO  o.a.coyote.http11.Http11NioProtocol - Starting ProtocolHandler ["http-nio-8888"]
2025-07-27 13:22:15 [main] INFO  o.s.b.w.e.tomcat.TomcatWebServer - Tomcat started on port 8888 (http) with context path '/'
2025-07-27 13:22:16 [main] INFO  o.s.cloud.commons.util.InetUtils - Cannot determine local hostname
2025-07-27 13:22:16 [main] INFO  c.m.demo.config.server.ConfigServer - Started ConfigServer in 8.729 seconds (process running for 10.612)
2025-07-27 13:23:38 [http-nio-8888-exec-1] INFO  o.a.c.c.C.[Tomcat].[localhost].[/] - Initializing Spring DispatcherServlet 'dispatcherServlet'
2025-07-27 13:23:38 [http-nio-8888-exec-1] INFO  o.s.web.servlet.DispatcherServlet - Initializing Servlet 'dispatcherServlet'
2025-07-27 13:23:38 [http-nio-8888-exec-1] INFO  o.s.web.servlet.DispatcherServlet - Completed initialization in 2 ms
2025-07-27 13:23:39 [http-nio-8888-exec-1] DEBUG o.s.c.c.s.s.GitCredentialsProviderFactory - No credentials provider required for URI https://github.com/rourory/spring-cloud-repo.git
2025-07-27 13:23:39 [http-nio-8888-exec-2] DEBUG o.s.c.c.s.s.GitCredentialsProviderFactory - No credentials provider required for URI https://github.com/rourory/spring-cloud-repo.git
2025-07-27 13:23:40 [http-nio-8888-exec-2] INFO  o.s.c.c.s.e.NativeEnvironmentRepository - Adding property source: Config resource 'file [C:\Users\Admin\AppData\Local\Temp\config-repo-11845826522470987716\mastodon-to-kafka-service-dev.yaml]' via location 'file:/C:/Users/Admin/AppData/Local/Temp/config-repo-11845826522470987716/'
2025-07-27 13:24:55 [SpringApplicationShutdownHook] INFO  o.s.b.w.e.tomcat.GracefulShutdown - Commencing graceful shutdown. Waiting for active requests to complete
2025-07-27 13:24:55 [Thread-3] WARN  o.s.c.c.s.e.MultipleJGitEnvironmentRepository - Failed to delete temporary directory on exit: java.nio.file.AccessDeniedException: C:\Users\Admin\AppData\Local\Temp\config-repo-11845826522470987716\.git\objects\pack\pack-510060c8d5baf435826f35a2972114f7399281f5.idx
2025-07-27 13:24:56 [tomcat-shutdown] INFO  o.s.b.w.e.tomcat.GracefulShutdown - Graceful shutdown complete
2025-07-27 13:29:49 [background-preinit] INFO  o.h.validator.internal.util.Version - HV000001: Hibernate Validator 8.0.2.Final
2025-07-27 13:29:49 [main] INFO  c.m.demo.config.server.ConfigServer - Starting ConfigServer using Java 17.0.12 with PID 16644 (D:\Projects\JavaProjects\cloud_ex\microsorvices-demo\config-server\target\classes started by Admin in D:\Projects\JavaProjects\cloud_ex\microsorvices-demo)
2025-07-27 13:29:49 [main] INFO  c.m.demo.config.server.ConfigServer - No active profile set, falling back to 1 default profile: "default"
2025-07-27 13:29:51 [main] INFO  o.s.cloud.context.scope.GenericScope - BeanFactory id=20c033ca-04da-38fa-afd9-f1954dbc9633
2025-07-27 13:29:52 [main] INFO  o.s.b.w.e.tomcat.TomcatWebServer - Tomcat initialized with port 8888 (http)
2025-07-27 13:29:52 [main] INFO  o.a.coyote.http11.Http11NioProtocol - Initializing ProtocolHandler ["http-nio-8888"]
2025-07-27 13:29:52 [main] INFO  o.a.catalina.core.StandardService - Starting service [Tomcat]
2025-07-27 13:29:52 [main] INFO  o.a.catalina.core.StandardEngine - Starting Servlet engine: [Apache Tomcat/10.1.42]
2025-07-27 13:29:52 [main] INFO  o.a.c.c.C.[Tomcat].[localhost].[/] - Initializing Spring embedded WebApplicationContext
2025-07-27 13:29:52 [main] INFO  o.s.b.w.s.c.ServletWebServerApplicationContext - Root WebApplicationContext: initialization completed in 2429 ms
2025-07-27 13:29:55 [main] INFO  o.s.cloud.commons.util.InetUtils - Cannot determine local hostname
2025-07-27 13:29:55 [main] DEBUG o.s.c.c.s.s.GitCredentialsProviderFactory - No credentials provider required for URI https://github.com/rourory/spring-cloud-repo.git
2025-07-27 13:29:58 [main] INFO  o.a.coyote.http11.Http11NioProtocol - Starting ProtocolHandler ["http-nio-8888"]
2025-07-27 13:29:58 [main] INFO  o.s.b.w.e.tomcat.TomcatWebServer - Tomcat started on port 8888 (http) with context path '/'
2025-07-27 13:30:00 [main] INFO  o.s.cloud.commons.util.InetUtils - Cannot determine local hostname
2025-07-27 13:30:00 [main] INFO  c.m.demo.config.server.ConfigServer - Started ConfigServer in 12.293 seconds (process running for 13.922)
2025-07-27 13:32:10 [http-nio-8888-exec-4] INFO  o.a.c.c.C.[Tomcat].[localhost].[/] - Initializing Spring DispatcherServlet 'dispatcherServlet'
2025-07-27 13:32:10 [http-nio-8888-exec-4] INFO  o.s.web.servlet.DispatcherServlet - Initializing Servlet 'dispatcherServlet'
2025-07-27 13:32:10 [http-nio-8888-exec-4] INFO  o.s.web.servlet.DispatcherServlet - Completed initialization in 1 ms
2025-07-27 13:32:10 [http-nio-8888-exec-4] DEBUG o.s.c.c.s.s.GitCredentialsProviderFactory - No credentials provider required for URI https://github.com/rourory/spring-cloud-repo.git
2025-07-27 13:32:11 [http-nio-8888-exec-1] DEBUG o.s.c.c.s.s.GitCredentialsProviderFactory - No credentials provider required for URI https://github.com/rourory/spring-cloud-repo.git
2025-07-27 13:32:11 [http-nio-8888-exec-1] INFO  o.s.c.c.s.e.NativeEnvironmentRepository - Adding property source: Config resource 'file [C:\Users\Admin\AppData\Local\Temp\config-repo-11901756528955033797\mastodon-to-kafka-service-dev.yaml]' via location 'file:/C:/Users/Admin/AppData/Local/Temp/config-repo-11901756528955033797/'
2025-07-27 13:39:25 [http-nio-8888-exec-5] DEBUG o.s.c.c.s.s.GitCredentialsProviderFactory - No credentials provider required for URI https://github.com/rourory/spring-cloud-repo.git
2025-07-27 13:39:25 [http-nio-8888-exec-5] INFO  o.s.c.c.s.e.NativeEnvironmentRepository - Adding property source: Config resource 'file [C:\Users\Admin\AppData\Local\Temp\config-repo-11901756528955033797\mastodon-to-kafka-service-dev.yaml]' via location 'file:/C:/Users/Admin/AppData/Local/Temp/config-repo-11901756528955033797/'
2025-07-27 13:41:14 [SpringApplicationShutdownHook] INFO  o.s.b.w.e.tomcat.GracefulShutdown - Commencing graceful shutdown. Waiting for active requests to complete
2025-07-27 13:41:14 [Thread-3] WARN  o.s.c.c.s.e.MultipleJGitEnvironmentRepository - Failed to delete temporary directory on exit: java.nio.file.AccessDeniedException: C:\Users\Admin\AppData\Local\Temp\config-repo-11901756528955033797\.git\objects\pack\pack-510060c8d5baf435826f35a2972114f7399281f5.idx
2025-07-27 13:41:14 [tomcat-shutdown] INFO  o.s.b.w.e.tomcat.GracefulShutdown - Graceful shutdown complete
2025-07-27 14:03:05 [background-preinit] INFO  o.h.validator.internal.util.Version - HV000001: Hibernate Validator 8.0.2.Final
2025-07-27 14:03:05 [main] INFO  c.m.demo.config.server.ConfigServer - Starting ConfigServer using Java 17.0.12 with PID 11040 (D:\Projects\JavaProjects\cloud_ex\microsorvices-demo\config-server\target\classes started by Admin in D:\Projects\JavaProjects\cloud_ex\microsorvices-demo)
2025-07-27 14:03:05 [main] INFO  c.m.demo.config.server.ConfigServer - No active profile set, falling back to 1 default profile: "default"
2025-07-27 14:03:06 [main] INFO  o.s.cloud.context.scope.GenericScope - BeanFactory id=20c033ca-04da-38fa-afd9-f1954dbc9633
2025-07-27 14:03:06 [main] INFO  o.s.b.w.e.tomcat.TomcatWebServer - Tomcat initialized with port 8888 (http)
2025-07-27 14:03:06 [main] INFO  o.a.coyote.http11.Http11NioProtocol - Initializing ProtocolHandler ["http-nio-8888"]
2025-07-27 14:03:06 [main] INFO  o.a.catalina.core.StandardService - Starting service [Tomcat]
2025-07-27 14:03:06 [main] INFO  o.a.catalina.core.StandardEngine - Starting Servlet engine: [Apache Tomcat/10.1.42]
2025-07-27 14:03:06 [main] INFO  o.a.c.c.C.[Tomcat].[localhost].[/] - Initializing Spring embedded WebApplicationContext
2025-07-27 14:03:06 [main] INFO  o.s.b.w.s.c.ServletWebServerApplicationContext - Root WebApplicationContext: initialization completed in 1317 ms
2025-07-27 14:03:08 [main] INFO  o.s.cloud.commons.util.InetUtils - Cannot determine local hostname
2025-07-27 14:03:08 [main] DEBUG o.s.c.c.s.s.GitCredentialsProviderFactory - No credentials provider required for URI https://github.com/rourory/spring-cloud-repo.git
2025-07-27 14:03:10 [main] INFO  o.a.coyote.http11.Http11NioProtocol - Starting ProtocolHandler ["http-nio-8888"]
2025-07-27 14:03:10 [main] INFO  o.s.b.w.e.tomcat.TomcatWebServer - Tomcat started on port 8888 (http) with context path '/'
2025-07-27 14:03:11 [main] INFO  o.s.cloud.commons.util.InetUtils - Cannot determine local hostname
2025-07-27 14:03:12 [main] INFO  c.m.demo.config.server.ConfigServer - Started ConfigServer in 8.824 seconds (process running for 10.487)
2025-07-27 14:04:03 [http-nio-8888-exec-1] INFO  o.a.c.c.C.[Tomcat].[localhost].[/] - Initializing Spring DispatcherServlet 'dispatcherServlet'
2025-07-27 14:04:03 [http-nio-8888-exec-1] INFO  o.s.web.servlet.DispatcherServlet - Initializing Servlet 'dispatcherServlet'
2025-07-27 14:04:03 [http-nio-8888-exec-1] INFO  o.s.web.servlet.DispatcherServlet - Completed initialization in 1 ms
2025-07-27 14:04:03 [http-nio-8888-exec-1] DEBUG o.s.c.c.s.s.GitCredentialsProviderFactory - No credentials provider required for URI https://github.com/rourory/spring-cloud-repo.git
2025-07-27 14:04:03 [http-nio-8888-exec-1] INFO  o.s.c.c.s.e.NativeEnvironmentRepository - Adding property source: Config resource 'file [C:\Users\Admin\AppData\Local\Temp\config-repo-2247292005414105698\mastodon-to-kafka-service-dev.yaml]' via location 'file:/C:/Users/Admin/AppData/Local/Temp/config-repo-2247292005414105698/'
2025-07-27 14:07:00 [SpringApplicationShutdownHook] INFO  o.s.b.w.e.tomcat.GracefulShutdown - Commencing graceful shutdown. Waiting for active requests to complete
2025-07-27 14:07:00 [Thread-3] WARN  o.s.c.c.s.e.MultipleJGitEnvironmentRepository - Failed to delete temporary directory on exit: java.nio.file.AccessDeniedException: C:\Users\Admin\AppData\Local\Temp\config-repo-2247292005414105698\.git\objects\pack\pack-510060c8d5baf435826f35a2972114f7399281f5.idx
2025-07-27 14:07:00 [tomcat-shutdown] INFO  o.s.b.w.e.tomcat.GracefulShutdown - Graceful shutdown complete
2025-07-27 14:09:29 [background-preinit] INFO  o.h.validator.internal.util.Version - HV000001: Hibernate Validator 8.0.2.Final
2025-07-27 14:09:29 [main] INFO  c.m.demo.config.server.ConfigServer - Starting ConfigServer using Java 17.0.12 with PID 16672 (D:\Projects\JavaProjects\cloud_ex\microsorvices-demo\config-server\target\classes started by Admin in D:\Projects\JavaProjects\cloud_ex\microsorvices-demo)
2025-07-27 14:09:29 [main] INFO  c.m.demo.config.server.ConfigServer - No active profile set, falling back to 1 default profile: "default"
2025-07-27 14:09:31 [main] INFO  o.s.cloud.context.scope.GenericScope - BeanFactory id=20c033ca-04da-38fa-afd9-f1954dbc9633
2025-07-27 14:09:31 [main] INFO  o.s.b.w.e.tomcat.TomcatWebServer - Tomcat initialized with port 8888 (http)
2025-07-27 14:09:31 [main] INFO  o.a.coyote.http11.Http11NioProtocol - Initializing ProtocolHandler ["http-nio-8888"]
2025-07-27 14:09:31 [main] INFO  o.a.catalina.core.StandardService - Starting service [Tomcat]
2025-07-27 14:09:31 [main] INFO  o.a.catalina.core.StandardEngine - Starting Servlet engine: [Apache Tomcat/10.1.42]
2025-07-27 14:09:31 [main] INFO  o.a.c.c.C.[Tomcat].[localhost].[/] - Initializing Spring embedded WebApplicationContext
2025-07-27 14:09:31 [main] INFO  o.s.b.w.s.c.ServletWebServerApplicationContext - Root WebApplicationContext: initialization completed in 2638 ms
2025-07-27 14:09:34 [main] INFO  o.s.cloud.commons.util.InetUtils - Cannot determine local hostname
2025-07-27 14:09:35 [main] DEBUG o.s.c.c.s.s.GitCredentialsProviderFactory - No credentials provider required for URI https://github.com/rourory/spring-cloud-repo.git
2025-07-27 14:09:37 [main] INFO  o.a.coyote.http11.Http11NioProtocol - Starting ProtocolHandler ["http-nio-8888"]
2025-07-27 14:09:37 [main] INFO  o.s.b.w.e.tomcat.TomcatWebServer - Tomcat started on port 8888 (http) with context path '/'
2025-07-27 14:09:38 [main] INFO  o.s.cloud.commons.util.InetUtils - Cannot determine local hostname
2025-07-27 14:09:38 [main] INFO  c.m.demo.config.server.ConfigServer - Started ConfigServer in 12.093 seconds (process running for 14.258)
2025-07-27 14:09:47 [http-nio-8888-exec-1] INFO  o.a.c.c.C.[Tomcat].[localhost].[/] - Initializing Spring DispatcherServlet 'dispatcherServlet'
2025-07-27 14:09:47 [http-nio-8888-exec-1] INFO  o.s.web.servlet.DispatcherServlet - Initializing Servlet 'dispatcherServlet'
2025-07-27 14:09:47 [http-nio-8888-exec-1] INFO  o.s.web.servlet.DispatcherServlet - Completed initialization in 3 ms
2025-07-27 14:09:47 [http-nio-8888-exec-1] DEBUG o.s.c.c.s.s.GitCredentialsProviderFactory - No credentials provider required for URI https://github.com/rourory/spring-cloud-repo.git
2025-07-27 14:09:48 [http-nio-8888-exec-2] DEBUG o.s.c.c.s.s.GitCredentialsProviderFactory - No credentials provider required for URI https://github.com/rourory/spring-cloud-repo.git
2025-07-27 14:09:49 [http-nio-8888-exec-2] INFO  o.s.c.c.s.e.NativeEnvironmentRepository - Adding property source: Config resource 'file [C:\Users\Admin\AppData\Local\Temp\config-repo-17859958159581593955\mastodon-to-kafka-service-dev.yaml]' via location 'file:/C:/Users/Admin/AppData/Local/Temp/config-repo-17859958159581593955/'
2025-07-27 14:10:24 [http-nio-8888-exec-4] DEBUG o.s.c.c.s.s.GitCredentialsProviderFactory - No credentials provider required for URI https://github.com/rourory/spring-cloud-repo.git
2025-07-27 14:10:25 [http-nio-8888-exec-4] INFO  o.s.c.c.s.e.NativeEnvironmentRepository - Adding property source: Config resource 'file [C:\Users\Admin\AppData\Local\Temp\config-repo-17859958159581593955\mastodon-to-kafka-service-dev.yaml]' via location 'file:/C:/Users/Admin/AppData/Local/Temp/config-repo-17859958159581593955/'
2025-07-27 14:11:08 [http-nio-8888-exec-6] DEBUG o.s.c.c.s.s.GitCredentialsProviderFactory - No credentials provider required for URI https://github.com/rourory/spring-cloud-repo.git
2025-07-27 14:11:08 [http-nio-8888-exec-6] INFO  o.s.c.c.s.e.NativeEnvironmentRepository - Adding property source: Config resource 'file [C:\Users\Admin\AppData\Local\Temp\config-repo-17859958159581593955\mastodon-to-kafka-service-dev.yaml]' via location 'file:/C:/Users/Admin/AppData/Local/Temp/config-repo-17859958159581593955/'
2025-07-27 14:12:20 [http-nio-8888-exec-8] DEBUG o.s.c.c.s.s.GitCredentialsProviderFactory - No credentials provider required for URI https://github.com/rourory/spring-cloud-repo.git
2025-07-27 14:12:20 [http-nio-8888-exec-8] INFO  o.s.c.c.s.e.NativeEnvironmentRepository - Adding property source: Config resource 'file [C:\Users\Admin\AppData\Local\Temp\config-repo-17859958159581593955\mastodon-to-kafka-service-dev.yaml]' via location 'file:/C:/Users/Admin/AppData/Local/Temp/config-repo-17859958159581593955/'
2025-07-27 14:15:48 [SpringApplicationShutdownHook] INFO  o.s.b.w.e.tomcat.GracefulShutdown - Commencing graceful shutdown. Waiting for active requests to complete
2025-07-27 14:15:48 [Thread-3] WARN  o.s.c.c.s.e.MultipleJGitEnvironmentRepository - Failed to delete temporary directory on exit: java.nio.file.AccessDeniedException: C:\Users\Admin\AppData\Local\Temp\config-repo-17859958159581593955\.git\objects\pack\pack-510060c8d5baf435826f35a2972114f7399281f5.idx
2025-07-27 14:15:49 [tomcat-shutdown] INFO  o.s.b.w.e.tomcat.GracefulShutdown - Graceful shutdown complete
2025-07-27 15:12:13 [background-preinit] INFO  o.h.validator.internal.util.Version - HV000001: Hibernate Validator 8.0.2.Final
2025-07-27 15:12:13 [main] INFO  c.m.demo.config.server.ConfigServer - Starting ConfigServer using Java 17.0.12 with PID 14028 (D:\Projects\JavaProjects\cloud_ex\microsorvices-demo\config-server\target\classes started by Admin in D:\Projects\JavaProjects\cloud_ex\microsorvices-demo)
2025-07-27 15:12:13 [main] INFO  c.m.demo.config.server.ConfigServer - No active profile set, falling back to 1 default profile: "default"
2025-07-27 15:12:14 [main] INFO  o.s.cloud.context.scope.GenericScope - BeanFactory id=9481ef09-9d3b-3b1f-afe9-a6d2c95ee90a
2025-07-27 15:12:15 [main] INFO  o.s.b.w.e.tomcat.TomcatWebServer - Tomcat initialized with port 8888 (http)
2025-07-27 15:12:15 [main] INFO  o.a.coyote.http11.Http11NioProtocol - Initializing ProtocolHandler ["http-nio-8888"]
2025-07-27 15:12:15 [main] INFO  o.a.catalina.core.StandardService - Starting service [Tomcat]
2025-07-27 15:12:15 [main] INFO  o.a.catalina.core.StandardEngine - Starting Servlet engine: [Apache Tomcat/10.1.42]
2025-07-27 15:12:15 [main] INFO  o.a.c.c.C.[Tomcat].[localhost].[/] - Initializing Spring embedded WebApplicationContext
2025-07-27 15:12:15 [main] INFO  o.s.b.w.s.c.ServletWebServerApplicationContext - Root WebApplicationContext: initialization completed in 1803 ms
2025-07-27 15:12:16 [main] INFO  o.s.s.c.a.a.c.InitializeUserDetailsBeanManagerConfigurer$InitializeUserDetailsManagerConfigurer - Global AuthenticationManager configured with UserDetailsService bean with name inMemoryUserDetailsManager
2025-07-27 15:12:17 [main] INFO  o.s.cloud.commons.util.InetUtils - Cannot determine local hostname
2025-07-27 15:12:18 [main] DEBUG o.s.c.c.s.s.GitCredentialsProviderFactory - No credentials provider required for URI https://github.com/rourory/spring-cloud-repo.git
2025-07-27 15:12:20 [main] INFO  o.a.coyote.http11.Http11NioProtocol - Starting ProtocolHandler ["http-nio-8888"]
2025-07-27 15:12:20 [main] INFO  o.s.b.w.e.tomcat.TomcatWebServer - Tomcat started on port 8888 (http) with context path '/'
2025-07-27 15:12:21 [main] INFO  o.s.cloud.commons.util.InetUtils - Cannot determine local hostname
2025-07-27 15:12:21 [main] INFO  c.m.demo.config.server.ConfigServer - Started ConfigServer in 9.748 seconds (process running for 11.736)
2025-07-27 15:13:27 [http-nio-8888-exec-2] INFO  o.a.c.c.C.[Tomcat].[localhost].[/] - Initializing Spring DispatcherServlet 'dispatcherServlet'
2025-07-27 15:13:27 [http-nio-8888-exec-2] INFO  o.s.web.servlet.DispatcherServlet - Initializing Servlet 'dispatcherServlet'
2025-07-27 15:13:27 [http-nio-8888-exec-2] INFO  o.s.web.servlet.DispatcherServlet - Completed initialization in 1 ms
2025-07-27 15:13:28 [http-nio-8888-exec-2] DEBUG o.s.c.c.s.s.GitCredentialsProviderFactory - No credentials provider required for URI https://github.com/rourory/spring-cloud-repo.git
2025-07-27 15:13:28 [http-nio-8888-exec-2] INFO  o.s.c.c.s.e.NativeEnvironmentRepository - Adding property source: Config resource 'file [C:\Users\Admin\AppData\Local\Temp\config-repo-1328456889007244340\mastodon-to-kafka-service-dev.yaml]' via location 'file:/C:/Users/Admin/AppData/Local/Temp/config-repo-1328456889007244340/'
2025-07-27 16:39:23 [Thread-3] WARN  o.s.c.c.s.e.MultipleJGitEnvironmentRepository - Failed to delete temporary directory on exit: java.nio.file.AccessDeniedException: C:\Users\Admin\AppData\Local\Temp\config-repo-1328456889007244340\.git\objects\pack\pack-510060c8d5baf435826f35a2972114f7399281f5.idx
2025-07-27 16:39:23 [SpringApplicationShutdownHook] INFO  o.s.b.w.e.tomcat.GracefulShutdown - Commencing graceful shutdown. Waiting for active requests to complete
2025-07-27 16:39:23 [tomcat-shutdown] INFO  o.s.b.w.e.tomcat.GracefulShutdown - Graceful shutdown complete
