2025-07-29 12:05:11 [main] INFO  o.s.t.c.s.AnnotationConfigContextLoaderUtils - Could not detect default configuration classes for test class [com.microsorvices.demo.mastodontokafka.MastodonToKafkaServiceApplicationTests]: MastodonToKafkaServiceApplicationTests does not declare any static, non-private, non-final, nested classes annotated with @Configuration.
2025-07-29 12:05:12 [main] INFO  o.s.b.t.c.SpringBootTestContextBootstrapper - Found @SpringBootConfiguration com.microsorvices.demo.mastodontokafka.MastodonToKafkaServiceApplication for test class com.microsorvices.demo.mastodontokafka.MastodonToKafkaServiceApplicationTests
2025-07-29 12:05:17 [main] INFO  c.m.d.m.MastodonToKafkaServiceApplicationTests - Starting MastodonToKafkaServiceApplicationTests using Java 17.0.12 with PID 8056 (started by Admin in D:\Projects\JavaProjects\cloud_ex\microsorvices-demo\mastodon-to-kafka-service)
2025-07-29 12:05:17 [main] INFO  c.m.d.m.MastodonToKafkaServiceApplicationTests - The following 1 profile is active: "dev"
2025-07-29 12:05:17 [main] INFO  o.s.c.c.c.ConfigServerConfigDataLoader - Fetching config from server at : http://localhost:8888
2025-07-29 12:05:17 [main] INFO  o.s.c.c.c.ConfigServerConfigDataLoader - Located environment: name=mastodon-to-kafka-service, profiles=[dev], label=null, version=4f69a9375b588edec929039aa72c5ef3b2061670, state=
2025-07-29 12:05:18 [main] INFO  o.s.cloud.context.scope.GenericScope - BeanFactory id=39d6b6e1-3671-391b-8a8f-cdb5e04127d7
2025-07-29 12:05:19 [main] INFO  c.m.demo.config.KafkaConfigData - Kafka config data has initialized with next properties: bootstrapServers: localhost:19092, localhost:29092, localhost:39092
schemaRegistryUrlKey: schema.registry.url
schemaRegistryUrl: http://localhost:8081
topicName : mastodon-topic
topicNamesToCreate : [mastodon-topic]
numberOfPartitions : 3
replicationFactor : 3
2025-07-29 12:05:19 [main] INFO  c.m.d.config.KafkaProducerConfigData - Kafka config data has initialized with next properties: keySerializerClass: org.apache.kafka.common.serialization.LongSerializer
valueSerializerClass: io.confluent.kafka.serializers.KafkaAvroSerializer
compressionType: snappy
acks : all
batchSize : 16384
batchSizeBoostFactor : 100
lingerMs : 5
requestTimeoutMs : 60000
retryCount : 10
2025-07-29 12:05:19 [main] INFO  c.m.d.k.p.config.KafkaProducerConfig - KafkaProducerConfig constructor. kafkaConfigData = KafkaConfigData{bootstrapServers='localhost:19092, localhost:29092, localhost:39092', schemaRegistryUrlKey='schema.registry.url', schemaRegistryUrl='http://localhost:8081', topicName='mastodon-topic', topicNamesToCreate=[mastodon-topic], numberOfPartitions=3, replicationFactor=3}, kafkaProducerConfigData = KafkaProducerConfigData(keySerializerClass=org.apache.kafka.common.serialization.LongSerializer, valueSerializerClass=io.confluent.kafka.serializers.KafkaAvroSerializer, compressionType=snappy, acks=all, batchSize=16384, batchSizeBoostFactor=100, lingerMs=5, requestTimeoutMs=60000, retryCount=10)
2025-07-29 12:05:19 [main] INFO  c.m.d.k.p.config.KafkaProducerConfig - Producer configuration: {compression.type=snappy, schema.registry.url=http://localhost:8081, retries=10, value.serializer=io.confluent.kafka.serializers.KafkaAvroSerializer, request.timeout.ms=60000, batch.size=1638400, acks=all, bootstrap.servers=localhost:19092, localhost:29092, localhost:39092, key.serializer=org.apache.kafka.common.serialization.LongSerializer, linger.ms=5}
2025-07-29 12:05:19 [main] INFO  o.a.k.c.admin.AdminClientConfig - AdminClientConfig values: 
	auto.include.jmx.reporter = true
	bootstrap.controllers = []
	bootstrap.servers = [localhost:19092, localhost:29092, localhost:39092]
	client.dns.lookup = use_all_dns_ips
	client.id = 
	connections.max.idle.ms = 300000
	default.api.timeout.ms = 60000
	enable.metrics.push = true
	metadata.max.age.ms = 300000
	metadata.recovery.strategy = none
	metric.reporters = []
	metrics.num.samples = 2
	metrics.recording.level = INFO
	metrics.sample.window.ms = 30000
	receive.buffer.bytes = 65536
	reconnect.backoff.max.ms = 1000
	reconnect.backoff.ms = 50
	request.timeout.ms = 30000
	retries = 2147483647
	retry.backoff.max.ms = 1000
	retry.backoff.ms = 100
	sasl.client.callback.handler.class = null
	sasl.jaas.config = null
	sasl.kerberos.kinit.cmd = /usr/bin/kinit
	sasl.kerberos.min.time.before.relogin = 60000
	sasl.kerberos.service.name = null
	sasl.kerberos.ticket.renew.jitter = 0.05
	sasl.kerberos.ticket.renew.window.factor = 0.8
	sasl.login.callback.handler.class = null
	sasl.login.class = null
	sasl.login.connect.timeout.ms = null
	sasl.login.read.timeout.ms = null
	sasl.login.refresh.buffer.seconds = 300
	sasl.login.refresh.min.period.seconds = 60
	sasl.login.refresh.window.factor = 0.8
	sasl.login.refresh.window.jitter = 0.05
	sasl.login.retry.backoff.max.ms = 10000
	sasl.login.retry.backoff.ms = 100
	sasl.mechanism = GSSAPI
	sasl.oauthbearer.clock.skew.seconds = 30
	sasl.oauthbearer.expected.audience = null
	sasl.oauthbearer.expected.issuer = null
	sasl.oauthbearer.header.urlencode = false
	sasl.oauthbearer.jwks.endpoint.refresh.ms = 3600000
	sasl.oauthbearer.jwks.endpoint.retry.backoff.max.ms = 10000
	sasl.oauthbearer.jwks.endpoint.retry.backoff.ms = 100
	sasl.oauthbearer.jwks.endpoint.url = null
	sasl.oauthbearer.scope.claim.name = scope
	sasl.oauthbearer.sub.claim.name = sub
	sasl.oauthbearer.token.endpoint.url = null
	security.protocol = PLAINTEXT
	security.providers = null
	send.buffer.bytes = 131072
	socket.connection.setup.timeout.max.ms = 30000
	socket.connection.setup.timeout.ms = 10000
	ssl.cipher.suites = null
	ssl.enabled.protocols = [TLSv1.2, TLSv1.3]
	ssl.endpoint.identification.algorithm = https
	ssl.engine.factory.class = null
	ssl.key.password = null
	ssl.keymanager.algorithm = SunX509
	ssl.keystore.certificate.chain = null
	ssl.keystore.key = null
	ssl.keystore.location = null
	ssl.keystore.password = null
	ssl.keystore.type = JKS
	ssl.protocol = TLSv1.3
	ssl.provider = null
	ssl.secure.random.implementation = null
	ssl.trustmanager.algorithm = PKIX
	ssl.truststore.certificates = null
	ssl.truststore.location = null
	ssl.truststore.password = null
	ssl.truststore.type = JKS

2025-07-29 12:05:19 [main] INFO  o.a.kafka.common.utils.AppInfoParser - Kafka version: 3.9.1
2025-07-29 12:05:19 [main] INFO  o.a.kafka.common.utils.AppInfoParser - Kafka commitId: f745dfdcee2b9851
2025-07-29 12:05:19 [main] INFO  o.a.kafka.common.utils.AppInfoParser - Kafka startTimeMs: 1753779919987
2025-07-29 12:05:21 [main] INFO  o.s.b.a.s.r.ReactiveUserDetailsServiceAutoConfiguration - 

Using generated security password: e440b5a6-5d06-4708-97cb-fe99e65dabc5

2025-07-29 12:05:23 [main] INFO  o.s.cloud.commons.util.InetUtils - Cannot determine local hostname
2025-07-29 12:05:24 [main] INFO  o.s.cloud.commons.util.InetUtils - Cannot determine local hostname
2025-07-29 12:05:24 [main] INFO  c.m.d.m.MastodonToKafkaServiceApplicationTests - Started MastodonToKafkaServiceApplicationTests in 11.638 seconds (process running for 14.228)
2025-07-29 12:05:24 [main] INFO  c.m.d.m.MastodonToKafkaServiceApplication - The app is running...
2025-07-29 12:05:24 [main] INFO  c.m.d.k.a.client.KafkaAdminClient - Start creating topics...
2025-07-29 12:05:24 [main] INFO  c.m.d.k.a.client.KafkaAdminClient - Creating 1 topic(s), attempt: 0
2025-07-29 12:05:24 [main] INFO  c.m.d.k.a.client.KafkaAdminClient - Create topic result [KafkaFuture{value=null,exception=null,done=false}]
2025-07-29 12:05:24 [main] INFO  c.m.d.k.a.client.KafkaAdminClient - Start checking if topics are created...
2025-07-29 12:05:24 [main] INFO  c.m.d.k.a.client.KafkaAdminClient - Reading kafka topic [mastodon-topic], attempt 0
2025-07-29 12:05:24 [main] INFO  c.m.d.k.a.client.KafkaAdminClient - Topic with name (name=_schemas, topicId=AAAAAAAAAAAAAAAAAAAAAA, internal=false) is ready
2025-07-29 12:05:24 [main] INFO  c.m.d.k.a.client.KafkaAdminClient - Topic with name (name=__confluent.support.metrics, topicId=AAAAAAAAAAAAAAAAAAAAAA, internal=false) is ready
2025-07-29 12:05:24 [main] INFO  c.m.d.k.a.client.KafkaAdminClient - Check if topic mastodon-topic created. Attempt: 1
2025-07-29 12:05:27 [main] INFO  c.m.d.k.a.client.KafkaAdminClient - Reading kafka topic [mastodon-topic], attempt 0
2025-07-29 12:05:27 [main] INFO  c.m.d.k.a.client.KafkaAdminClient - Topic with name (name=_schemas, topicId=AAAAAAAAAAAAAAAAAAAAAA, internal=false) is ready
2025-07-29 12:05:27 [main] INFO  c.m.d.k.a.client.KafkaAdminClient - Topic with name (name=mastodon-topic, topicId=AAAAAAAAAAAAAAAAAAAAAA, internal=false) is ready
2025-07-29 12:05:27 [main] INFO  c.m.d.k.a.client.KafkaAdminClient - Topic with name (name=__confluent.support.metrics, topicId=AAAAAAAAAAAAAAAAAAAAAA, internal=false) is ready
2025-07-29 12:05:27 [main] INFO  c.m.d.k.a.client.KafkaAdminClient - Topic mastodon-topic is now created with 2 attempts!
2025-07-29 12:05:27 [main] INFO  c.m.d.k.a.client.KafkaAdminClient - Topics are created!
2025-07-29 12:05:27 [main] INFO  c.m.d.k.a.client.KafkaAdminClient - Start checking schema registry...
2025-07-29 12:05:27 [main] WARN  i.n.r.d.DefaultDnsServerAddressStreamProvider - Default DNS servers: [/8.8.8.8:53, /8.8.4.4:53] (Google Public DNS as a fallback)
2025-07-29 12:05:28 [main] INFO  c.m.d.k.a.client.KafkaAdminClient - Check if schema-registry is available. Attempt: 1
2025-07-29 12:05:31 [main] INFO  c.m.d.k.a.client.KafkaAdminClient - Schema-registry is available! Attempt: 2
2025-07-29 12:05:31 [main] INFO  c.m.d.m.i.i.KafkaStreamInitializer - Topics with name mastodon-topic are ready for processing!
2025-07-29 12:05:33 [kafka-admin-client-thread | adminclient-1] INFO  o.a.kafka.common.utils.AppInfoParser - App info kafka.admin.client for adminclient-1 unregistered
2025-07-29 12:05:33 [kafka-admin-client-thread | adminclient-1] INFO  o.a.kafka.common.metrics.Metrics - Metrics scheduler closed
2025-07-29 12:05:33 [kafka-admin-client-thread | adminclient-1] INFO  o.a.kafka.common.metrics.Metrics - Closing reporter org.apache.kafka.common.metrics.JmxReporter
2025-07-29 12:05:33 [kafka-admin-client-thread | adminclient-1] INFO  o.a.kafka.common.metrics.Metrics - Metrics reporters closed
2025-07-29 12:05:34 [SpringApplicationShutdownHook] INFO  c.m.d.m.s.MastodonStreamService - Shutting down streaming
2025-07-29 12:05:34 [SpringApplicationShutdownHook] INFO  c.m.d.k.p.s.MastodonKafkaProducer - Closing kafka producer...
2025-07-29 13:18:14 [main] INFO  o.s.t.c.s.AnnotationConfigContextLoaderUtils - Could not detect default configuration classes for test class [com.microsorvices.demo.mastodontokafka.MastodonToKafkaServiceApplicationTests]: MastodonToKafkaServiceApplicationTests does not declare any static, non-private, non-final, nested classes annotated with @Configuration.
2025-07-29 13:18:14 [main] INFO  o.s.b.t.c.SpringBootTestContextBootstrapper - Found @SpringBootConfiguration com.microsorvices.demo.mastodontokafka.MastodonToKafkaServiceApplication for test class com.microsorvices.demo.mastodontokafka.MastodonToKafkaServiceApplicationTests
2025-07-29 13:18:18 [main] INFO  c.m.d.m.MastodonToKafkaServiceApplicationTests - Starting MastodonToKafkaServiceApplicationTests using Java 17.0.12 with PID 7440 (started by Admin in D:\Projects\JavaProjects\cloud_ex\microsorvices-demo\mastodon-to-kafka-service)
2025-07-29 13:18:18 [main] INFO  c.m.d.m.MastodonToKafkaServiceApplicationTests - The following 1 profile is active: "dev"
2025-07-29 13:18:18 [main] INFO  o.s.c.c.c.ConfigServerConfigDataLoader - Fetching config from server at : http://localhost:8888
2025-07-29 13:18:18 [main] INFO  o.s.c.c.c.ConfigServerConfigDataLoader - Located environment: name=mastodon-to-kafka-service, profiles=[dev], label=null, version=6935dd38513fc07b6c20ce106ab7a592b53ef629, state=
2025-07-29 13:18:20 [main] INFO  o.s.cloud.context.scope.GenericScope - BeanFactory id=39d6b6e1-3671-391b-8a8f-cdb5e04127d7
2025-07-29 13:18:20 [main] INFO  c.m.demo.config.KafkaConfigData - Kafka config data has initialized with next properties: bootstrapServers: localhost:19092, localhost:29092, localhost:39092
schemaRegistryUrlKey: schema.registry.url
schemaRegistryUrl: http://localhost:8081
topicName : mastodon-topic
topicNamesToCreate : [mastodon-topic]
numberOfPartitions : 3
replicationFactor : 3
2025-07-29 13:18:20 [main] INFO  c.m.d.config.KafkaProducerConfigData - Kafka config data has initialized with next properties: keySerializerClass: org.apache.kafka.common.serialization.LongSerializer
valueSerializerClass: io.confluent.kafka.serializers.KafkaAvroSerializer
compressionType: snappy
acks : all
batchSize : 16384
batchSizeBoostFactor : 100
lingerMs : 5
requestTimeoutMs : 60000
retryCount : 10
2025-07-29 13:18:20 [main] INFO  c.m.d.k.p.config.KafkaProducerConfig - KafkaProducerConfig constructor. kafkaConfigData = KafkaConfigData{bootstrapServers='localhost:19092, localhost:29092, localhost:39092', schemaRegistryUrlKey='schema.registry.url', schemaRegistryUrl='http://localhost:8081', topicName='mastodon-topic', topicNamesToCreate=[mastodon-topic], numberOfPartitions=3, replicationFactor=3}, kafkaProducerConfigData = KafkaProducerConfigData(keySerializerClass=org.apache.kafka.common.serialization.LongSerializer, valueSerializerClass=io.confluent.kafka.serializers.KafkaAvroSerializer, compressionType=snappy, acks=all, batchSize=16384, batchSizeBoostFactor=100, lingerMs=5, requestTimeoutMs=60000, retryCount=10)
2025-07-29 13:18:20 [main] INFO  c.m.d.k.p.config.KafkaProducerConfig - Producer configuration: {compression.type=snappy, schema.registry.url=http://localhost:8081, retries=10, value.serializer=io.confluent.kafka.serializers.KafkaAvroSerializer, request.timeout.ms=60000, batch.size=1638400, acks=all, bootstrap.servers=localhost:19092, localhost:29092, localhost:39092, key.serializer=org.apache.kafka.common.serialization.LongSerializer, linger.ms=5}
2025-07-29 13:18:21 [main] INFO  o.a.k.c.admin.AdminClientConfig - AdminClientConfig values: 
	auto.include.jmx.reporter = true
	bootstrap.controllers = []
	bootstrap.servers = [localhost:19092, localhost:29092, localhost:39092]
	client.dns.lookup = use_all_dns_ips
	client.id = 
	connections.max.idle.ms = 300000
	default.api.timeout.ms = 60000
	enable.metrics.push = true
	metadata.max.age.ms = 300000
	metadata.recovery.strategy = none
	metric.reporters = []
	metrics.num.samples = 2
	metrics.recording.level = INFO
	metrics.sample.window.ms = 30000
	receive.buffer.bytes = 65536
	reconnect.backoff.max.ms = 1000
	reconnect.backoff.ms = 50
	request.timeout.ms = 30000
	retries = 2147483647
	retry.backoff.max.ms = 1000
	retry.backoff.ms = 100
	sasl.client.callback.handler.class = null
	sasl.jaas.config = null
	sasl.kerberos.kinit.cmd = /usr/bin/kinit
	sasl.kerberos.min.time.before.relogin = 60000
	sasl.kerberos.service.name = null
	sasl.kerberos.ticket.renew.jitter = 0.05
	sasl.kerberos.ticket.renew.window.factor = 0.8
	sasl.login.callback.handler.class = null
	sasl.login.class = null
	sasl.login.connect.timeout.ms = null
	sasl.login.read.timeout.ms = null
	sasl.login.refresh.buffer.seconds = 300
	sasl.login.refresh.min.period.seconds = 60
	sasl.login.refresh.window.factor = 0.8
	sasl.login.refresh.window.jitter = 0.05
	sasl.login.retry.backoff.max.ms = 10000
	sasl.login.retry.backoff.ms = 100
	sasl.mechanism = GSSAPI
	sasl.oauthbearer.clock.skew.seconds = 30
	sasl.oauthbearer.expected.audience = null
	sasl.oauthbearer.expected.issuer = null
	sasl.oauthbearer.header.urlencode = false
	sasl.oauthbearer.jwks.endpoint.refresh.ms = 3600000
	sasl.oauthbearer.jwks.endpoint.retry.backoff.max.ms = 10000
	sasl.oauthbearer.jwks.endpoint.retry.backoff.ms = 100
	sasl.oauthbearer.jwks.endpoint.url = null
	sasl.oauthbearer.scope.claim.name = scope
	sasl.oauthbearer.sub.claim.name = sub
	sasl.oauthbearer.token.endpoint.url = null
	security.protocol = PLAINTEXT
	security.providers = null
	send.buffer.bytes = 131072
	socket.connection.setup.timeout.max.ms = 30000
	socket.connection.setup.timeout.ms = 10000
	ssl.cipher.suites = null
	ssl.enabled.protocols = [TLSv1.2, TLSv1.3]
	ssl.endpoint.identification.algorithm = https
	ssl.engine.factory.class = null
	ssl.key.password = null
	ssl.keymanager.algorithm = SunX509
	ssl.keystore.certificate.chain = null
	ssl.keystore.key = null
	ssl.keystore.location = null
	ssl.keystore.password = null
	ssl.keystore.type = JKS
	ssl.protocol = TLSv1.3
	ssl.provider = null
	ssl.secure.random.implementation = null
	ssl.trustmanager.algorithm = PKIX
	ssl.truststore.certificates = null
	ssl.truststore.location = null
	ssl.truststore.password = null
	ssl.truststore.type = JKS

2025-07-29 13:18:22 [main] INFO  o.a.kafka.common.utils.AppInfoParser - Kafka version: 3.9.1
2025-07-29 13:18:22 [main] INFO  o.a.kafka.common.utils.AppInfoParser - Kafka commitId: f745dfdcee2b9851
2025-07-29 13:18:22 [main] INFO  o.a.kafka.common.utils.AppInfoParser - Kafka startTimeMs: 1753784302058
2025-07-29 13:18:23 [main] INFO  o.s.b.a.s.r.ReactiveUserDetailsServiceAutoConfiguration - 

Using generated security password: dbec23d3-1b31-4890-8c5b-1db12a4baa91

2025-07-29 13:18:25 [main] INFO  o.s.cloud.commons.util.InetUtils - Cannot determine local hostname
2025-07-29 13:18:26 [main] INFO  o.s.cloud.commons.util.InetUtils - Cannot determine local hostname
2025-07-29 13:18:26 [main] INFO  c.m.d.m.MastodonToKafkaServiceApplicationTests - Started MastodonToKafkaServiceApplicationTests in 11.708 seconds (process running for 14.457)
2025-07-29 13:18:26 [main] INFO  c.m.d.m.MastodonToKafkaServiceApplication - The app is running...
2025-07-29 13:18:26 [main] INFO  c.m.d.k.a.client.KafkaAdminClient - Start creating topics...
2025-07-29 13:18:26 [main] INFO  c.m.d.k.a.client.KafkaAdminClient - Creating 1 topic(s), attempt: 0
2025-07-29 13:18:26 [main] INFO  c.m.d.k.a.client.KafkaAdminClient - Create topic result [KafkaFuture{value=null,exception=null,done=false}]
2025-07-29 13:18:26 [main] INFO  c.m.d.k.a.client.KafkaAdminClient - Start checking if topics are created...
2025-07-29 13:18:26 [main] INFO  c.m.d.k.a.client.KafkaAdminClient - Reading kafka topic [mastodon-topic], attempt 0
2025-07-29 13:18:27 [main] INFO  c.m.d.k.a.client.KafkaAdminClient - Topic with name (name=_schemas, topicId=AAAAAAAAAAAAAAAAAAAAAA, internal=false) is ready
2025-07-29 13:18:27 [main] INFO  c.m.d.k.a.client.KafkaAdminClient - Topic with name (name=mastodon-topic, topicId=AAAAAAAAAAAAAAAAAAAAAA, internal=false) is ready
2025-07-29 13:18:27 [main] INFO  c.m.d.k.a.client.KafkaAdminClient - Topic with name (name=__confluent.support.metrics, topicId=AAAAAAAAAAAAAAAAAAAAAA, internal=false) is ready
2025-07-29 13:18:27 [main] INFO  c.m.d.k.a.client.KafkaAdminClient - Topic mastodon-topic is now created with 1 attempts!
2025-07-29 13:18:27 [main] INFO  c.m.d.k.a.client.KafkaAdminClient - Topics are created!
2025-07-29 13:18:27 [main] INFO  c.m.d.k.a.client.KafkaAdminClient - Start checking schema registry...
2025-07-29 13:18:28 [main] WARN  i.n.r.d.DefaultDnsServerAddressStreamProvider - Default DNS servers: [/8.8.8.8:53, /8.8.4.4:53] (Google Public DNS as a fallback)
2025-07-29 13:18:29 [main] INFO  c.m.d.k.a.client.KafkaAdminClient - Check if schema-registry is available. Attempt: 1
2025-07-29 13:18:32 [main] INFO  c.m.d.k.a.client.KafkaAdminClient - Schema-registry is available! Attempt: 2
2025-07-29 13:18:32 [main] INFO  c.m.d.m.i.i.KafkaStreamInitializer - Topics with name mastodon-topic are ready for processing!
2025-07-29 13:18:33 [Thread-15] INFO  c.m.d.k.p.s.MastodonKafkaProducer - Sending message='{"id": 114936008279373947, "content": "<p>Zenless Zone Zero. Astra Yao</p>", "username": "RetAgg", "createdAt": 1753784306023}' to topic='mastodon-topic'
2025-07-29 13:18:33 [Thread-15] INFO  o.a.k.c.producer.ProducerConfig - ProducerConfig values: 
	acks = -1
	auto.include.jmx.reporter = true
	batch.size = 1638400
	bootstrap.servers = [localhost:19092, localhost:29092, localhost:39092]
	buffer.memory = 33554432
	client.dns.lookup = use_all_dns_ips
	client.id = mastodon-to-kafka-service-producer-1
	compression.gzip.level = -1
	compression.lz4.level = 9
	compression.type = snappy
	compression.zstd.level = 3
	connections.max.idle.ms = 540000
	delivery.timeout.ms = 120000
	enable.idempotence = true
	enable.metrics.push = true
	interceptor.classes = []
	key.serializer = class org.apache.kafka.common.serialization.LongSerializer
	linger.ms = 5
	max.block.ms = 60000
	max.in.flight.requests.per.connection = 5
	max.request.size = 1048576
	metadata.max.age.ms = 300000
	metadata.max.idle.ms = 300000
	metadata.recovery.strategy = none
	metric.reporters = []
	metrics.num.samples = 2
	metrics.recording.level = INFO
	metrics.sample.window.ms = 30000
	partitioner.adaptive.partitioning.enable = true
	partitioner.availability.timeout.ms = 0
	partitioner.class = null
	partitioner.ignore.keys = false
	receive.buffer.bytes = 32768
	reconnect.backoff.max.ms = 1000
	reconnect.backoff.ms = 50
	request.timeout.ms = 60000
	retries = 10
	retry.backoff.max.ms = 1000
	retry.backoff.ms = 100
	sasl.client.callback.handler.class = null
	sasl.jaas.config = null
	sasl.kerberos.kinit.cmd = /usr/bin/kinit
	sasl.kerberos.min.time.before.relogin = 60000
	sasl.kerberos.service.name = null
	sasl.kerberos.ticket.renew.jitter = 0.05
	sasl.kerberos.ticket.renew.window.factor = 0.8
	sasl.login.callback.handler.class = null
	sasl.login.class = null
	sasl.login.connect.timeout.ms = null
	sasl.login.read.timeout.ms = null
	sasl.login.refresh.buffer.seconds = 300
	sasl.login.refresh.min.period.seconds = 60
	sasl.login.refresh.window.factor = 0.8
	sasl.login.refresh.window.jitter = 0.05
	sasl.login.retry.backoff.max.ms = 10000
	sasl.login.retry.backoff.ms = 100
	sasl.mechanism = GSSAPI
	sasl.oauthbearer.clock.skew.seconds = 30
	sasl.oauthbearer.expected.audience = null
	sasl.oauthbearer.expected.issuer = null
	sasl.oauthbearer.header.urlencode = false
	sasl.oauthbearer.jwks.endpoint.refresh.ms = 3600000
	sasl.oauthbearer.jwks.endpoint.retry.backoff.max.ms = 10000
	sasl.oauthbearer.jwks.endpoint.retry.backoff.ms = 100
	sasl.oauthbearer.jwks.endpoint.url = null
	sasl.oauthbearer.scope.claim.name = scope
	sasl.oauthbearer.sub.claim.name = sub
	sasl.oauthbearer.token.endpoint.url = null
	security.protocol = PLAINTEXT
	security.providers = null
	send.buffer.bytes = 131072
	socket.connection.setup.timeout.max.ms = 30000
	socket.connection.setup.timeout.ms = 10000
	ssl.cipher.suites = null
	ssl.enabled.protocols = [TLSv1.2, TLSv1.3]
	ssl.endpoint.identification.algorithm = https
	ssl.engine.factory.class = null
	ssl.key.password = null
	ssl.keymanager.algorithm = SunX509
	ssl.keystore.certificate.chain = null
	ssl.keystore.key = null
	ssl.keystore.location = null
	ssl.keystore.password = null
	ssl.keystore.type = JKS
	ssl.protocol = TLSv1.3
	ssl.provider = null
	ssl.secure.random.implementation = null
	ssl.trustmanager.algorithm = PKIX
	ssl.truststore.certificates = null
	ssl.truststore.location = null
	ssl.truststore.password = null
	ssl.truststore.type = JKS
	transaction.timeout.ms = 60000
	transactional.id = null
	value.serializer = class io.confluent.kafka.serializers.KafkaAvroSerializer

2025-07-29 13:18:34 [Thread-15] INFO  o.a.k.c.t.i.KafkaMetricsCollector - initializing Kafka metrics collector
2025-07-29 13:18:34 [Thread-15] INFO  i.c.k.s.KafkaAvroSerializerConfig - KafkaAvroSerializerConfig values: 
	auto.register.schemas = true
	avro.reflection.allow.null = false
	avro.remove.java.properties = false
	avro.use.logical.type.converters = false
	basic.auth.credentials.source = URL
	basic.auth.user.info = [hidden]
	bearer.auth.cache.expiry.buffer.seconds = 300
	bearer.auth.client.id = null
	bearer.auth.client.secret = null
	bearer.auth.credentials.source = STATIC_TOKEN
	bearer.auth.custom.provider.class = null
	bearer.auth.identity.pool.id = null
	bearer.auth.issuer.endpoint.url = null
	bearer.auth.logical.cluster = null
	bearer.auth.scope = null
	bearer.auth.scope.claim.name = scope
	bearer.auth.sub.claim.name = sub
	bearer.auth.token = [hidden]
	context.name.strategy = class io.confluent.kafka.serializers.context.NullContextNameStrategy
	http.connect.timeout.ms = 60000
	http.read.timeout.ms = 60000
	id.compatibility.strict = true
	key.schema.id.deserializer = class io.confluent.kafka.serializers.schema.id.DualSchemaIdDeserializer
	key.schema.id.serializer = class io.confluent.kafka.serializers.schema.id.PrefixSchemaIdSerializer
	key.subject.name.strategy = class io.confluent.kafka.serializers.subject.TopicNameStrategy
	latest.cache.size = 1000
	latest.cache.ttl.sec = -1
	latest.compatibility.strict = true
	max.retries = 3
	max.schemas.per.subject = 1000
	normalize.schemas = false
	propagate.schema.tags = false
	proxy.host = 
	proxy.port = -1
	retries.max.wait.ms = 20000
	retries.wait.ms = 1000
	rule.actions = []
	rule.executors = []
	rule.service.loader.enable = true
	schema.format = null
	schema.reflection = false
	schema.registry.basic.auth.user.info = [hidden]
	schema.registry.ssl.cipher.suites = null
	schema.registry.ssl.enabled.protocols = [TLSv1.2, TLSv1.3]
	schema.registry.ssl.endpoint.identification.algorithm = https
	schema.registry.ssl.engine.factory.class = null
	schema.registry.ssl.key.password = null
	schema.registry.ssl.keymanager.algorithm = SunX509
	schema.registry.ssl.keystore.certificate.chain = null
	schema.registry.ssl.keystore.key = null
	schema.registry.ssl.keystore.location = null
	schema.registry.ssl.keystore.password = null
	schema.registry.ssl.keystore.type = JKS
	schema.registry.ssl.protocol = TLSv1.3
	schema.registry.ssl.provider = null
	schema.registry.ssl.secure.random.implementation = null
	schema.registry.ssl.trustmanager.algorithm = PKIX
	schema.registry.ssl.truststore.certificates = null
	schema.registry.ssl.truststore.location = null
	schema.registry.ssl.truststore.password = null
	schema.registry.ssl.truststore.type = JKS
	schema.registry.url = [http://localhost:8081]
	schema.registry.url.randomize = false
	use.latest.version = false
	use.latest.with.metadata = null
	use.schema.id = -1
	value.schema.id.deserializer = class io.confluent.kafka.serializers.schema.id.DualSchemaIdDeserializer
	value.schema.id.serializer = class io.confluent.kafka.serializers.schema.id.PrefixSchemaIdSerializer
	value.subject.name.strategy = class io.confluent.kafka.serializers.subject.TopicNameStrategy

2025-07-29 13:18:34 [Thread-15] INFO  o.a.k.clients.producer.KafkaProducer - [Producer clientId=mastodon-to-kafka-service-producer-1] Instantiated an idempotent producer.
2025-07-29 13:18:34 [Thread-15] INFO  o.a.k.c.producer.ProducerConfig - These configurations '[schema.registry.url]' were supplied but are not used yet.
2025-07-29 13:18:34 [Thread-15] INFO  o.a.kafka.common.utils.AppInfoParser - Kafka version: 3.9.1
2025-07-29 13:18:34 [Thread-15] INFO  o.a.kafka.common.utils.AppInfoParser - Kafka commitId: f745dfdcee2b9851
2025-07-29 13:18:34 [Thread-15] INFO  o.a.kafka.common.utils.AppInfoParser - Kafka startTimeMs: 1753784314312
2025-07-29 13:18:34 [SpringApplicationShutdownHook] INFO  o.a.k.clients.producer.KafkaProducer - [Producer clientId=mastodon-to-kafka-service-producer-1] Closing the Kafka producer with timeoutMillis = 30000 ms.
2025-07-29 13:18:34 [kafka-producer-network-thread | mastodon-to-kafka-service-producer-1] INFO  org.apache.kafka.clients.Metadata - [Producer clientId=mastodon-to-kafka-service-producer-1] Cluster ID: DxVkx8ySRJaXg5TrpkSJCw
2025-07-29 13:18:34 [kafka-producer-network-thread | mastodon-to-kafka-service-producer-1] INFO  o.a.k.c.p.i.TransactionManager - [Producer clientId=mastodon-to-kafka-service-producer-1] ProducerId set to 0 with epoch 0
2025-07-29 13:18:34 [SpringApplicationShutdownHook] INFO  o.a.kafka.common.metrics.Metrics - Metrics scheduler closed
2025-07-29 13:18:34 [SpringApplicationShutdownHook] INFO  o.a.kafka.common.metrics.Metrics - Closing reporter org.apache.kafka.common.metrics.JmxReporter
2025-07-29 13:18:34 [SpringApplicationShutdownHook] INFO  o.a.kafka.common.metrics.Metrics - Closing reporter org.apache.kafka.common.telemetry.internals.ClientTelemetryReporter
2025-07-29 13:18:34 [SpringApplicationShutdownHook] INFO  o.a.kafka.common.metrics.Metrics - Metrics reporters closed
2025-07-29 13:18:34 [SpringApplicationShutdownHook] INFO  o.a.kafka.common.utils.AppInfoParser - App info kafka.producer for mastodon-to-kafka-service-producer-1 unregistered
2025-07-29 13:18:34 [kafka-admin-client-thread | adminclient-1] INFO  o.a.kafka.common.utils.AppInfoParser - App info kafka.admin.client for adminclient-1 unregistered
2025-07-29 13:18:34 [kafka-admin-client-thread | adminclient-1] INFO  o.a.kafka.common.metrics.Metrics - Metrics scheduler closed
2025-07-29 13:18:34 [kafka-admin-client-thread | adminclient-1] INFO  o.a.kafka.common.metrics.Metrics - Closing reporter org.apache.kafka.common.metrics.JmxReporter
2025-07-29 13:18:34 [kafka-admin-client-thread | adminclient-1] INFO  o.a.kafka.common.metrics.Metrics - Metrics reporters closed
2025-07-29 13:18:34 [SpringApplicationShutdownHook] INFO  c.m.d.m.s.MastodonStreamService - Shutting down streaming
2025-07-29 13:18:34 [SpringApplicationShutdownHook] INFO  c.m.d.k.p.s.MastodonKafkaProducer - Closing kafka producer...
