2025-08-06 08:59:52 [background-preinit] INFO  o.h.validator.internal.util.Version - HV000001: Hibernate Validator 8.0.2.Final
2025-08-06 08:59:53 [main] INFO  c.m.demo.config.server.ConfigServer - Starting ConfigServer v0.0.1-SNAPSHOT using Java 17.0.16 with PID 1 (/workspace/BOOT-INF/classes started by cnb in /workspace)
2025-08-06 08:59:53 [main] INFO  c.m.demo.config.server.ConfigServer - No active profile set, falling back to 1 default profile: "default"
2025-08-06 09:00:08 [main] INFO  o.s.cloud.context.scope.GenericScope - BeanFactory id=4e0dca91-d11c-32a3-8925-3d637a8eabe9
2025-08-06 09:00:11 [main] INFO  o.s.b.w.e.tomcat.TomcatWebServer - Tomcat initialized with port 8886 (http)
2025-08-06 09:00:11 [main] INFO  o.a.coyote.http11.Http11NioProtocol - Initializing ProtocolHandler ["http-nio-8886"]
2025-08-06 09:00:11 [main] INFO  o.a.catalina.core.StandardService - Starting service [Tomcat]
2025-08-06 09:00:11 [main] INFO  o.a.catalina.core.StandardEngine - Starting Servlet engine: [Apache Tomcat/10.1.42]
2025-08-06 09:00:12 [main] INFO  o.a.c.c.C.[Tomcat].[localhost].[/] - Initializing Spring embedded WebApplicationContext
2025-08-06 09:00:12 [main] INFO  o.s.b.w.s.c.ServletWebServerApplicationContext - Root WebApplicationContext: initialization completed in 17104 ms
2025-08-06 09:00:20 [main] INFO  o.s.s.c.a.a.c.InitializeUserDetailsBeanManagerConfigurer$InitializeUserDetailsManagerConfigurer - Global AuthenticationManager configured with UserDetailsService bean with name inMemoryUserDetailsManager
2025-08-06 09:00:29 [main] DEBUG o.s.c.c.s.s.GitCredentialsProviderFactory - No credentials provider required for URI https://github.com/rourory/spring-cloud-repo.git
2025-08-06 09:00:43 [main] INFO  o.a.coyote.http11.Http11NioProtocol - Starting ProtocolHandler ["http-nio-8886"]
2025-08-06 09:00:43 [main] INFO  o.s.b.w.e.tomcat.TomcatWebServer - Tomcat started on port 8886 (http) with context path '/'
2025-08-06 09:00:43 [main] INFO  c.m.demo.config.server.ConfigServer - Started ConfigServer in 59.316 seconds (process running for 69.251)
2025-08-06 09:01:58 [http-nio-8886-exec-1] INFO  o.a.c.c.C.[Tomcat].[localhost].[/] - Initializing Spring DispatcherServlet 'dispatcherServlet'
2025-08-06 09:01:58 [http-nio-8886-exec-1] INFO  o.s.web.servlet.DispatcherServlet - Initializing Servlet 'dispatcherServlet'
2025-08-06 09:01:58 [http-nio-8886-exec-1] INFO  o.s.web.servlet.DispatcherServlet - Completed initialization in 4 ms
2025-08-06 09:01:59 [http-nio-8886-exec-1] DEBUG o.s.c.c.s.s.GitCredentialsProviderFactory - No credentials provider required for URI https://github.com/rourory/spring-cloud-repo.git
2025-08-06 09:02:00 [http-nio-8886-exec-1] INFO  o.s.c.c.s.e.NativeEnvironmentRepository - Adding property source: Config resource 'file [/tmp/config-repo-1957854478929591338/kafka-to-elastic-service/application-dev.yaml]' via location 'file:/tmp/config-repo-1957854478929591338/kafka-to-elastic-service/'
2025-08-06 09:02:00 [http-nio-8886-exec-1] INFO  o.s.c.c.s.e.NativeEnvironmentRepository - Adding property source: Config resource 'file [/tmp/config-repo-1957854478929591338/application.yaml]' via location 'file:/tmp/config-repo-1957854478929591338/'
2025-08-06 09:02:00 [http-nio-8886-exec-2] DEBUG o.s.c.c.s.s.GitCredentialsProviderFactory - No credentials provider required for URI https://github.com/rourory/spring-cloud-repo.git
2025-08-06 09:02:01 [http-nio-8886-exec-2] INFO  o.s.c.c.s.e.NativeEnvironmentRepository - Adding property source: Config resource 'file [/tmp/config-repo-1957854478929591338/mastodon-to-kafka-service/application-dev.yaml]' via location 'file:/tmp/config-repo-1957854478929591338/mastodon-to-kafka-service/'
2025-08-06 09:02:01 [http-nio-8886-exec-2] INFO  o.s.c.c.s.e.NativeEnvironmentRepository - Adding property source: Config resource 'file [/tmp/config-repo-1957854478929591338/application.yaml]' via location 'file:/tmp/config-repo-1957854478929591338/'
2025-08-06 09:04:26 [SpringApplicationShutdownHook] INFO  o.s.b.w.e.tomcat.GracefulShutdown - Commencing graceful shutdown. Waiting for active requests to complete
2025-08-06 09:04:26 [tomcat-shutdown] INFO  o.s.b.w.e.tomcat.GracefulShutdown - Graceful shutdown complete
2025-08-06 09:04:32 [background-preinit] INFO  o.h.validator.internal.util.Version - HV000001: Hibernate Validator 8.0.2.Final
2025-08-06 09:04:33 [main] INFO  c.m.demo.config.server.ConfigServer - Starting ConfigServer v0.0.1-SNAPSHOT using Java 17.0.16 with PID 1 (/workspace/BOOT-INF/classes started by cnb in /workspace)
2025-08-06 09:04:33 [main] INFO  c.m.demo.config.server.ConfigServer - No active profile set, falling back to 1 default profile: "default"
2025-08-06 09:04:38 [main] INFO  o.s.cloud.context.scope.GenericScope - BeanFactory id=4e0dca91-d11c-32a3-8925-3d637a8eabe9
2025-08-06 09:04:39 [main] INFO  o.s.b.w.e.tomcat.TomcatWebServer - Tomcat initialized with port 8886 (http)
2025-08-06 09:04:39 [main] INFO  o.a.coyote.http11.Http11NioProtocol - Initializing ProtocolHandler ["http-nio-8886"]
2025-08-06 09:04:39 [main] INFO  o.a.catalina.core.StandardService - Starting service [Tomcat]
2025-08-06 09:04:39 [main] INFO  o.a.catalina.core.StandardEngine - Starting Servlet engine: [Apache Tomcat/10.1.42]
2025-08-06 09:04:39 [main] INFO  o.a.c.c.C.[Tomcat].[localhost].[/] - Initializing Spring embedded WebApplicationContext
2025-08-06 09:04:39 [main] INFO  o.s.b.w.s.c.ServletWebServerApplicationContext - Root WebApplicationContext: initialization completed in 6724 ms
2025-08-06 09:04:42 [main] INFO  o.s.s.c.a.a.c.InitializeUserDetailsBeanManagerConfigurer$InitializeUserDetailsManagerConfigurer - Global AuthenticationManager configured with UserDetailsService bean with name inMemoryUserDetailsManager
2025-08-06 09:04:44 [main] DEBUG o.s.c.c.s.s.GitCredentialsProviderFactory - No credentials provider required for URI https://github.com/rourory/spring-cloud-repo.git
2025-08-06 09:04:47 [main] INFO  o.a.coyote.http11.Http11NioProtocol - Starting ProtocolHandler ["http-nio-8886"]
2025-08-06 09:04:47 [main] INFO  o.s.b.w.e.tomcat.TomcatWebServer - Tomcat started on port 8886 (http) with context path '/'
2025-08-06 09:04:47 [main] INFO  c.m.demo.config.server.ConfigServer - Started ConfigServer in 16.437 seconds (process running for 18.72)
2025-08-06 09:05:06 [http-nio-8886-exec-1] INFO  o.a.c.c.C.[Tomcat].[localhost].[/] - Initializing Spring DispatcherServlet 'dispatcherServlet'
2025-08-06 09:05:06 [http-nio-8886-exec-1] INFO  o.s.web.servlet.DispatcherServlet - Initializing Servlet 'dispatcherServlet'
2025-08-06 09:05:06 [http-nio-8886-exec-1] INFO  o.s.web.servlet.DispatcherServlet - Completed initialization in 7 ms
2025-08-06 09:05:07 [http-nio-8886-exec-1] DEBUG o.s.c.c.s.s.GitCredentialsProviderFactory - No credentials provider required for URI https://github.com/rourory/spring-cloud-repo.git
2025-08-06 09:05:08 [http-nio-8886-exec-1] INFO  o.s.c.c.s.e.NativeEnvironmentRepository - Adding property source: Config resource 'file [/tmp/config-repo-10341781133752770268/reactive-elastic-query-service/application-dev.yaml]' via location 'file:/tmp/config-repo-10341781133752770268/reactive-elastic-query-service/'
2025-08-06 09:05:08 [http-nio-8886-exec-1] INFO  o.s.c.c.s.e.NativeEnvironmentRepository - Adding property source: Config resource 'file [/tmp/config-repo-10341781133752770268/application.yaml]' via location 'file:/tmp/config-repo-10341781133752770268/'
2025-08-06 10:36:17 [http-nio-8886-exec-3] DEBUG o.s.c.c.s.s.GitCredentialsProviderFactory - No credentials provider required for URI https://github.com/rourory/spring-cloud-repo.git
2025-08-06 10:36:18 [http-nio-8886-exec-3] INFO  o.s.c.c.s.e.NativeEnvironmentRepository - Adding property source: Config resource 'file [/tmp/config-repo-10341781133752770268/reactive-elastic-query-service/application-dev.yaml]' via location 'file:/tmp/config-repo-10341781133752770268/reactive-elastic-query-service/'
2025-08-06 10:36:18 [http-nio-8886-exec-3] INFO  o.s.c.c.s.e.NativeEnvironmentRepository - Adding property source: Config resource 'file [/tmp/config-repo-10341781133752770268/application.yaml]' via location 'file:/tmp/config-repo-10341781133752770268/'
2025-08-06 10:38:56 [http-nio-8886-exec-5] DEBUG o.s.c.c.s.s.GitCredentialsProviderFactory - No credentials provider required for URI https://github.com/rourory/spring-cloud-repo.git
2025-08-06 10:38:57 [http-nio-8886-exec-5] INFO  o.s.c.c.s.e.NativeEnvironmentRepository - Adding property source: Config resource 'file [/tmp/config-repo-10341781133752770268/reactive-elastic-query-service/application-dev.yaml]' via location 'file:/tmp/config-repo-10341781133752770268/reactive-elastic-query-service/'
2025-08-06 10:38:57 [http-nio-8886-exec-5] INFO  o.s.c.c.s.e.NativeEnvironmentRepository - Adding property source: Config resource 'file [/tmp/config-repo-10341781133752770268/application.yaml]' via location 'file:/tmp/config-repo-10341781133752770268/'
2025-08-06 10:41:45 [http-nio-8886-exec-7] DEBUG o.s.c.c.s.s.GitCredentialsProviderFactory - No credentials provider required for URI https://github.com/rourory/spring-cloud-repo.git
2025-08-06 10:41:45 [http-nio-8886-exec-7] INFO  o.s.c.c.s.e.NativeEnvironmentRepository - Adding property source: Config resource 'file [/tmp/config-repo-10341781133752770268/reactive-elastic-query-service/application-dev.yaml]' via location 'file:/tmp/config-repo-10341781133752770268/reactive-elastic-query-service/'
2025-08-06 10:41:45 [http-nio-8886-exec-7] INFO  o.s.c.c.s.e.NativeEnvironmentRepository - Adding property source: Config resource 'file [/tmp/config-repo-10341781133752770268/application.yaml]' via location 'file:/tmp/config-repo-10341781133752770268/'
2025-08-06 10:42:41 [http-nio-8886-exec-9] DEBUG o.s.c.c.s.s.GitCredentialsProviderFactory - No credentials provider required for URI https://github.com/rourory/spring-cloud-repo.git
2025-08-06 10:42:41 [http-nio-8886-exec-9] INFO  o.s.c.c.s.e.NativeEnvironmentRepository - Adding property source: Config resource 'file [/tmp/config-repo-10341781133752770268/reactive-elastic-query-service/application-dev.yaml]' via location 'file:/tmp/config-repo-10341781133752770268/reactive-elastic-query-service/'
2025-08-06 10:42:41 [http-nio-8886-exec-9] INFO  o.s.c.c.s.e.NativeEnvironmentRepository - Adding property source: Config resource 'file [/tmp/config-repo-10341781133752770268/application.yaml]' via location 'file:/tmp/config-repo-10341781133752770268/'
2025-08-06 10:44:15 [http-nio-8886-exec-1] DEBUG o.s.c.c.s.s.GitCredentialsProviderFactory - No credentials provider required for URI https://github.com/rourory/spring-cloud-repo.git
2025-08-06 10:44:17 [http-nio-8886-exec-1] INFO  o.s.c.c.s.e.NativeEnvironmentRepository - Adding property source: Config resource 'file [/tmp/config-repo-10341781133752770268/reactive-elastic-query-service/application-dev.yaml]' via location 'file:/tmp/config-repo-10341781133752770268/reactive-elastic-query-service/'
2025-08-06 10:44:17 [http-nio-8886-exec-1] INFO  o.s.c.c.s.e.NativeEnvironmentRepository - Adding property source: Config resource 'file [/tmp/config-repo-10341781133752770268/application.yaml]' via location 'file:/tmp/config-repo-10341781133752770268/'
2025-08-06 12:06:06 [http-nio-8886-exec-3] DEBUG o.s.c.c.s.s.GitCredentialsProviderFactory - No credentials provider required for URI https://github.com/rourory/spring-cloud-repo.git
2025-08-06 12:06:07 [http-nio-8886-exec-3] INFO  o.s.c.c.s.e.NativeEnvironmentRepository - Adding property source: Config resource 'file [/tmp/config-repo-10341781133752770268/reactive-elastic-query-service/application-dev.yaml]' via location 'file:/tmp/config-repo-10341781133752770268/reactive-elastic-query-service/'
2025-08-06 12:06:07 [http-nio-8886-exec-3] INFO  o.s.c.c.s.e.NativeEnvironmentRepository - Adding property source: Config resource 'file [/tmp/config-repo-10341781133752770268/application.yaml]' via location 'file:/tmp/config-repo-10341781133752770268/'
2025-08-06 12:06:56 [http-nio-8886-exec-5] DEBUG o.s.c.c.s.s.GitCredentialsProviderFactory - No credentials provider required for URI https://github.com/rourory/spring-cloud-repo.git
2025-08-06 12:06:57 [http-nio-8886-exec-5] INFO  o.s.c.c.s.e.NativeEnvironmentRepository - Adding property source: Config resource 'file [/tmp/config-repo-10341781133752770268/reactive-elastic-query-service/application-dev.yaml]' via location 'file:/tmp/config-repo-10341781133752770268/reactive-elastic-query-service/'
2025-08-06 12:06:57 [http-nio-8886-exec-5] INFO  o.s.c.c.s.e.NativeEnvironmentRepository - Adding property source: Config resource 'file [/tmp/config-repo-10341781133752770268/application.yaml]' via location 'file:/tmp/config-repo-10341781133752770268/'
2025-08-06 12:10:22 [http-nio-8886-exec-7] DEBUG o.s.c.c.s.s.GitCredentialsProviderFactory - No credentials provider required for URI https://github.com/rourory/spring-cloud-repo.git
2025-08-06 12:10:23 [http-nio-8886-exec-7] INFO  o.s.c.c.s.e.NativeEnvironmentRepository - Adding property source: Config resource 'file [/tmp/config-repo-10341781133752770268/reactive-elastic-query-service/application-dev.yaml]' via location 'file:/tmp/config-repo-10341781133752770268/reactive-elastic-query-service/'
2025-08-06 12:10:23 [http-nio-8886-exec-7] INFO  o.s.c.c.s.e.NativeEnvironmentRepository - Adding property source: Config resource 'file [/tmp/config-repo-10341781133752770268/application.yaml]' via location 'file:/tmp/config-repo-10341781133752770268/'
2025-08-06 12:15:42 [http-nio-8886-exec-9] DEBUG o.s.c.c.s.s.GitCredentialsProviderFactory - No credentials provider required for URI https://github.com/rourory/spring-cloud-repo.git
2025-08-06 12:15:43 [http-nio-8886-exec-9] INFO  o.s.c.c.s.e.NativeEnvironmentRepository - Adding property source: Config resource 'file [/tmp/config-repo-10341781133752770268/reactive-elastic-query-service/application-dev.yaml]' via location 'file:/tmp/config-repo-10341781133752770268/reactive-elastic-query-service/'
2025-08-06 12:15:43 [http-nio-8886-exec-9] INFO  o.s.c.c.s.e.NativeEnvironmentRepository - Adding property source: Config resource 'file [/tmp/config-repo-10341781133752770268/application.yaml]' via location 'file:/tmp/config-repo-10341781133752770268/'
2025-08-06 13:13:47 [http-nio-8886-exec-1] DEBUG o.s.c.c.s.s.GitCredentialsProviderFactory - No credentials provider required for URI https://github.com/rourory/spring-cloud-repo.git
2025-08-06 13:13:47 [http-nio-8886-exec-1] INFO  o.s.c.c.s.e.NativeEnvironmentRepository - Adding property source: Config resource 'file [/tmp/config-repo-10341781133752770268/reactive-elastic-query-service/application-dev.yaml]' via location 'file:/tmp/config-repo-10341781133752770268/reactive-elastic-query-service/'
2025-08-06 13:13:47 [http-nio-8886-exec-1] INFO  o.s.c.c.s.e.NativeEnvironmentRepository - Adding property source: Config resource 'file [/tmp/config-repo-10341781133752770268/application.yaml]' via location 'file:/tmp/config-repo-10341781133752770268/'
2025-08-06 13:19:05 [http-nio-8886-exec-3] DEBUG o.s.c.c.s.s.GitCredentialsProviderFactory - No credentials provider required for URI https://github.com/rourory/spring-cloud-repo.git
2025-08-06 13:19:06 [http-nio-8886-exec-3] INFO  o.s.c.c.s.e.NativeEnvironmentRepository - Adding property source: Config resource 'file [/tmp/config-repo-10341781133752770268/reactive-elastic-query-service/application-dev.yaml]' via location 'file:/tmp/config-repo-10341781133752770268/reactive-elastic-query-service/'
2025-08-06 13:19:06 [http-nio-8886-exec-3] INFO  o.s.c.c.s.e.NativeEnvironmentRepository - Adding property source: Config resource 'file [/tmp/config-repo-10341781133752770268/application.yaml]' via location 'file:/tmp/config-repo-10341781133752770268/'
2025-08-06 13:20:01 [http-nio-8886-exec-5] DEBUG o.s.c.c.s.s.GitCredentialsProviderFactory - No credentials provider required for URI https://github.com/rourory/spring-cloud-repo.git
2025-08-06 13:20:02 [http-nio-8886-exec-5] INFO  o.s.c.c.s.e.NativeEnvironmentRepository - Adding property source: Config resource 'file [/tmp/config-repo-10341781133752770268/reactive-elastic-query-service/application-dev.yaml]' via location 'file:/tmp/config-repo-10341781133752770268/reactive-elastic-query-service/'
2025-08-06 13:20:02 [http-nio-8886-exec-5] INFO  o.s.c.c.s.e.NativeEnvironmentRepository - Adding property source: Config resource 'file [/tmp/config-repo-10341781133752770268/application.yaml]' via location 'file:/tmp/config-repo-10341781133752770268/'
2025-08-06 13:21:36 [http-nio-8886-exec-7] DEBUG o.s.c.c.s.s.GitCredentialsProviderFactory - No credentials provider required for URI https://github.com/rourory/spring-cloud-repo.git
2025-08-06 13:21:37 [http-nio-8886-exec-7] INFO  o.s.c.c.s.e.NativeEnvironmentRepository - Adding property source: Config resource 'file [/tmp/config-repo-10341781133752770268/reactive-elastic-query-service/application-dev.yaml]' via location 'file:/tmp/config-repo-10341781133752770268/reactive-elastic-query-service/'
2025-08-06 13:21:37 [http-nio-8886-exec-7] INFO  o.s.c.c.s.e.NativeEnvironmentRepository - Adding property source: Config resource 'file [/tmp/config-repo-10341781133752770268/application.yaml]' via location 'file:/tmp/config-repo-10341781133752770268/'
2025-08-06 13:23:04 [http-nio-8886-exec-9] DEBUG o.s.c.c.s.s.GitCredentialsProviderFactory - No credentials provider required for URI https://github.com/rourory/spring-cloud-repo.git
2025-08-06 13:23:04 [http-nio-8886-exec-9] INFO  o.s.c.c.s.e.NativeEnvironmentRepository - Adding property source: Config resource 'file [/tmp/config-repo-10341781133752770268/reactive-elastic-query-service/application-dev.yaml]' via location 'file:/tmp/config-repo-10341781133752770268/reactive-elastic-query-service/'
2025-08-06 13:23:04 [http-nio-8886-exec-9] INFO  o.s.c.c.s.e.NativeEnvironmentRepository - Adding property source: Config resource 'file [/tmp/config-repo-10341781133752770268/application.yaml]' via location 'file:/tmp/config-repo-10341781133752770268/'
2025-08-06 13:31:08 [http-nio-8886-exec-1] DEBUG o.s.c.c.s.s.GitCredentialsProviderFactory - No credentials provider required for URI https://github.com/rourory/spring-cloud-repo.git
2025-08-06 13:31:08 [http-nio-8886-exec-1] INFO  o.s.c.c.s.e.NativeEnvironmentRepository - Adding property source: Config resource 'file [/tmp/config-repo-10341781133752770268/reactive-elastic-query-service/application-dev.yaml]' via location 'file:/tmp/config-repo-10341781133752770268/reactive-elastic-query-service/'
2025-08-06 13:31:08 [http-nio-8886-exec-1] INFO  o.s.c.c.s.e.NativeEnvironmentRepository - Adding property source: Config resource 'file [/tmp/config-repo-10341781133752770268/application.yaml]' via location 'file:/tmp/config-repo-10341781133752770268/'
2025-08-06 13:33:52 [http-nio-8886-exec-3] DEBUG o.s.c.c.s.s.GitCredentialsProviderFactory - No credentials provider required for URI https://github.com/rourory/spring-cloud-repo.git
2025-08-06 13:33:52 [http-nio-8886-exec-3] INFO  o.s.c.c.s.e.NativeEnvironmentRepository - Adding property source: Config resource 'file [/tmp/config-repo-10341781133752770268/reactive-elastic-query-service/application-dev.yaml]' via location 'file:/tmp/config-repo-10341781133752770268/reactive-elastic-query-service/'
2025-08-06 13:33:52 [http-nio-8886-exec-3] INFO  o.s.c.c.s.e.NativeEnvironmentRepository - Adding property source: Config resource 'file [/tmp/config-repo-10341781133752770268/application.yaml]' via location 'file:/tmp/config-repo-10341781133752770268/'
2025-08-06 13:37:44 [http-nio-8886-exec-5] DEBUG o.s.c.c.s.s.GitCredentialsProviderFactory - No credentials provider required for URI https://github.com/rourory/spring-cloud-repo.git
2025-08-06 13:37:45 [http-nio-8886-exec-5] INFO  o.s.c.c.s.e.NativeEnvironmentRepository - Adding property source: Config resource 'file [/tmp/config-repo-10341781133752770268/reactive-elastic-query-service/application-dev.yaml]' via location 'file:/tmp/config-repo-10341781133752770268/reactive-elastic-query-service/'
2025-08-06 13:37:45 [http-nio-8886-exec-5] INFO  o.s.c.c.s.e.NativeEnvironmentRepository - Adding property source: Config resource 'file [/tmp/config-repo-10341781133752770268/application.yaml]' via location 'file:/tmp/config-repo-10341781133752770268/'
2025-08-06 13:41:11 [http-nio-8886-exec-7] DEBUG o.s.c.c.s.s.GitCredentialsProviderFactory - No credentials provider required for URI https://github.com/rourory/spring-cloud-repo.git
2025-08-06 13:41:12 [http-nio-8886-exec-7] INFO  o.s.c.c.s.e.NativeEnvironmentRepository - Adding property source: Config resource 'file [/tmp/config-repo-10341781133752770268/reactive-elastic-query-service/application-dev.yaml]' via location 'file:/tmp/config-repo-10341781133752770268/reactive-elastic-query-service/'
2025-08-06 13:41:12 [http-nio-8886-exec-7] INFO  o.s.c.c.s.e.NativeEnvironmentRepository - Adding property source: Config resource 'file [/tmp/config-repo-10341781133752770268/application.yaml]' via location 'file:/tmp/config-repo-10341781133752770268/'
2025-08-06 13:41:54 [http-nio-8886-exec-9] DEBUG o.s.c.c.s.s.GitCredentialsProviderFactory - No credentials provider required for URI https://github.com/rourory/spring-cloud-repo.git
2025-08-06 13:41:55 [http-nio-8886-exec-9] INFO  o.s.c.c.s.e.NativeEnvironmentRepository - Adding property source: Config resource 'file [/tmp/config-repo-10341781133752770268/reactive-elastic-query-service/application-dev.yaml]' via location 'file:/tmp/config-repo-10341781133752770268/reactive-elastic-query-service/'
2025-08-06 13:41:55 [http-nio-8886-exec-9] INFO  o.s.c.c.s.e.NativeEnvironmentRepository - Adding property source: Config resource 'file [/tmp/config-repo-10341781133752770268/application.yaml]' via location 'file:/tmp/config-repo-10341781133752770268/'
2025-08-06 13:43:53 [http-nio-8886-exec-1] DEBUG o.s.c.c.s.s.GitCredentialsProviderFactory - No credentials provider required for URI https://github.com/rourory/spring-cloud-repo.git
2025-08-06 13:43:54 [http-nio-8886-exec-1] INFO  o.s.c.c.s.e.NativeEnvironmentRepository - Adding property source: Config resource 'file [/tmp/config-repo-10341781133752770268/reactive-elastic-query-service/application-dev.yaml]' via location 'file:/tmp/config-repo-10341781133752770268/reactive-elastic-query-service/'
2025-08-06 13:43:54 [http-nio-8886-exec-1] INFO  o.s.c.c.s.e.NativeEnvironmentRepository - Adding property source: Config resource 'file [/tmp/config-repo-10341781133752770268/application.yaml]' via location 'file:/tmp/config-repo-10341781133752770268/'
2025-08-06 13:47:47 [http-nio-8886-exec-3] DEBUG o.s.c.c.s.s.GitCredentialsProviderFactory - No credentials provider required for URI https://github.com/rourory/spring-cloud-repo.git
2025-08-06 13:47:47 [http-nio-8886-exec-3] INFO  o.s.c.c.s.e.NativeEnvironmentRepository - Adding property source: Config resource 'file [/tmp/config-repo-10341781133752770268/reactive-elastic-query-service/application-dev.yaml]' via location 'file:/tmp/config-repo-10341781133752770268/reactive-elastic-query-service/'
2025-08-06 13:47:47 [http-nio-8886-exec-3] INFO  o.s.c.c.s.e.NativeEnvironmentRepository - Adding property source: Config resource 'file [/tmp/config-repo-10341781133752770268/application.yaml]' via location 'file:/tmp/config-repo-10341781133752770268/'
2025-08-06 13:50:35 [SpringApplicationShutdownHook] INFO  o.s.b.w.e.tomcat.GracefulShutdown - Commencing graceful shutdown. Waiting for active requests to complete
2025-08-06 13:50:35 [tomcat-shutdown] INFO  o.s.b.w.e.tomcat.GracefulShutdown - Graceful shutdown complete
