2025-08-05 08:53:26 [background-preinit] INFO  o.h.validator.internal.util.Version - HV000001: Hibernate Validator 8.0.2.Final
2025-08-05 08:53:26 [main] INFO  c.m.d.e.q.s.ElasticQueryServiceApplication - Starting ElasticQueryServiceApplication v0.0.1-SNAPSHOT using Java 17.0.16 with PID 1 (/workspace/BOOT-INF/classes started by cnb in /workspace)
2025-08-05 08:53:26 [main] INFO  c.m.d.e.q.s.ElasticQueryServiceApplication - The following 1 profile is active: "dev"
2025-08-05 08:53:26 [main] INFO  o.s.c.c.c.ConfigServerConfigDataLoader - Fetching config from server at : http://config-server:8886
2025-08-05 08:53:26 [main] INFO  o.s.c.c.c.ConfigServerConfigDataLoader - Located environment: name=elastic-query-service, profiles=[dev], label=null, version=e100fef8c97b2a7403bf9b31ada23bc3530e5d7d, state=
2025-08-05 08:53:30 [main] INFO  o.s.d.r.c.RepositoryConfigurationDelegate - Bootstrapping Spring Data Elasticsearch repositories in DEFAULT mode.
2025-08-05 08:53:30 [main] INFO  o.s.d.r.c.RepositoryConfigurationDelegate - Finished Spring Data repository scanning in 252 ms. Found 1 Elasticsearch repository interface.
2025-08-05 08:53:33 [main] INFO  o.s.cloud.context.scope.GenericScope - BeanFactory id=c8dea21c-5a26-335f-b917-6f5c33a2f94a
2025-08-05 08:53:33 [main] INFO  o.s.b.w.e.tomcat.TomcatWebServer - Tomcat initialized with port 8183 (http)
2025-08-05 08:53:34 [main] INFO  o.a.coyote.http11.Http11NioProtocol - Initializing ProtocolHandler ["http-nio-8183"]
2025-08-05 08:53:34 [main] INFO  o.a.catalina.core.StandardService - Starting service [Tomcat]
2025-08-05 08:53:34 [main] INFO  o.a.catalina.core.StandardEngine - Starting Servlet engine: [Apache Tomcat/10.1.42]
2025-08-05 08:53:34 [main] INFO  o.a.c.c.C.[Tomcat].[localhost].[/] - Initializing Spring embedded WebApplicationContext
2025-08-05 08:53:34 [main] INFO  o.s.b.w.s.c.ServletWebServerApplicationContext - Root WebApplicationContext: initialization completed in 7417 ms
2025-08-05 08:53:37 [main] INFO  c.m.demo.config.KafkaConfigData - Kafka config data has initialized with next properties: bootstrapServers: localhost:19092, localhost:29092, localhost:39092
schemaRegistryUrlKey: schema.registry.url
schemaRegistryUrl: http://localhost:8081
topicName : mastodon-topic
topicNamesToCreate : [mastodon-topic]
numberOfPartitions : 3
replicationFactor : 3
2025-08-05 08:53:37 [main] INFO  c.m.d.config.KafkaProducerConfigData - Kafka config data has initialized with next properties: keySerializerClass: null
valueSerializerClass: null
compressionType: null
acks : null
batchSize : null
batchSizeBoostFactor : null
lingerMs : null
requestTimeoutMs : null
retryCount : null
2025-08-05 08:53:38 [main] WARN  o.s.b.a.s.s.UserDetailsServiceAutoConfiguration - 

Using generated security password: 4232f17d-f230-4578-a10a-ab33e381093a

This generated password is for development use only. Your security configuration must be updated before running your application in production.

2025-08-05 08:53:38 [main] INFO  o.s.s.c.a.a.c.InitializeUserDetailsBeanManagerConfigurer$InitializeUserDetailsManagerConfigurer - Global AuthenticationManager configured with UserDetailsService bean with name inMemoryUserDetailsManager
2025-08-05 08:53:40 [main] INFO  o.a.coyote.http11.Http11NioProtocol - Starting ProtocolHandler ["http-nio-8183"]
2025-08-05 08:53:40 [main] INFO  o.s.b.w.e.tomcat.TomcatWebServer - Tomcat started on port 8183 (http) with context path '/'
2025-08-05 08:53:40 [main] INFO  c.m.d.e.q.s.ElasticQueryServiceApplication - Started ElasticQueryServiceApplication in 18.979 seconds (process running for 21.638)
2025-08-05 08:53:51 [http-nio-8183-exec-2] INFO  o.a.c.c.C.[Tomcat].[localhost].[/] - Initializing Spring DispatcherServlet 'dispatcherServlet'
2025-08-05 08:53:51 [http-nio-8183-exec-2] INFO  o.s.web.servlet.DispatcherServlet - Initializing Servlet 'dispatcherServlet'
2025-08-05 08:53:51 [http-nio-8183-exec-2] INFO  o.s.web.servlet.DispatcherServlet - Completed initialization in 6 ms
2025-08-05 08:53:52 [http-nio-8183-exec-2] ERROR c.m.d.e.q.s.a.e.h.ElasticControllerErrorHandler - Service runtime exception: Could not find mastodon index with id: 114970330572354094
2025-08-05 08:54:09 [http-nio-8183-exec-4] ERROR c.m.d.e.q.s.a.e.h.ElasticControllerErrorHandler - Internal server error: No static resource documents.
2025-08-05 08:54:15 [http-nio-8183-exec-5] ERROR c.m.d.e.q.s.a.e.h.ElasticControllerErrorHandler - Internal server error: No static resource documents.
2025-08-05 08:54:25 [http-nio-8183-exec-8] ERROR c.m.d.e.q.s.a.e.h.ElasticControllerErrorHandler - Internal server error: No static resource documents.
2025-08-05 08:54:31 [http-nio-8183-exec-10] ERROR c.m.d.e.q.s.a.e.h.ElasticControllerErrorHandler - Service runtime exception: Could not find mastodon index with id: 2
2025-08-05 08:54:42 [http-nio-8183-exec-2] INFO  c.m.d.e.q.s.a.ElasticDocumentController - Trying to find all the documents
2025-08-05 08:55:26 [SpringApplicationShutdownHook] INFO  o.s.b.w.e.tomcat.GracefulShutdown - Commencing graceful shutdown. Waiting for active requests to complete
2025-08-05 08:55:26 [tomcat-shutdown] INFO  o.s.b.w.e.tomcat.GracefulShutdown - Graceful shutdown complete
