2025-07-29 09:15:05 [main] INFO  o.s.c.c.c.ConfigServerConfigDataLoader - Fetching config from server at : http://config-server:8886
2025-07-29 09:15:05 [main] INFO  o.s.c.c.c.ConfigServerConfigDataLoader - Exception on Url - http://config-server:8886:org.springframework.web.client.ResourceAccessException: I/O error on GET request for "http://config-server:8886/kafka-to-elastic-service/dev": Connection refused. Will be trying the next url if available
2025-07-29 09:15:05 [main] ERROR o.s.boot.SpringApplication - Application run failed
org.springframework.cloud.config.client.ConfigClientFailFastException: Could not locate PropertySource and the resource is not optional, failing
	at org.springframework.cloud.config.client.ConfigServerConfigDataLoader.doLoad(ConfigServerConfigDataLoader.java:218)
	at org.springframework.cloud.config.client.ConfigClientRetryBootstrapper.lambda$initialize$1(ConfigClientRetryBootstrapper.java:54)
	at org.springframework.cloud.config.client.ConfigServerConfigDataLoader.load(ConfigServerConfigDataLoader.java:96)
	at org.springframework.cloud.config.client.ConfigServerConfigDataLoader.load(ConfigServerConfigDataLoader.java:63)
	at org.springframework.boot.context.config.ConfigDataLoaders.load(ConfigDataLoaders.java:96)
	at org.springframework.boot.context.config.ConfigDataImporter.load(ConfigDataImporter.java:132)
	at org.springframework.boot.context.config.ConfigDataImporter.resolveAndLoad(ConfigDataImporter.java:87)
	at org.springframework.boot.context.config.ConfigDataEnvironmentContributors.withProcessedImports(ConfigDataEnvironmentContributors.java:129)
	at org.springframework.boot.context.config.ConfigDataEnvironment.processInitial(ConfigDataEnvironment.java:245)
	at org.springframework.boot.context.config.ConfigDataEnvironment.processAndApply(ConfigDataEnvironment.java:232)
	at org.springframework.boot.context.config.ConfigDataEnvironmentPostProcessor.postProcessEnvironment(ConfigDataEnvironmentPostProcessor.java:96)
	at org.springframework.boot.context.config.ConfigDataEnvironmentPostProcessor.postProcessEnvironment(ConfigDataEnvironmentPostProcessor.java:89)
	at org.springframework.boot.env.EnvironmentPostProcessorApplicationListener.onApplicationEnvironmentPreparedEvent(EnvironmentPostProcessorApplicationListener.java:132)
	at org.springframework.boot.env.EnvironmentPostProcessorApplicationListener.onApplicationEvent(EnvironmentPostProcessorApplicationListener.java:115)
	at org.springframework.context.event.SimpleApplicationEventMulticaster.doInvokeListener(SimpleApplicationEventMulticaster.java:185)
	at org.springframework.context.event.SimpleApplicationEventMulticaster.invokeListener(SimpleApplicationEventMulticaster.java:178)
	at org.springframework.context.event.SimpleApplicationEventMulticaster.multicastEvent(SimpleApplicationEventMulticaster.java:156)
	at org.springframework.context.event.SimpleApplicationEventMulticaster.multicastEvent(SimpleApplicationEventMulticaster.java:138)
	at org.springframework.boot.context.event.EventPublishingRunListener.multicastInitialEvent(EventPublishingRunListener.java:136)
	at org.springframework.boot.context.event.EventPublishingRunListener.environmentPrepared(EventPublishingRunListener.java:81)
	at org.springframework.boot.SpringApplicationRunListeners.lambda$environmentPrepared$2(SpringApplicationRunListeners.java:64)
	at java.base/java.lang.Iterable.forEach(Unknown Source)
	at org.springframework.boot.SpringApplicationRunListeners.doWithListeners(SpringApplicationRunListeners.java:118)
	at org.springframework.boot.SpringApplicationRunListeners.doWithListeners(SpringApplicationRunListeners.java:112)
	at org.springframework.boot.SpringApplicationRunListeners.environmentPrepared(SpringApplicationRunListeners.java:63)
	at org.springframework.boot.SpringApplication.prepareEnvironment(SpringApplication.java:353)
	at org.springframework.boot.SpringApplication.run(SpringApplication.java:313)
	at org.springframework.boot.SpringApplication.run(SpringApplication.java:1361)
	at org.springframework.boot.SpringApplication.run(SpringApplication.java:1350)
	at com.microsorvices.demo.kafka.to.elastic.service.KafkaToElasticServiceApplication.main(KafkaToElasticServiceApplication.java:11)
	at java.base/jdk.internal.reflect.NativeMethodAccessorImpl.invoke0(Native Method)
	at java.base/jdk.internal.reflect.NativeMethodAccessorImpl.invoke(Unknown Source)
	at java.base/jdk.internal.reflect.DelegatingMethodAccessorImpl.invoke(Unknown Source)
	at java.base/java.lang.reflect.Method.invoke(Unknown Source)
	at org.springframework.boot.loader.launch.Launcher.launch(Launcher.java:102)
	at org.springframework.boot.loader.launch.Launcher.launch(Launcher.java:64)
	at org.springframework.boot.loader.launch.JarLauncher.main(JarLauncher.java:40)
Caused by: org.springframework.web.client.ResourceAccessException: I/O error on GET request for "http://config-server:8886/kafka-to-elastic-service/dev": Connection refused
	at org.springframework.web.client.RestTemplate.createResourceAccessException(RestTemplate.java:926)
	at org.springframework.web.client.RestTemplate.doExecute(RestTemplate.java:906)
	at org.springframework.web.client.RestTemplate.execute(RestTemplate.java:801)
	at org.springframework.web.client.RestTemplate.exchange(RestTemplate.java:683)
	at org.springframework.cloud.config.client.ConfigServerConfigDataLoader.getRemoteEnvironment(ConfigServerConfigDataLoader.java:349)
	at org.springframework.cloud.config.client.ConfigServerConfigDataLoader.doLoad(ConfigServerConfigDataLoader.java:130)
	... 36 common frames omitted
Caused by: java.net.ConnectException: Connection refused
	at java.base/sun.nio.ch.Net.pollConnect(Native Method)
	at java.base/sun.nio.ch.Net.pollConnectNow(Unknown Source)
	at java.base/sun.nio.ch.NioSocketImpl.timedFinishConnect(Unknown Source)
	at java.base/sun.nio.ch.NioSocketImpl.connect(Unknown Source)
	at java.base/java.net.Socket.connect(Unknown Source)
	at java.base/sun.net.NetworkClient.doConnect(Unknown Source)
	at java.base/sun.net.www.http.HttpClient.openServer(Unknown Source)
	at java.base/sun.net.www.http.HttpClient.openServer(Unknown Source)
	at java.base/sun.net.www.http.HttpClient.<init>(Unknown Source)
	at java.base/sun.net.www.http.HttpClient.New(Unknown Source)
	at java.base/sun.net.www.http.HttpClient.New(Unknown Source)
	at java.base/sun.net.www.protocol.http.HttpURLConnection.getNewHttpClient(Unknown Source)
	at java.base/sun.net.www.protocol.http.HttpURLConnection.plainConnect0(Unknown Source)
	at java.base/sun.net.www.protocol.http.HttpURLConnection.plainConnect(Unknown Source)
	at java.base/sun.net.www.protocol.http.HttpURLConnection.connect(Unknown Source)
	at org.springframework.http.client.SimpleClientHttpRequest.executeInternal(SimpleClientHttpRequest.java:79)
	at org.springframework.http.client.AbstractStreamingClientHttpRequest.executeInternal(AbstractStreamingClientHttpRequest.java:71)
	at org.springframework.http.client.AbstractClientHttpRequest.execute(AbstractClientHttpRequest.java:81)
	at org.springframework.web.client.RestTemplate.doExecute(RestTemplate.java:900)
	... 40 common frames omitted
2025-07-29 09:15:37 [main] INFO  c.m.d.k.t.e.s.KafkaToElasticServiceApplication - Starting KafkaToElasticServiceApplication v0.0.1-SNAPSHOT using Java 17.0.16 with PID 1 (/workspace/BOOT-INF/classes started by cnb in /workspace)
2025-07-29 09:15:37 [main] INFO  c.m.d.k.t.e.s.KafkaToElasticServiceApplication - The following 1 profile is active: "dev"
2025-07-29 09:15:37 [main] INFO  o.s.c.c.c.ConfigServerConfigDataLoader - Fetching config from server at : http://config-server:8886
2025-07-29 09:15:37 [main] INFO  o.s.c.c.c.ConfigServerConfigDataLoader - Located environment: name=kafka-to-elastic-service, profiles=[dev], label=null, version=4f69a9375b588edec929039aa72c5ef3b2061670, state=
2025-07-29 09:15:44 [main] INFO  o.s.cloud.context.scope.GenericScope - BeanFactory id=13882eca-edd9-3faa-bf13-038ec1f97e93
2025-07-29 09:15:46 [main] INFO  c.m.demo.config.KafkaConfigData - Kafka config data has initialized with next properties: bootstrapServers: kafka-broker-1:9092, kafka-broker-2:9092, kafka-broker-3:9092
schemaRegistryUrlKey: schema.registry.url
schemaRegistryUrl: http://schema-registry:8081
topicName : mastodon-topic
topicNamesToCreate : [mastodon-topic]
numberOfPartitions : 3
replicationFactor : 3
2025-07-29 09:15:47 [main] INFO  o.a.k.c.admin.AdminClientConfig - AdminClientConfig values: 
	auto.include.jmx.reporter = true
	bootstrap.controllers = []
	bootstrap.servers = [kafka-broker-1:9092, kafka-broker-2:9092, kafka-broker-3:9092]
	client.dns.lookup = use_all_dns_ips
	client.id = 
	connections.max.idle.ms = 300000
	default.api.timeout.ms = 60000
	enable.metrics.push = true
	metadata.max.age.ms = 300000
	metadata.recovery.strategy = none
	metric.reporters = []
	metrics.num.samples = 2
	metrics.recording.level = INFO
	metrics.sample.window.ms = 30000
	receive.buffer.bytes = 65536
	reconnect.backoff.max.ms = 1000
	reconnect.backoff.ms = 50
	request.timeout.ms = 30000
	retries = 2147483647
	retry.backoff.max.ms = 1000
	retry.backoff.ms = 100
	sasl.client.callback.handler.class = null
	sasl.jaas.config = null
	sasl.kerberos.kinit.cmd = /usr/bin/kinit
	sasl.kerberos.min.time.before.relogin = 60000
	sasl.kerberos.service.name = null
	sasl.kerberos.ticket.renew.jitter = 0.05
	sasl.kerberos.ticket.renew.window.factor = 0.8
	sasl.login.callback.handler.class = null
	sasl.login.class = null
	sasl.login.connect.timeout.ms = null
	sasl.login.read.timeout.ms = null
	sasl.login.refresh.buffer.seconds = 300
	sasl.login.refresh.min.period.seconds = 60
	sasl.login.refresh.window.factor = 0.8
	sasl.login.refresh.window.jitter = 0.05
	sasl.login.retry.backoff.max.ms = 10000
	sasl.login.retry.backoff.ms = 100
	sasl.mechanism = GSSAPI
	sasl.oauthbearer.clock.skew.seconds = 30
	sasl.oauthbearer.expected.audience = null
	sasl.oauthbearer.expected.issuer = null
	sasl.oauthbearer.header.urlencode = false
	sasl.oauthbearer.jwks.endpoint.refresh.ms = 3600000
	sasl.oauthbearer.jwks.endpoint.retry.backoff.max.ms = 10000
	sasl.oauthbearer.jwks.endpoint.retry.backoff.ms = 100
	sasl.oauthbearer.jwks.endpoint.url = null
	sasl.oauthbearer.scope.claim.name = scope
	sasl.oauthbearer.sub.claim.name = sub
	sasl.oauthbearer.token.endpoint.url = null
	security.protocol = PLAINTEXT
	security.providers = null
	send.buffer.bytes = 131072
	socket.connection.setup.timeout.max.ms = 30000
	socket.connection.setup.timeout.ms = 10000
	ssl.cipher.suites = null
	ssl.enabled.protocols = [TLSv1.2, TLSv1.3]
	ssl.endpoint.identification.algorithm = https
	ssl.engine.factory.class = null
	ssl.key.password = null
	ssl.keymanager.algorithm = SunX509
	ssl.keystore.certificate.chain = null
	ssl.keystore.key = null
	ssl.keystore.location = null
	ssl.keystore.password = null
	ssl.keystore.type = JKS
	ssl.protocol = TLSv1.3
	ssl.provider = null
	ssl.secure.random.implementation = null
	ssl.trustmanager.algorithm = PKIX
	ssl.truststore.certificates = null
	ssl.truststore.location = null
	ssl.truststore.password = null
	ssl.truststore.type = JKS

2025-07-29 09:15:48 [main] INFO  o.a.kafka.common.utils.AppInfoParser - Kafka version: 3.9.1
2025-07-29 09:15:48 [main] INFO  o.a.kafka.common.utils.AppInfoParser - Kafka commitId: f745dfdcee2b9851
2025-07-29 09:15:48 [main] INFO  o.a.kafka.common.utils.AppInfoParser - Kafka startTimeMs: 1753780548166
2025-07-29 09:15:49 [main] INFO  c.m.d.config.KafkaProducerConfigData - Kafka config data has initialized with next properties: keySerializerClass: null
valueSerializerClass: null
compressionType: null
acks : null
batchSize : null
batchSizeBoostFactor : null
lingerMs : null
requestTimeoutMs : null
retryCount : null
2025-07-29 09:15:51 [main] INFO  o.s.b.a.s.r.ReactiveUserDetailsServiceAutoConfiguration - 

Using generated security password: 8eaa53a5-379f-4a0c-a1e6-130f57871a51

2025-07-29 09:15:55 [main] INFO  o.s.b.w.e.netty.NettyWebServer - Netty started on port 8182 (http)
2025-07-29 09:15:55 [main] INFO  o.a.k.c.consumer.ConsumerConfig - ConsumerConfig values: 
	allow.auto.create.topics = true
	auto.commit.interval.ms = 5000
	auto.include.jmx.reporter = true
	auto.offset.reset = earliest
	bootstrap.servers = [kafka-broker-1:9092, kafka-broker-2:9092, kafka-broker-3:9092]
	check.crcs = true
	client.dns.lookup = use_all_dns_ips
	client.id = consumer-mastodonTopicListener-1
	client.rack = 
	connections.max.idle.ms = 540000
	default.api.timeout.ms = 60000
	enable.auto.commit = false
	enable.metrics.push = true
	exclude.internal.topics = true
	fetch.max.bytes = 52428800
	fetch.max.wait.ms = 500
	fetch.min.bytes = 1
	group.id = mastodonTopicListener
	group.instance.id = null
	group.protocol = classic
	group.remote.assignor = null
	heartbeat.interval.ms = 3000
	interceptor.classes = []
	internal.leave.group.on.close = true
	internal.throw.on.fetch.stable.offset.unsupported = false
	isolation.level = read_uncommitted
	key.deserializer = class org.apache.kafka.common.serialization.LongDeserializer
	max.partition.fetch.bytes = 1048576
	max.poll.interval.ms = 300000
	max.poll.records = 500
	metadata.max.age.ms = 300000
	metadata.recovery.strategy = none
	metric.reporters = []
	metrics.num.samples = 2
	metrics.recording.level = INFO
	metrics.sample.window.ms = 30000
	partition.assignment.strategy = [class org.apache.kafka.clients.consumer.RangeAssignor, class org.apache.kafka.clients.consumer.CooperativeStickyAssignor]
	receive.buffer.bytes = 65536
	reconnect.backoff.max.ms = 1000
	reconnect.backoff.ms = 50
	request.timeout.ms = 30000
	retry.backoff.max.ms = 1000
	retry.backoff.ms = 100
	sasl.client.callback.handler.class = null
	sasl.jaas.config = null
	sasl.kerberos.kinit.cmd = /usr/bin/kinit
	sasl.kerberos.min.time.before.relogin = 60000
	sasl.kerberos.service.name = null
	sasl.kerberos.ticket.renew.jitter = 0.05
	sasl.kerberos.ticket.renew.window.factor = 0.8
	sasl.login.callback.handler.class = null
	sasl.login.class = null
	sasl.login.connect.timeout.ms = null
	sasl.login.read.timeout.ms = null
	sasl.login.refresh.buffer.seconds = 300
	sasl.login.refresh.min.period.seconds = 60
	sasl.login.refresh.window.factor = 0.8
	sasl.login.refresh.window.jitter = 0.05
	sasl.login.retry.backoff.max.ms = 10000
	sasl.login.retry.backoff.ms = 100
	sasl.mechanism = GSSAPI
	sasl.oauthbearer.clock.skew.seconds = 30
	sasl.oauthbearer.expected.audience = null
	sasl.oauthbearer.expected.issuer = null
	sasl.oauthbearer.header.urlencode = false
	sasl.oauthbearer.jwks.endpoint.refresh.ms = 3600000
	sasl.oauthbearer.jwks.endpoint.retry.backoff.max.ms = 10000
	sasl.oauthbearer.jwks.endpoint.retry.backoff.ms = 100
	sasl.oauthbearer.jwks.endpoint.url = null
	sasl.oauthbearer.scope.claim.name = scope
	sasl.oauthbearer.sub.claim.name = sub
	sasl.oauthbearer.token.endpoint.url = null
	security.protocol = PLAINTEXT
	security.providers = null
	send.buffer.bytes = 131072
	session.timeout.ms = 10000
	socket.connection.setup.timeout.max.ms = 30000
	socket.connection.setup.timeout.ms = 10000
	ssl.cipher.suites = null
	ssl.enabled.protocols = [TLSv1.2, TLSv1.3]
	ssl.endpoint.identification.algorithm = https
	ssl.engine.factory.class = null
	ssl.key.password = null
	ssl.keymanager.algorithm = SunX509
	ssl.keystore.certificate.chain = null
	ssl.keystore.key = null
	ssl.keystore.location = null
	ssl.keystore.password = null
	ssl.keystore.type = JKS
	ssl.protocol = TLSv1.3
	ssl.provider = null
	ssl.secure.random.implementation = null
	ssl.trustmanager.algorithm = PKIX
	ssl.truststore.certificates = null
	ssl.truststore.location = null
	ssl.truststore.password = null
	ssl.truststore.type = JKS
	value.deserializer = class io.confluent.kafka.serializers.KafkaAvroDeserializer

2025-07-29 09:15:55 [main] INFO  o.a.k.c.t.i.KafkaMetricsCollector - initializing Kafka metrics collector
2025-07-29 09:15:55 [main] INFO  i.c.k.s.KafkaAvroDeserializerConfig - KafkaAvroDeserializerConfig values: 
	auto.register.schemas = true
	avro.reflection.allow.null = false
	avro.use.logical.type.converters = false
	basic.auth.credentials.source = URL
	basic.auth.user.info = [hidden]
	bearer.auth.cache.expiry.buffer.seconds = 300
	bearer.auth.client.id = null
	bearer.auth.client.secret = null
	bearer.auth.credentials.source = STATIC_TOKEN
	bearer.auth.custom.provider.class = null
	bearer.auth.identity.pool.id = null
	bearer.auth.issuer.endpoint.url = null
	bearer.auth.logical.cluster = null
	bearer.auth.scope = null
	bearer.auth.scope.claim.name = scope
	bearer.auth.sub.claim.name = sub
	bearer.auth.token = [hidden]
	context.name.strategy = class io.confluent.kafka.serializers.context.NullContextNameStrategy
	http.connect.timeout.ms = 60000
	http.read.timeout.ms = 60000
	id.compatibility.strict = true
	key.schema.id.deserializer = class io.confluent.kafka.serializers.schema.id.DualSchemaIdDeserializer
	key.schema.id.serializer = class io.confluent.kafka.serializers.schema.id.PrefixSchemaIdSerializer
	key.subject.name.strategy = class io.confluent.kafka.serializers.subject.TopicNameStrategy
	latest.cache.size = 1000
	latest.cache.ttl.sec = -1
	latest.compatibility.strict = true
	max.retries = 3
	max.schemas.per.subject = 1000
	normalize.schemas = false
	propagate.schema.tags = false
	proxy.host = 
	proxy.port = -1
	retries.max.wait.ms = 20000
	retries.wait.ms = 1000
	rule.actions = []
	rule.executors = []
	rule.service.loader.enable = true
	schema.format = null
	schema.reflection = false
	schema.registry.basic.auth.user.info = [hidden]
	schema.registry.ssl.cipher.suites = null
	schema.registry.ssl.enabled.protocols = [TLSv1.2, TLSv1.3]
	schema.registry.ssl.endpoint.identification.algorithm = https
	schema.registry.ssl.engine.factory.class = null
	schema.registry.ssl.key.password = null
	schema.registry.ssl.keymanager.algorithm = SunX509
	schema.registry.ssl.keystore.certificate.chain = null
	schema.registry.ssl.keystore.key = null
	schema.registry.ssl.keystore.location = null
	schema.registry.ssl.keystore.password = null
	schema.registry.ssl.keystore.type = JKS
	schema.registry.ssl.protocol = TLSv1.3
	schema.registry.ssl.provider = null
	schema.registry.ssl.secure.random.implementation = null
	schema.registry.ssl.trustmanager.algorithm = PKIX
	schema.registry.ssl.truststore.certificates = null
	schema.registry.ssl.truststore.location = null
	schema.registry.ssl.truststore.password = null
	schema.registry.ssl.truststore.type = JKS
	schema.registry.url = [http://schema-registry:8081]
	schema.registry.url.randomize = false
	specific.avro.key.type = null
	specific.avro.reader = true
	specific.avro.value.type = null
	use.latest.version = false
	use.latest.with.metadata = null
	use.schema.id = -1
	value.schema.id.deserializer = class io.confluent.kafka.serializers.schema.id.DualSchemaIdDeserializer
	value.schema.id.serializer = class io.confluent.kafka.serializers.schema.id.PrefixSchemaIdSerializer
	value.subject.name.strategy = class io.confluent.kafka.serializers.subject.TopicNameStrategy

2025-07-29 09:15:57 [main] INFO  o.a.k.c.consumer.ConsumerConfig - These configurations '[specific.avro.reader, schema.registry.url]' were supplied but are not used yet.
2025-07-29 09:15:57 [main] INFO  o.a.kafka.common.utils.AppInfoParser - Kafka version: 3.9.1
2025-07-29 09:15:57 [main] INFO  o.a.kafka.common.utils.AppInfoParser - Kafka commitId: f745dfdcee2b9851
2025-07-29 09:15:57 [main] INFO  o.a.kafka.common.utils.AppInfoParser - Kafka startTimeMs: 1753780557286
2025-07-29 09:15:57 [main] INFO  o.a.k.c.c.i.ClassicKafkaConsumer - [Consumer clientId=consumer-mastodonTopicListener-1, groupId=mastodonTopicListener] Subscribed to topic(s): mastodon-topic
2025-07-29 09:15:57 [main] INFO  o.a.k.c.consumer.ConsumerConfig - ConsumerConfig values: 
	allow.auto.create.topics = true
	auto.commit.interval.ms = 5000
	auto.include.jmx.reporter = true
	auto.offset.reset = earliest
	bootstrap.servers = [kafka-broker-1:9092, kafka-broker-2:9092, kafka-broker-3:9092]
	check.crcs = true
	client.dns.lookup = use_all_dns_ips
	client.id = consumer-mastodonTopicListener-2
	client.rack = 
	connections.max.idle.ms = 540000
	default.api.timeout.ms = 60000
	enable.auto.commit = false
	enable.metrics.push = true
	exclude.internal.topics = true
	fetch.max.bytes = 52428800
	fetch.max.wait.ms = 500
	fetch.min.bytes = 1
	group.id = mastodonTopicListener
	group.instance.id = null
	group.protocol = classic
	group.remote.assignor = null
	heartbeat.interval.ms = 3000
	interceptor.classes = []
	internal.leave.group.on.close = true
	internal.throw.on.fetch.stable.offset.unsupported = false
	isolation.level = read_uncommitted
	key.deserializer = class org.apache.kafka.common.serialization.LongDeserializer
	max.partition.fetch.bytes = 1048576
	max.poll.interval.ms = 300000
	max.poll.records = 500
	metadata.max.age.ms = 300000
	metadata.recovery.strategy = none
	metric.reporters = []
	metrics.num.samples = 2
	metrics.recording.level = INFO
	metrics.sample.window.ms = 30000
	partition.assignment.strategy = [class org.apache.kafka.clients.consumer.RangeAssignor, class org.apache.kafka.clients.consumer.CooperativeStickyAssignor]
	receive.buffer.bytes = 65536
	reconnect.backoff.max.ms = 1000
	reconnect.backoff.ms = 50
	request.timeout.ms = 30000
	retry.backoff.max.ms = 1000
	retry.backoff.ms = 100
	sasl.client.callback.handler.class = null
	sasl.jaas.config = null
	sasl.kerberos.kinit.cmd = /usr/bin/kinit
	sasl.kerberos.min.time.before.relogin = 60000
	sasl.kerberos.service.name = null
	sasl.kerberos.ticket.renew.jitter = 0.05
	sasl.kerberos.ticket.renew.window.factor = 0.8
	sasl.login.callback.handler.class = null
	sasl.login.class = null
	sasl.login.connect.timeout.ms = null
	sasl.login.read.timeout.ms = null
	sasl.login.refresh.buffer.seconds = 300
	sasl.login.refresh.min.period.seconds = 60
	sasl.login.refresh.window.factor = 0.8
	sasl.login.refresh.window.jitter = 0.05
	sasl.login.retry.backoff.max.ms = 10000
	sasl.login.retry.backoff.ms = 100
	sasl.mechanism = GSSAPI
	sasl.oauthbearer.clock.skew.seconds = 30
	sasl.oauthbearer.expected.audience = null
	sasl.oauthbearer.expected.issuer = null
	sasl.oauthbearer.header.urlencode = false
	sasl.oauthbearer.jwks.endpoint.refresh.ms = 3600000
	sasl.oauthbearer.jwks.endpoint.retry.backoff.max.ms = 10000
	sasl.oauthbearer.jwks.endpoint.retry.backoff.ms = 100
	sasl.oauthbearer.jwks.endpoint.url = null
	sasl.oauthbearer.scope.claim.name = scope
	sasl.oauthbearer.sub.claim.name = sub
	sasl.oauthbearer.token.endpoint.url = null
	security.protocol = PLAINTEXT
	security.providers = null
	send.buffer.bytes = 131072
	session.timeout.ms = 10000
	socket.connection.setup.timeout.max.ms = 30000
	socket.connection.setup.timeout.ms = 10000
	ssl.cipher.suites = null
	ssl.enabled.protocols = [TLSv1.2, TLSv1.3]
	ssl.endpoint.identification.algorithm = https
	ssl.engine.factory.class = null
	ssl.key.password = null
	ssl.keymanager.algorithm = SunX509
	ssl.keystore.certificate.chain = null
	ssl.keystore.key = null
	ssl.keystore.location = null
	ssl.keystore.password = null
	ssl.keystore.type = JKS
	ssl.protocol = TLSv1.3
	ssl.provider = null
	ssl.secure.random.implementation = null
	ssl.trustmanager.algorithm = PKIX
	ssl.truststore.certificates = null
	ssl.truststore.location = null
	ssl.truststore.password = null
	ssl.truststore.type = JKS
	value.deserializer = class io.confluent.kafka.serializers.KafkaAvroDeserializer

2025-07-29 09:15:57 [main] INFO  o.a.k.c.t.i.KafkaMetricsCollector - initializing Kafka metrics collector
2025-07-29 09:15:57 [main] INFO  i.c.k.s.KafkaAvroDeserializerConfig - KafkaAvroDeserializerConfig values: 
	auto.register.schemas = true
	avro.reflection.allow.null = false
	avro.use.logical.type.converters = false
	basic.auth.credentials.source = URL
	basic.auth.user.info = [hidden]
	bearer.auth.cache.expiry.buffer.seconds = 300
	bearer.auth.client.id = null
	bearer.auth.client.secret = null
	bearer.auth.credentials.source = STATIC_TOKEN
	bearer.auth.custom.provider.class = null
	bearer.auth.identity.pool.id = null
	bearer.auth.issuer.endpoint.url = null
	bearer.auth.logical.cluster = null
	bearer.auth.scope = null
	bearer.auth.scope.claim.name = scope
	bearer.auth.sub.claim.name = sub
	bearer.auth.token = [hidden]
	context.name.strategy = class io.confluent.kafka.serializers.context.NullContextNameStrategy
	http.connect.timeout.ms = 60000
	http.read.timeout.ms = 60000
	id.compatibility.strict = true
	key.schema.id.deserializer = class io.confluent.kafka.serializers.schema.id.DualSchemaIdDeserializer
	key.schema.id.serializer = class io.confluent.kafka.serializers.schema.id.PrefixSchemaIdSerializer
	key.subject.name.strategy = class io.confluent.kafka.serializers.subject.TopicNameStrategy
	latest.cache.size = 1000
	latest.cache.ttl.sec = -1
	latest.compatibility.strict = true
	max.retries = 3
	max.schemas.per.subject = 1000
	normalize.schemas = false
	propagate.schema.tags = false
	proxy.host = 
	proxy.port = -1
	retries.max.wait.ms = 20000
	retries.wait.ms = 1000
	rule.actions = []
	rule.executors = []
	rule.service.loader.enable = true
	schema.format = null
	schema.reflection = false
	schema.registry.basic.auth.user.info = [hidden]
	schema.registry.ssl.cipher.suites = null
	schema.registry.ssl.enabled.protocols = [TLSv1.2, TLSv1.3]
	schema.registry.ssl.endpoint.identification.algorithm = https
	schema.registry.ssl.engine.factory.class = null
	schema.registry.ssl.key.password = null
	schema.registry.ssl.keymanager.algorithm = SunX509
	schema.registry.ssl.keystore.certificate.chain = null
	schema.registry.ssl.keystore.key = null
	schema.registry.ssl.keystore.location = null
	schema.registry.ssl.keystore.password = null
	schema.registry.ssl.keystore.type = JKS
	schema.registry.ssl.protocol = TLSv1.3
	schema.registry.ssl.provider = null
	schema.registry.ssl.secure.random.implementation = null
	schema.registry.ssl.trustmanager.algorithm = PKIX
	schema.registry.ssl.truststore.certificates = null
	schema.registry.ssl.truststore.location = null
	schema.registry.ssl.truststore.password = null
	schema.registry.ssl.truststore.type = JKS
	schema.registry.url = [http://schema-registry:8081]
	schema.registry.url.randomize = false
	specific.avro.key.type = null
	specific.avro.reader = true
	specific.avro.value.type = null
	use.latest.version = false
	use.latest.with.metadata = null
	use.schema.id = -1
	value.schema.id.deserializer = class io.confluent.kafka.serializers.schema.id.DualSchemaIdDeserializer
	value.schema.id.serializer = class io.confluent.kafka.serializers.schema.id.PrefixSchemaIdSerializer
	value.subject.name.strategy = class io.confluent.kafka.serializers.subject.TopicNameStrategy

2025-07-29 09:15:57 [main] INFO  o.a.k.c.consumer.ConsumerConfig - These configurations '[specific.avro.reader, schema.registry.url]' were supplied but are not used yet.
2025-07-29 09:15:57 [main] INFO  o.a.kafka.common.utils.AppInfoParser - Kafka version: 3.9.1
2025-07-29 09:15:57 [main] INFO  o.a.kafka.common.utils.AppInfoParser - Kafka commitId: f745dfdcee2b9851
2025-07-29 09:15:57 [main] INFO  o.a.kafka.common.utils.AppInfoParser - Kafka startTimeMs: 1753780557443
2025-07-29 09:15:57 [main] INFO  o.a.k.c.c.i.ClassicKafkaConsumer - [Consumer clientId=consumer-mastodonTopicListener-2, groupId=mastodonTopicListener] Subscribed to topic(s): mastodon-topic
2025-07-29 09:15:57 [main] INFO  o.a.k.c.consumer.ConsumerConfig - ConsumerConfig values: 
	allow.auto.create.topics = true
	auto.commit.interval.ms = 5000
	auto.include.jmx.reporter = true
	auto.offset.reset = earliest
	bootstrap.servers = [kafka-broker-1:9092, kafka-broker-2:9092, kafka-broker-3:9092]
	check.crcs = true
	client.dns.lookup = use_all_dns_ips
	client.id = consumer-mastodonTopicListener-3
	client.rack = 
	connections.max.idle.ms = 540000
	default.api.timeout.ms = 60000
	enable.auto.commit = false
	enable.metrics.push = true
	exclude.internal.topics = true
	fetch.max.bytes = 52428800
	fetch.max.wait.ms = 500
	fetch.min.bytes = 1
	group.id = mastodonTopicListener
	group.instance.id = null
	group.protocol = classic
	group.remote.assignor = null
	heartbeat.interval.ms = 3000
	interceptor.classes = []
	internal.leave.group.on.close = true
	internal.throw.on.fetch.stable.offset.unsupported = false
	isolation.level = read_uncommitted
	key.deserializer = class org.apache.kafka.common.serialization.LongDeserializer
	max.partition.fetch.bytes = 1048576
	max.poll.interval.ms = 300000
	max.poll.records = 500
	metadata.max.age.ms = 300000
	metadata.recovery.strategy = none
	metric.reporters = []
	metrics.num.samples = 2
	metrics.recording.level = INFO
	metrics.sample.window.ms = 30000
	partition.assignment.strategy = [class org.apache.kafka.clients.consumer.RangeAssignor, class org.apache.kafka.clients.consumer.CooperativeStickyAssignor]
	receive.buffer.bytes = 65536
	reconnect.backoff.max.ms = 1000
	reconnect.backoff.ms = 50
	request.timeout.ms = 30000
	retry.backoff.max.ms = 1000
	retry.backoff.ms = 100
	sasl.client.callback.handler.class = null
	sasl.jaas.config = null
	sasl.kerberos.kinit.cmd = /usr/bin/kinit
	sasl.kerberos.min.time.before.relogin = 60000
	sasl.kerberos.service.name = null
	sasl.kerberos.ticket.renew.jitter = 0.05
	sasl.kerberos.ticket.renew.window.factor = 0.8
	sasl.login.callback.handler.class = null
	sasl.login.class = null
	sasl.login.connect.timeout.ms = null
	sasl.login.read.timeout.ms = null
	sasl.login.refresh.buffer.seconds = 300
	sasl.login.refresh.min.period.seconds = 60
	sasl.login.refresh.window.factor = 0.8
	sasl.login.refresh.window.jitter = 0.05
	sasl.login.retry.backoff.max.ms = 10000
	sasl.login.retry.backoff.ms = 100
	sasl.mechanism = GSSAPI
	sasl.oauthbearer.clock.skew.seconds = 30
	sasl.oauthbearer.expected.audience = null
	sasl.oauthbearer.expected.issuer = null
	sasl.oauthbearer.header.urlencode = false
	sasl.oauthbearer.jwks.endpoint.refresh.ms = 3600000
	sasl.oauthbearer.jwks.endpoint.retry.backoff.max.ms = 10000
	sasl.oauthbearer.jwks.endpoint.retry.backoff.ms = 100
	sasl.oauthbearer.jwks.endpoint.url = null
	sasl.oauthbearer.scope.claim.name = scope
	sasl.oauthbearer.sub.claim.name = sub
	sasl.oauthbearer.token.endpoint.url = null
	security.protocol = PLAINTEXT
	security.providers = null
	send.buffer.bytes = 131072
	session.timeout.ms = 10000
	socket.connection.setup.timeout.max.ms = 30000
	socket.connection.setup.timeout.ms = 10000
	ssl.cipher.suites = null
	ssl.enabled.protocols = [TLSv1.2, TLSv1.3]
	ssl.endpoint.identification.algorithm = https
	ssl.engine.factory.class = null
	ssl.key.password = null
	ssl.keymanager.algorithm = SunX509
	ssl.keystore.certificate.chain = null
	ssl.keystore.key = null
	ssl.keystore.location = null
	ssl.keystore.password = null
	ssl.keystore.type = JKS
	ssl.protocol = TLSv1.3
	ssl.provider = null
	ssl.secure.random.implementation = null
	ssl.trustmanager.algorithm = PKIX
	ssl.truststore.certificates = null
	ssl.truststore.location = null
	ssl.truststore.password = null
	ssl.truststore.type = JKS
	value.deserializer = class io.confluent.kafka.serializers.KafkaAvroDeserializer

2025-07-29 09:15:57 [main] INFO  o.a.k.c.t.i.KafkaMetricsCollector - initializing Kafka metrics collector
2025-07-29 09:15:57 [main] INFO  i.c.k.s.KafkaAvroDeserializerConfig - KafkaAvroDeserializerConfig values: 
	auto.register.schemas = true
	avro.reflection.allow.null = false
	avro.use.logical.type.converters = false
	basic.auth.credentials.source = URL
	basic.auth.user.info = [hidden]
	bearer.auth.cache.expiry.buffer.seconds = 300
	bearer.auth.client.id = null
	bearer.auth.client.secret = null
	bearer.auth.credentials.source = STATIC_TOKEN
	bearer.auth.custom.provider.class = null
	bearer.auth.identity.pool.id = null
	bearer.auth.issuer.endpoint.url = null
	bearer.auth.logical.cluster = null
	bearer.auth.scope = null
	bearer.auth.scope.claim.name = scope
	bearer.auth.sub.claim.name = sub
	bearer.auth.token = [hidden]
	context.name.strategy = class io.confluent.kafka.serializers.context.NullContextNameStrategy
	http.connect.timeout.ms = 60000
	http.read.timeout.ms = 60000
	id.compatibility.strict = true
	key.schema.id.deserializer = class io.confluent.kafka.serializers.schema.id.DualSchemaIdDeserializer
	key.schema.id.serializer = class io.confluent.kafka.serializers.schema.id.PrefixSchemaIdSerializer
	key.subject.name.strategy = class io.confluent.kafka.serializers.subject.TopicNameStrategy
	latest.cache.size = 1000
	latest.cache.ttl.sec = -1
	latest.compatibility.strict = true
	max.retries = 3
	max.schemas.per.subject = 1000
	normalize.schemas = false
	propagate.schema.tags = false
	proxy.host = 
	proxy.port = -1
	retries.max.wait.ms = 20000
	retries.wait.ms = 1000
	rule.actions = []
	rule.executors = []
	rule.service.loader.enable = true
	schema.format = null
	schema.reflection = false
	schema.registry.basic.auth.user.info = [hidden]
	schema.registry.ssl.cipher.suites = null
	schema.registry.ssl.enabled.protocols = [TLSv1.2, TLSv1.3]
	schema.registry.ssl.endpoint.identification.algorithm = https
	schema.registry.ssl.engine.factory.class = null
	schema.registry.ssl.key.password = null
	schema.registry.ssl.keymanager.algorithm = SunX509
	schema.registry.ssl.keystore.certificate.chain = null
	schema.registry.ssl.keystore.key = null
	schema.registry.ssl.keystore.location = null
	schema.registry.ssl.keystore.password = null
	schema.registry.ssl.keystore.type = JKS
	schema.registry.ssl.protocol = TLSv1.3
	schema.registry.ssl.provider = null
	schema.registry.ssl.secure.random.implementation = null
	schema.registry.ssl.trustmanager.algorithm = PKIX
	schema.registry.ssl.truststore.certificates = null
	schema.registry.ssl.truststore.location = null
	schema.registry.ssl.truststore.password = null
	schema.registry.ssl.truststore.type = JKS
	schema.registry.url = [http://schema-registry:8081]
	schema.registry.url.randomize = false
	specific.avro.key.type = null
	specific.avro.reader = true
	specific.avro.value.type = null
	use.latest.version = false
	use.latest.with.metadata = null
	use.schema.id = -1
	value.schema.id.deserializer = class io.confluent.kafka.serializers.schema.id.DualSchemaIdDeserializer
	value.schema.id.serializer = class io.confluent.kafka.serializers.schema.id.PrefixSchemaIdSerializer
	value.subject.name.strategy = class io.confluent.kafka.serializers.subject.TopicNameStrategy

2025-07-29 09:15:57 [main] INFO  o.a.k.c.consumer.ConsumerConfig - These configurations '[specific.avro.reader, schema.registry.url]' were supplied but are not used yet.
2025-07-29 09:15:57 [main] INFO  o.a.kafka.common.utils.AppInfoParser - Kafka version: 3.9.1
2025-07-29 09:15:57 [main] INFO  o.a.kafka.common.utils.AppInfoParser - Kafka commitId: f745dfdcee2b9851
2025-07-29 09:15:57 [main] INFO  o.a.kafka.common.utils.AppInfoParser - Kafka startTimeMs: 1753780557602
2025-07-29 09:15:57 [main] INFO  o.a.k.c.c.i.ClassicKafkaConsumer - [Consumer clientId=consumer-mastodonTopicListener-3, groupId=mastodonTopicListener] Subscribed to topic(s): mastodon-topic
2025-07-29 09:15:57 [main] INFO  c.m.d.k.t.e.s.KafkaToElasticServiceApplication - Started KafkaToElasticServiceApplication in 38.134 seconds (process running for 47.628)
2025-07-29 09:15:57 [mastodonTopicListener-1-C-1] WARN  o.apache.kafka.clients.NetworkClient - [Consumer clientId=consumer-mastodonTopicListener-2, groupId=mastodonTopicListener] The metadata response from the cluster reported a recoverable issue with correlation id 3 : {mastodon-topic=LEADER_NOT_AVAILABLE}
2025-07-29 09:15:58 [mastodonTopicListener-1-C-1] INFO  org.apache.kafka.clients.Metadata - [Consumer clientId=consumer-mastodonTopicListener-2, groupId=mastodonTopicListener] Cluster ID: PeJbZ-K-TReahnP7dpXPCA
2025-07-29 09:15:58 [mastodonTopicListener-0-C-1] WARN  o.apache.kafka.clients.NetworkClient - [Consumer clientId=consumer-mastodonTopicListener-1, groupId=mastodonTopicListener] The metadata response from the cluster reported a recoverable issue with correlation id 3 : {mastodon-topic=LEADER_NOT_AVAILABLE}
2025-07-29 09:15:58 [mastodonTopicListener-0-C-1] INFO  org.apache.kafka.clients.Metadata - [Consumer clientId=consumer-mastodonTopicListener-1, groupId=mastodonTopicListener] Cluster ID: PeJbZ-K-TReahnP7dpXPCA
2025-07-29 09:15:58 [mastodonTopicListener-2-C-1] WARN  o.apache.kafka.clients.NetworkClient - [Consumer clientId=consumer-mastodonTopicListener-3, groupId=mastodonTopicListener] The metadata response from the cluster reported a recoverable issue with correlation id 3 : {mastodon-topic=LEADER_NOT_AVAILABLE}
2025-07-29 09:15:58 [mastodonTopicListener-2-C-1] INFO  org.apache.kafka.clients.Metadata - [Consumer clientId=consumer-mastodonTopicListener-3, groupId=mastodonTopicListener] Cluster ID: PeJbZ-K-TReahnP7dpXPCA
2025-07-29 09:15:58 [mastodonTopicListener-0-C-1] WARN  o.apache.kafka.clients.NetworkClient - [Consumer clientId=consumer-mastodonTopicListener-1, groupId=mastodonTopicListener] The metadata response from the cluster reported a recoverable issue with correlation id 9 : {mastodon-topic=LEADER_NOT_AVAILABLE}
2025-07-29 09:15:58 [mastodonTopicListener-1-C-1] WARN  o.apache.kafka.clients.NetworkClient - [Consumer clientId=consumer-mastodonTopicListener-2, groupId=mastodonTopicListener] The metadata response from the cluster reported a recoverable issue with correlation id 9 : {mastodon-topic=LEADER_NOT_AVAILABLE}
2025-07-29 09:16:05 [mastodonTopicListener-0-C-1] INFO  o.a.k.c.c.i.ConsumerCoordinator - [Consumer clientId=consumer-mastodonTopicListener-1, groupId=mastodonTopicListener] Discovered group coordinator kafka-broker-1:9092 (id: 2147483646 rack: null)
2025-07-29 09:16:05 [mastodonTopicListener-2-C-1] INFO  o.a.k.c.c.i.ConsumerCoordinator - [Consumer clientId=consumer-mastodonTopicListener-3, groupId=mastodonTopicListener] Discovered group coordinator kafka-broker-1:9092 (id: 2147483646 rack: null)
2025-07-29 09:16:05 [mastodonTopicListener-1-C-1] INFO  o.a.k.c.c.i.ConsumerCoordinator - [Consumer clientId=consumer-mastodonTopicListener-2, groupId=mastodonTopicListener] Discovered group coordinator kafka-broker-1:9092 (id: 2147483646 rack: null)
2025-07-29 09:16:05 [mastodonTopicListener-0-C-1] INFO  o.a.k.c.c.i.ConsumerCoordinator - [Consumer clientId=consumer-mastodonTopicListener-1, groupId=mastodonTopicListener] (Re-)joining group
2025-07-29 09:16:05 [mastodonTopicListener-1-C-1] INFO  o.a.k.c.c.i.ConsumerCoordinator - [Consumer clientId=consumer-mastodonTopicListener-2, groupId=mastodonTopicListener] (Re-)joining group
2025-07-29 09:16:05 [mastodonTopicListener-2-C-1] INFO  o.a.k.c.c.i.ConsumerCoordinator - [Consumer clientId=consumer-mastodonTopicListener-3, groupId=mastodonTopicListener] (Re-)joining group
2025-07-29 09:16:05 [mastodonTopicListener-0-C-1] INFO  o.a.k.c.c.i.ConsumerCoordinator - [Consumer clientId=consumer-mastodonTopicListener-1, groupId=mastodonTopicListener] Request joining group due to: need to re-join with the given member-id: consumer-mastodonTopicListener-1-addead59-4924-4f3a-8f57-43823da2a6b5
2025-07-29 09:16:05 [mastodonTopicListener-2-C-1] INFO  o.a.k.c.c.i.ConsumerCoordinator - [Consumer clientId=consumer-mastodonTopicListener-3, groupId=mastodonTopicListener] Request joining group due to: need to re-join with the given member-id: consumer-mastodonTopicListener-3-a2e3c56e-f5ff-426a-9d5b-5d35cae31eac
2025-07-29 09:16:05 [mastodonTopicListener-1-C-1] INFO  o.a.k.c.c.i.ConsumerCoordinator - [Consumer clientId=consumer-mastodonTopicListener-2, groupId=mastodonTopicListener] Request joining group due to: need to re-join with the given member-id: consumer-mastodonTopicListener-2-ce3cdcf6-ca6a-4a54-bce2-476396ff232a
2025-07-29 09:16:05 [mastodonTopicListener-0-C-1] INFO  o.a.k.c.c.i.ConsumerCoordinator - [Consumer clientId=consumer-mastodonTopicListener-1, groupId=mastodonTopicListener] (Re-)joining group
2025-07-29 09:16:05 [mastodonTopicListener-1-C-1] INFO  o.a.k.c.c.i.ConsumerCoordinator - [Consumer clientId=consumer-mastodonTopicListener-2, groupId=mastodonTopicListener] (Re-)joining group
2025-07-29 09:16:05 [mastodonTopicListener-2-C-1] INFO  o.a.k.c.c.i.ConsumerCoordinator - [Consumer clientId=consumer-mastodonTopicListener-3, groupId=mastodonTopicListener] (Re-)joining group
2025-07-29 09:16:11 [mastodonTopicListener-1-C-1] INFO  o.a.k.c.c.i.ConsumerCoordinator - [Consumer clientId=consumer-mastodonTopicListener-2, groupId=mastodonTopicListener] Successfully joined group with generation Generation{generationId=1, memberId='consumer-mastodonTopicListener-2-ce3cdcf6-ca6a-4a54-bce2-476396ff232a', protocol='range'}
2025-07-29 09:16:11 [mastodonTopicListener-2-C-1] INFO  o.a.k.c.c.i.ConsumerCoordinator - [Consumer clientId=consumer-mastodonTopicListener-3, groupId=mastodonTopicListener] Successfully joined group with generation Generation{generationId=1, memberId='consumer-mastodonTopicListener-3-a2e3c56e-f5ff-426a-9d5b-5d35cae31eac', protocol='range'}
2025-07-29 09:16:11 [mastodonTopicListener-0-C-1] INFO  o.a.k.c.c.i.ConsumerCoordinator - [Consumer clientId=consumer-mastodonTopicListener-1, groupId=mastodonTopicListener] Successfully joined group with generation Generation{generationId=1, memberId='consumer-mastodonTopicListener-1-addead59-4924-4f3a-8f57-43823da2a6b5', protocol='range'}
2025-07-29 09:16:11 [mastodonTopicListener-0-C-1] INFO  o.a.k.c.c.i.ConsumerCoordinator - [Consumer clientId=consumer-mastodonTopicListener-1, groupId=mastodonTopicListener] Finished assignment for group at generation 1: {consumer-mastodonTopicListener-3-a2e3c56e-f5ff-426a-9d5b-5d35cae31eac=Assignment(partitions=[]), consumer-mastodonTopicListener-2-ce3cdcf6-ca6a-4a54-bce2-476396ff232a=Assignment(partitions=[]), consumer-mastodonTopicListener-1-addead59-4924-4f3a-8f57-43823da2a6b5=Assignment(partitions=[mastodon-topic-0])}
2025-07-29 09:16:12 [mastodonTopicListener-2-C-1] INFO  o.a.k.c.c.i.ConsumerCoordinator - [Consumer clientId=consumer-mastodonTopicListener-3, groupId=mastodonTopicListener] Successfully synced group in generation Generation{generationId=1, memberId='consumer-mastodonTopicListener-3-a2e3c56e-f5ff-426a-9d5b-5d35cae31eac', protocol='range'}
2025-07-29 09:16:12 [mastodonTopicListener-2-C-1] INFO  o.a.k.c.c.i.ConsumerCoordinator - [Consumer clientId=consumer-mastodonTopicListener-3, groupId=mastodonTopicListener] Notifying assignor about the new Assignment(partitions=[])
2025-07-29 09:16:12 [mastodonTopicListener-2-C-1] INFO  o.a.k.c.c.i.ConsumerRebalanceListenerInvoker - [Consumer clientId=consumer-mastodonTopicListener-3, groupId=mastodonTopicListener] Adding newly assigned partitions: 
2025-07-29 09:16:12 [mastodonTopicListener-2-C-1] INFO  o.s.k.l.KafkaMessageListenerContainer - mastodonTopicListener: partitions assigned: []
2025-07-29 09:16:12 [mastodonTopicListener-1-C-1] INFO  o.a.k.c.c.i.ConsumerCoordinator - [Consumer clientId=consumer-mastodonTopicListener-2, groupId=mastodonTopicListener] Successfully synced group in generation Generation{generationId=1, memberId='consumer-mastodonTopicListener-2-ce3cdcf6-ca6a-4a54-bce2-476396ff232a', protocol='range'}
2025-07-29 09:16:12 [mastodonTopicListener-1-C-1] INFO  o.a.k.c.c.i.ConsumerCoordinator - [Consumer clientId=consumer-mastodonTopicListener-2, groupId=mastodonTopicListener] Notifying assignor about the new Assignment(partitions=[])
2025-07-29 09:16:12 [mastodonTopicListener-1-C-1] INFO  o.a.k.c.c.i.ConsumerRebalanceListenerInvoker - [Consumer clientId=consumer-mastodonTopicListener-2, groupId=mastodonTopicListener] Adding newly assigned partitions: 
2025-07-29 09:16:12 [mastodonTopicListener-1-C-1] INFO  o.s.k.l.KafkaMessageListenerContainer - mastodonTopicListener: partitions assigned: []
2025-07-29 09:16:12 [mastodonTopicListener-0-C-1] INFO  o.a.k.c.c.i.ConsumerCoordinator - [Consumer clientId=consumer-mastodonTopicListener-1, groupId=mastodonTopicListener] Successfully synced group in generation Generation{generationId=1, memberId='consumer-mastodonTopicListener-1-addead59-4924-4f3a-8f57-43823da2a6b5', protocol='range'}
2025-07-29 09:16:12 [mastodonTopicListener-0-C-1] INFO  o.a.k.c.c.i.ConsumerCoordinator - [Consumer clientId=consumer-mastodonTopicListener-1, groupId=mastodonTopicListener] Notifying assignor about the new Assignment(partitions=[mastodon-topic-0])
2025-07-29 09:16:12 [mastodonTopicListener-0-C-1] INFO  o.a.k.c.c.i.ConsumerRebalanceListenerInvoker - [Consumer clientId=consumer-mastodonTopicListener-1, groupId=mastodonTopicListener] Adding newly assigned partitions: mastodon-topic-0
2025-07-29 09:16:12 [mastodonTopicListener-0-C-1] INFO  o.a.k.c.c.i.ConsumerCoordinator - [Consumer clientId=consumer-mastodonTopicListener-1, groupId=mastodonTopicListener] Found no committed offset for partition mastodon-topic-0
2025-07-29 09:16:12 [mastodonTopicListener-0-C-1] INFO  o.a.k.c.c.i.SubscriptionState - [Consumer clientId=consumer-mastodonTopicListener-1, groupId=mastodonTopicListener] Resetting offset for partition mastodon-topic-0 to position FetchPosition{offset=0, offsetEpoch=Optional.empty, currentLeader=LeaderAndEpoch{leader=Optional[kafka-broker-3:9092 (id: 3 rack: null)], epoch=0}}.
2025-07-29 09:16:12 [mastodonTopicListener-0-C-1] INFO  o.s.k.l.KafkaMessageListenerContainer - mastodonTopicListener: partitions assigned: [mastodon-topic-0]
2025-07-29 09:16:20 [mastodonTopicListener-0-C-1] INFO  c.m.d.k.t.e.s.c.i.MastodonKafkaConsumer - 3 number of messages received with keys [114935763410935657, 114935763423000757, 114935763467706907], partitions [0, 0, 0], offsets [0, 1, 2].
Sending them to elastic: Thread id 28

2025-07-29 09:16:20 [mastodonTopicListener-0-C-1] INFO  c.m.d.k.t.e.s.c.i.MastodonKafkaConsumer - 1 number of messages received with keys [114935763592715435], partitions [0], offsets [3].
Sending them to elastic: Thread id 28

2025-07-29 09:16:20 [mastodonTopicListener-0-C-1] INFO  c.m.d.k.t.e.s.c.i.MastodonKafkaConsumer - 1 number of messages received with keys [114935763635974757], partitions [0], offsets [4].
Sending them to elastic: Thread id 28

2025-07-29 09:16:22 [mastodonTopicListener-0-C-1] INFO  c.m.d.k.t.e.s.c.i.MastodonKafkaConsumer - 1 number of messages received with keys [114935763769386804], partitions [0], offsets [5].
Sending them to elastic: Thread id 28

2025-07-29 09:16:22 [mastodonTopicListener-0-C-1] INFO  c.m.d.k.t.e.s.c.i.MastodonKafkaConsumer - 1 number of messages received with keys [114935763774524137], partitions [0], offsets [6].
Sending them to elastic: Thread id 28

2025-07-29 09:16:23 [mastodonTopicListener-0-C-1] INFO  c.m.d.k.t.e.s.c.i.MastodonKafkaConsumer - 1 number of messages received with keys [114935763842781491], partitions [0], offsets [7].
Sending them to elastic: Thread id 28

2025-07-29 09:16:23 [mastodonTopicListener-0-C-1] INFO  c.m.d.k.t.e.s.c.i.MastodonKafkaConsumer - 1 number of messages received with keys [114935763845559525], partitions [0], offsets [8].
Sending them to elastic: Thread id 28

2025-07-29 09:16:25 [mastodonTopicListener-0-C-1] INFO  c.m.d.k.t.e.s.c.i.MastodonKafkaConsumer - 1 number of messages received with keys [114935763924279884], partitions [0], offsets [9].
Sending them to elastic: Thread id 28

2025-07-29 09:16:25 [mastodonTopicListener-0-C-1] INFO  c.m.d.k.t.e.s.c.i.MastodonKafkaConsumer - 1 number of messages received with keys [114935763934340569], partitions [0], offsets [10].
Sending them to elastic: Thread id 28

2025-07-29 09:16:26 [mastodonTopicListener-0-C-1] INFO  c.m.d.k.t.e.s.c.i.MastodonKafkaConsumer - 1 number of messages received with keys [114935763993503119], partitions [0], offsets [11].
Sending them to elastic: Thread id 28

2025-07-29 09:16:27 [mastodonTopicListener-0-C-1] INFO  c.m.d.k.t.e.s.c.i.MastodonKafkaConsumer - 1 number of messages received with keys [114935764083841091], partitions [0], offsets [12].
Sending them to elastic: Thread id 28

2025-07-29 09:16:27 [mastodonTopicListener-0-C-1] INFO  c.m.d.k.t.e.s.c.i.MastodonKafkaConsumer - 1 number of messages received with keys [114935764113586534], partitions [0], offsets [13].
Sending them to elastic: Thread id 28

2025-07-29 09:16:27 [mastodonTopicListener-0-C-1] INFO  c.m.d.k.t.e.s.c.i.MastodonKafkaConsumer - 1 number of messages received with keys [114935764114737618], partitions [0], offsets [14].
Sending them to elastic: Thread id 28

2025-07-29 09:16:28 [mastodonTopicListener-0-C-1] INFO  c.m.d.k.t.e.s.c.i.MastodonKafkaConsumer - 1 number of messages received with keys [114935764185146170], partitions [0], offsets [15].
Sending them to elastic: Thread id 28

2025-07-29 09:16:28 [mastodonTopicListener-0-C-1] INFO  c.m.d.k.t.e.s.c.i.MastodonKafkaConsumer - 1 number of messages received with keys [114935764190590607], partitions [0], offsets [16].
Sending them to elastic: Thread id 28

2025-07-29 09:16:32 [mastodonTopicListener-0-C-1] INFO  c.m.d.k.t.e.s.c.i.MastodonKafkaConsumer - 1 number of messages received with keys [114935764427249402], partitions [0], offsets [17].
Sending them to elastic: Thread id 28

2025-07-29 09:16:33 [mastodonTopicListener-0-C-1] INFO  c.m.d.k.t.e.s.c.i.MastodonKafkaConsumer - 1 number of messages received with keys [114935764454103278], partitions [0], offsets [18].
Sending them to elastic: Thread id 28

2025-07-29 09:16:33 [mastodonTopicListener-0-C-1] INFO  c.m.d.k.t.e.s.c.i.MastodonKafkaConsumer - 1 number of messages received with keys [114935764509430893], partitions [0], offsets [19].
Sending them to elastic: Thread id 28

2025-07-29 09:16:34 [mastodonTopicListener-0-C-1] INFO  c.m.d.k.t.e.s.c.i.MastodonKafkaConsumer - 1 number of messages received with keys [114935764592231943], partitions [0], offsets [20].
Sending them to elastic: Thread id 28

2025-07-29 09:16:36 [mastodonTopicListener-0-C-1] INFO  c.m.d.k.t.e.s.c.i.MastodonKafkaConsumer - 1 number of messages received with keys [114935764702969566], partitions [0], offsets [21].
Sending them to elastic: Thread id 28

2025-07-29 09:16:36 [mastodonTopicListener-0-C-1] INFO  c.m.d.k.t.e.s.c.i.MastodonKafkaConsumer - 1 number of messages received with keys [114935764711013823], partitions [0], offsets [22].
Sending them to elastic: Thread id 28

2025-07-29 09:16:37 [mastodonTopicListener-0-C-1] INFO  c.m.d.k.t.e.s.c.i.MastodonKafkaConsumer - 1 number of messages received with keys [114935764721054519], partitions [0], offsets [23].
Sending them to elastic: Thread id 28

2025-07-29 09:16:38 [mastodonTopicListener-0-C-1] INFO  c.m.d.k.t.e.s.c.i.MastodonKafkaConsumer - 1 number of messages received with keys [114935764805430065], partitions [0], offsets [24].
Sending them to elastic: Thread id 28

2025-07-29 09:16:39 [mastodonTopicListener-0-C-1] INFO  c.m.d.k.t.e.s.c.i.MastodonKafkaConsumer - 1 number of messages received with keys [114935764891724378], partitions [0], offsets [25].
Sending them to elastic: Thread id 28

2025-07-29 09:16:39 [mastodonTopicListener-0-C-1] INFO  c.m.d.k.t.e.s.c.i.MastodonKafkaConsumer - 1 number of messages received with keys [114935764916032150], partitions [0], offsets [26].
Sending them to elastic: Thread id 28

2025-07-29 09:16:40 [mastodonTopicListener-0-C-1] INFO  c.m.d.k.t.e.s.c.i.MastodonKafkaConsumer - 1 number of messages received with keys [114935764935798576], partitions [0], offsets [27].
Sending them to elastic: Thread id 28

2025-07-29 09:16:40 [mastodonTopicListener-0-C-1] INFO  c.m.d.k.t.e.s.c.i.MastodonKafkaConsumer - 1 number of messages received with keys [114935764945433635], partitions [0], offsets [28].
Sending them to elastic: Thread id 28

2025-07-29 09:16:43 [mastodonTopicListener-0-C-1] INFO  c.m.d.k.t.e.s.c.i.MastodonKafkaConsumer - 1 number of messages received with keys [114935765118220984], partitions [0], offsets [29].
Sending them to elastic: Thread id 28

2025-07-29 09:16:44 [mastodonTopicListener-0-C-1] INFO  c.m.d.k.t.e.s.c.i.MastodonKafkaConsumer - 1 number of messages received with keys [114935765162079233], partitions [0], offsets [30].
Sending them to elastic: Thread id 28

2025-07-29 09:16:44 [mastodonTopicListener-0-C-1] INFO  c.m.d.k.t.e.s.c.i.MastodonKafkaConsumer - 1 number of messages received with keys [114935765171177917], partitions [0], offsets [31].
Sending them to elastic: Thread id 28

2025-07-29 09:16:44 [mastodonTopicListener-0-C-1] INFO  c.m.d.k.t.e.s.c.i.MastodonKafkaConsumer - 1 number of messages received with keys [114935765203244100], partitions [0], offsets [32].
Sending them to elastic: Thread id 28

2025-07-29 09:16:46 [mastodonTopicListener-0-C-1] INFO  c.m.d.k.t.e.s.c.i.MastodonKafkaConsumer - 1 number of messages received with keys [114935765294319850], partitions [0], offsets [33].
Sending them to elastic: Thread id 28

2025-07-29 09:16:46 [mastodonTopicListener-0-C-1] INFO  c.m.d.k.t.e.s.c.i.MastodonKafkaConsumer - 1 number of messages received with keys [114935765338101106], partitions [0], offsets [34].
Sending them to elastic: Thread id 28

2025-07-29 09:16:46 [mastodonTopicListener-0-C-1] INFO  c.m.d.k.t.e.s.c.i.MastodonKafkaConsumer - 1 number of messages received with keys [114935765375258114], partitions [0], offsets [35].
Sending them to elastic: Thread id 28

2025-07-29 09:16:47 [mastodonTopicListener-0-C-1] INFO  c.m.d.k.t.e.s.c.i.MastodonKafkaConsumer - 1 number of messages received with keys [114935765386886210], partitions [0], offsets [36].
Sending them to elastic: Thread id 28

2025-07-29 09:16:50 [mastodonTopicListener-0-C-1] INFO  c.m.d.k.t.e.s.c.i.MastodonKafkaConsumer - 1 number of messages received with keys [114935765604448616], partitions [0], offsets [37].
Sending them to elastic: Thread id 28

2025-07-29 09:16:51 [mastodonTopicListener-0-C-1] INFO  c.m.d.k.t.e.s.c.i.MastodonKafkaConsumer - 1 number of messages received with keys [114935765646810465], partitions [0], offsets [38].
Sending them to elastic: Thread id 28

2025-07-29 09:16:55 [mastodonTopicListener-0-C-1] INFO  c.m.d.k.t.e.s.c.i.MastodonKafkaConsumer - 1 number of messages received with keys [114935765913880717], partitions [0], offsets [39].
Sending them to elastic: Thread id 28

2025-07-29 09:16:58 [mastodonTopicListener-0-C-1] INFO  c.m.d.k.t.e.s.c.i.MastodonKafkaConsumer - 1 number of messages received with keys [114935766106326552], partitions [0], offsets [40].
Sending them to elastic: Thread id 28

2025-07-29 09:17:00 [mastodonTopicListener-0-C-1] INFO  c.m.d.k.t.e.s.c.i.MastodonKafkaConsumer - 1 number of messages received with keys [114935766291103679], partitions [0], offsets [41].
Sending them to elastic: Thread id 28

2025-07-29 09:17:01 [mastodonTopicListener-0-C-1] INFO  c.m.d.k.t.e.s.c.i.MastodonKafkaConsumer - 1 number of messages received with keys [114935766324995016], partitions [0], offsets [42].
Sending them to elastic: Thread id 28

2025-07-29 09:17:01 [mastodonTopicListener-0-C-1] INFO  c.m.d.k.t.e.s.c.i.MastodonKafkaConsumer - 1 number of messages received with keys [114935766340595757], partitions [0], offsets [43].
Sending them to elastic: Thread id 28

2025-07-29 09:17:02 [mastodonTopicListener-0-C-1] INFO  c.m.d.k.t.e.s.c.i.MastodonKafkaConsumer - 1 number of messages received with keys [114935766382593979], partitions [0], offsets [44].
Sending them to elastic: Thread id 28

2025-07-29 09:17:04 [mastodonTopicListener-0-C-1] INFO  c.m.d.k.t.e.s.c.i.MastodonKafkaConsumer - 1 number of messages received with keys [114935766489603437], partitions [0], offsets [45].
Sending them to elastic: Thread id 28

2025-07-29 09:17:05 [mastodonTopicListener-0-C-1] INFO  c.m.d.k.t.e.s.c.i.MastodonKafkaConsumer - 1 number of messages received with keys [114935766572344334], partitions [0], offsets [46].
Sending them to elastic: Thread id 28

2025-07-29 09:17:06 [mastodonTopicListener-0-C-1] INFO  c.m.d.k.t.e.s.c.i.MastodonKafkaConsumer - 1 number of messages received with keys [114935766609529228], partitions [0], offsets [47].
Sending them to elastic: Thread id 28

2025-07-29 09:17:07 [mastodonTopicListener-0-C-1] INFO  c.m.d.k.t.e.s.c.i.MastodonKafkaConsumer - 1 number of messages received with keys [114935766700976233], partitions [0], offsets [48].
Sending them to elastic: Thread id 28

2025-07-29 09:17:07 [mastodonTopicListener-0-C-1] INFO  c.m.d.k.t.e.s.c.i.MastodonKafkaConsumer - 1 number of messages received with keys [114935766711797148], partitions [0], offsets [49].
Sending them to elastic: Thread id 28

2025-07-29 09:17:07 [mastodonTopicListener-0-C-1] INFO  c.m.d.k.t.e.s.c.i.MastodonKafkaConsumer - 1 number of messages received with keys [114935766715142776], partitions [0], offsets [50].
Sending them to elastic: Thread id 28

2025-07-29 09:17:08 [mastodonTopicListener-0-C-1] INFO  c.m.d.k.t.e.s.c.i.MastodonKafkaConsumer - 1 number of messages received with keys [114935766807917398], partitions [0], offsets [51].
Sending them to elastic: Thread id 28

2025-07-29 09:17:08 [mastodonTopicListener-0-C-1] INFO  c.m.d.k.t.e.s.c.i.MastodonKafkaConsumer - 1 number of messages received with keys [114935766817065159], partitions [0], offsets [52].
Sending them to elastic: Thread id 28

2025-07-29 09:17:09 [mastodonTopicListener-0-C-1] INFO  c.m.d.k.t.e.s.c.i.MastodonKafkaConsumer - 1 number of messages received with keys [114935766849436692], partitions [0], offsets [53].
Sending them to elastic: Thread id 28

2025-07-29 09:17:10 [mastodonTopicListener-0-C-1] INFO  c.m.d.k.t.e.s.c.i.MastodonKafkaConsumer - 1 number of messages received with keys [114935766927995997], partitions [0], offsets [54].
Sending them to elastic: Thread id 28

2025-07-29 09:17:11 [mastodonTopicListener-0-C-1] INFO  c.m.d.k.t.e.s.c.i.MastodonKafkaConsumer - 1 number of messages received with keys [114935766926061231], partitions [0], offsets [55].
Sending them to elastic: Thread id 28

2025-07-29 09:17:11 [mastodonTopicListener-0-C-1] INFO  c.m.d.k.t.e.s.c.i.MastodonKafkaConsumer - 1 number of messages received with keys [114935766982861851], partitions [0], offsets [56].
Sending them to elastic: Thread id 28

2025-07-29 09:17:13 [mastodonTopicListener-0-C-1] INFO  c.m.d.k.t.e.s.c.i.MastodonKafkaConsumer - 1 number of messages received with keys [114935767125690076], partitions [0], offsets [57].
Sending them to elastic: Thread id 28

2025-07-29 09:17:13 [mastodonTopicListener-0-C-1] INFO  c.m.d.k.t.e.s.c.i.MastodonKafkaConsumer - 1 number of messages received with keys [114935767128617321], partitions [0], offsets [58].
Sending them to elastic: Thread id 28

2025-07-29 09:17:16 [mastodonTopicListener-0-C-1] INFO  c.m.d.k.t.e.s.c.i.MastodonKafkaConsumer - 1 number of messages received with keys [114935767331105581], partitions [0], offsets [59].
Sending them to elastic: Thread id 28

2025-07-29 09:17:17 [mastodonTopicListener-2-C-1] INFO  o.a.k.c.c.i.ConsumerCoordinator - [Consumer clientId=consumer-mastodonTopicListener-3, groupId=mastodonTopicListener] Member consumer-mastodonTopicListener-3-a2e3c56e-f5ff-426a-9d5b-5d35cae31eac sending LeaveGroup request to coordinator kafka-broker-1:9092 (id: 2147483646 rack: null) due to the consumer unsubscribed from all topics
2025-07-29 09:17:17 [mastodonTopicListener-1-C-1] INFO  o.a.k.c.c.i.ConsumerCoordinator - [Consumer clientId=consumer-mastodonTopicListener-2, groupId=mastodonTopicListener] Member consumer-mastodonTopicListener-2-ce3cdcf6-ca6a-4a54-bce2-476396ff232a sending LeaveGroup request to coordinator kafka-broker-1:9092 (id: 2147483646 rack: null) due to the consumer unsubscribed from all topics
2025-07-29 09:17:17 [mastodonTopicListener-0-C-1] INFO  o.a.k.c.c.i.ConsumerRebalanceListenerInvoker - [Consumer clientId=consumer-mastodonTopicListener-1, groupId=mastodonTopicListener] Revoke previously assigned partitions mastodon-topic-0
2025-07-29 09:17:17 [mastodonTopicListener-2-C-1] INFO  o.a.k.c.c.i.ConsumerCoordinator - [Consumer clientId=consumer-mastodonTopicListener-3, groupId=mastodonTopicListener] Resetting generation and member id due to: consumer pro-actively leaving the group
2025-07-29 09:17:17 [mastodonTopicListener-1-C-1] INFO  o.a.k.c.c.i.ConsumerCoordinator - [Consumer clientId=consumer-mastodonTopicListener-2, groupId=mastodonTopicListener] Resetting generation and member id due to: consumer pro-actively leaving the group
2025-07-29 09:17:17 [mastodonTopicListener-2-C-1] INFO  o.a.k.c.c.i.ConsumerCoordinator - [Consumer clientId=consumer-mastodonTopicListener-3, groupId=mastodonTopicListener] Request joining group due to: consumer pro-actively leaving the group
2025-07-29 09:17:17 [mastodonTopicListener-2-C-1] INFO  o.a.k.c.c.i.ClassicKafkaConsumer - [Consumer clientId=consumer-mastodonTopicListener-3, groupId=mastodonTopicListener] Unsubscribed all topics or patterns and assigned partitions
2025-07-29 09:17:17 [mastodonTopicListener-1-C-1] INFO  o.a.k.c.c.i.ConsumerCoordinator - [Consumer clientId=consumer-mastodonTopicListener-2, groupId=mastodonTopicListener] Request joining group due to: consumer pro-actively leaving the group
2025-07-29 09:17:17 [mastodonTopicListener-0-C-1] INFO  o.s.k.l.KafkaMessageListenerContainer - mastodonTopicListener: partitions revoked: [mastodon-topic-0]
2025-07-29 09:17:17 [mastodonTopicListener-0-C-1] INFO  o.a.k.c.c.i.ConsumerCoordinator - [Consumer clientId=consumer-mastodonTopicListener-1, groupId=mastodonTopicListener] Member consumer-mastodonTopicListener-1-addead59-4924-4f3a-8f57-43823da2a6b5 sending LeaveGroup request to coordinator kafka-broker-1:9092 (id: 2147483646 rack: null) due to the consumer unsubscribed from all topics
2025-07-29 09:17:17 [mastodonTopicListener-1-C-1] INFO  o.a.k.c.c.i.ClassicKafkaConsumer - [Consumer clientId=consumer-mastodonTopicListener-2, groupId=mastodonTopicListener] Unsubscribed all topics or patterns and assigned partitions
2025-07-29 09:17:17 [mastodonTopicListener-0-C-1] INFO  o.a.k.c.c.i.ConsumerCoordinator - [Consumer clientId=consumer-mastodonTopicListener-1, groupId=mastodonTopicListener] Resetting generation and member id due to: consumer pro-actively leaving the group
2025-07-29 09:17:17 [mastodonTopicListener-2-C-1] INFO  o.a.k.c.c.i.ConsumerCoordinator - [Consumer clientId=consumer-mastodonTopicListener-3, groupId=mastodonTopicListener] Resetting generation and member id due to: consumer pro-actively leaving the group
2025-07-29 09:17:17 [mastodonTopicListener-1-C-1] INFO  o.a.k.c.c.i.ConsumerCoordinator - [Consumer clientId=consumer-mastodonTopicListener-2, groupId=mastodonTopicListener] Resetting generation and member id due to: consumer pro-actively leaving the group
2025-07-29 09:17:17 [mastodonTopicListener-0-C-1] INFO  o.a.k.c.c.i.ConsumerCoordinator - [Consumer clientId=consumer-mastodonTopicListener-1, groupId=mastodonTopicListener] Request joining group due to: consumer pro-actively leaving the group
2025-07-29 09:17:17 [mastodonTopicListener-2-C-1] INFO  o.a.k.c.c.i.ConsumerCoordinator - [Consumer clientId=consumer-mastodonTopicListener-3, groupId=mastodonTopicListener] Request joining group due to: consumer pro-actively leaving the group
2025-07-29 09:17:17 [mastodonTopicListener-1-C-1] INFO  o.a.k.c.c.i.ConsumerCoordinator - [Consumer clientId=consumer-mastodonTopicListener-2, groupId=mastodonTopicListener] Request joining group due to: consumer pro-actively leaving the group
2025-07-29 09:17:17 [mastodonTopicListener-0-C-1] INFO  o.a.k.c.c.i.ClassicKafkaConsumer - [Consumer clientId=consumer-mastodonTopicListener-1, groupId=mastodonTopicListener] Unsubscribed all topics or patterns and assigned partitions
2025-07-29 09:17:17 [mastodonTopicListener-0-C-1] INFO  o.a.k.c.c.i.ConsumerCoordinator - [Consumer clientId=consumer-mastodonTopicListener-1, groupId=mastodonTopicListener] Resetting generation and member id due to: consumer pro-actively leaving the group
2025-07-29 09:17:17 [mastodonTopicListener-0-C-1] INFO  o.a.k.c.c.i.ConsumerCoordinator - [Consumer clientId=consumer-mastodonTopicListener-1, groupId=mastodonTopicListener] Request joining group due to: consumer pro-actively leaving the group
2025-07-29 09:17:17 [mastodonTopicListener-2-C-1] INFO  o.a.kafka.common.metrics.Metrics - Metrics scheduler closed
2025-07-29 09:17:17 [mastodonTopicListener-1-C-1] INFO  o.a.kafka.common.metrics.Metrics - Metrics scheduler closed
2025-07-29 09:17:17 [mastodonTopicListener-1-C-1] INFO  o.a.kafka.common.metrics.Metrics - Closing reporter org.apache.kafka.common.metrics.JmxReporter
2025-07-29 09:17:17 [mastodonTopicListener-2-C-1] INFO  o.a.kafka.common.metrics.Metrics - Closing reporter org.apache.kafka.common.metrics.JmxReporter
2025-07-29 09:17:17 [mastodonTopicListener-1-C-1] INFO  o.a.kafka.common.metrics.Metrics - Closing reporter org.apache.kafka.common.telemetry.internals.ClientTelemetryReporter
2025-07-29 09:17:17 [mastodonTopicListener-2-C-1] INFO  o.a.kafka.common.metrics.Metrics - Closing reporter org.apache.kafka.common.telemetry.internals.ClientTelemetryReporter
2025-07-29 09:17:17 [mastodonTopicListener-1-C-1] INFO  o.a.kafka.common.metrics.Metrics - Metrics reporters closed
2025-07-29 09:17:17 [mastodonTopicListener-2-C-1] INFO  o.a.kafka.common.metrics.Metrics - Metrics reporters closed
2025-07-29 09:17:17 [mastodonTopicListener-1-C-1] INFO  o.a.kafka.common.utils.AppInfoParser - App info kafka.consumer for consumer-mastodonTopicListener-2 unregistered
2025-07-29 09:17:17 [mastodonTopicListener-1-C-1] INFO  o.s.k.l.KafkaMessageListenerContainer - mastodonTopicListener: Consumer stopped
2025-07-29 09:17:17 [mastodonTopicListener-2-C-1] INFO  o.a.kafka.common.utils.AppInfoParser - App info kafka.consumer for consumer-mastodonTopicListener-3 unregistered
2025-07-29 09:17:17 [mastodonTopicListener-2-C-1] INFO  o.s.k.l.KafkaMessageListenerContainer - mastodonTopicListener: Consumer stopped
2025-07-29 09:17:17 [mastodonTopicListener-0-C-1] INFO  o.a.kafka.common.metrics.Metrics - Metrics scheduler closed
2025-07-29 09:17:17 [mastodonTopicListener-0-C-1] INFO  o.a.kafka.common.metrics.Metrics - Closing reporter org.apache.kafka.common.metrics.JmxReporter
2025-07-29 09:17:17 [mastodonTopicListener-0-C-1] INFO  o.a.kafka.common.metrics.Metrics - Closing reporter org.apache.kafka.common.telemetry.internals.ClientTelemetryReporter
2025-07-29 09:17:17 [mastodonTopicListener-0-C-1] INFO  o.a.kafka.common.metrics.Metrics - Metrics reporters closed
2025-07-29 09:17:17 [mastodonTopicListener-0-C-1] INFO  o.a.kafka.common.utils.AppInfoParser - App info kafka.consumer for consumer-mastodonTopicListener-1 unregistered
2025-07-29 09:17:17 [mastodonTopicListener-0-C-1] INFO  o.s.k.l.KafkaMessageListenerContainer - mastodonTopicListener: Consumer stopped
2025-07-29 09:17:17 [SpringApplicationShutdownHook] INFO  o.s.b.w.e.netty.GracefulShutdown - Commencing graceful shutdown. Waiting for active requests to complete
2025-07-29 09:17:17 [netty-shutdown] INFO  o.s.b.w.e.netty.GracefulShutdown - Graceful shutdown complete
2025-07-29 09:17:19 [kafka-admin-client-thread | adminclient-1] INFO  o.a.kafka.common.utils.AppInfoParser - App info kafka.admin.client for adminclient-1 unregistered
2025-07-29 09:17:19 [kafka-admin-client-thread | adminclient-1] INFO  o.a.kafka.common.metrics.Metrics - Metrics scheduler closed
2025-07-29 09:17:19 [kafka-admin-client-thread | adminclient-1] INFO  o.a.kafka.common.metrics.Metrics - Closing reporter org.apache.kafka.common.metrics.JmxReporter
2025-07-29 09:17:19 [kafka-admin-client-thread | adminclient-1] INFO  o.a.kafka.common.metrics.Metrics - Metrics reporters closed
